<?xml version="1.0" encoding="utf-8"?>
<TestRun id="884a01ee-0636-4831-85cb-5b5f4995685e" name="svelderr@USAUSLT-Z7DLW6G 2025-12-05 18:48:39" runUser="NI\svelderr" xmlns="http://microsoft.com/schemas/VisualStudio/TeamTest/2010">
  <Times creation="2025-12-05T18:48:39.8125480-08:00" queuing="2025-12-05T18:48:39.8125483-08:00" start="2025-12-05T18:48:39.2195465-08:00" finish="2025-12-05T18:48:39.8197059-08:00" />
  <TestSettings name="default" id="48bc21fc-66de-4b73-a911-2a97b94fc40e">
    <Deployment runDeploymentRoot="svelderr_USAUSLT-Z7DLW6G_2025-12-05_18_48_39" />
  </TestSettings>
  <Results>
    <UnitTestResult executionId="c7b94918-9e1d-4bb9-b62f-adcb19b130db" testId="ed379af6-884b-15de-ab30-19e5b5a3c6b5" testName="ValidateManifestTests.Checksum_mismatch_fails" computerName="USAUSLT-Z7DLW6G" duration="00:00:00.0038138" startTime="2025-12-05T18:48:39.7370304-08:00" endTime="2025-12-05T18:48:39.7370421-08:00" testType="13cdc9d9-ddb5-4fa4-a97d-d965ccfc6d4b" outcome="Passed" testListId="8c84fa94-04c1-424b-9868-57a2d4851a1d" relativeResultsDirectory="c7b94918-9e1d-4bb9-b62f-adcb19b130db" />
    <UnitTestResult executionId="f6d4e4fe-adb4-48ea-8a4b-14d36d3bd0db" testId="9ada9c21-dc68-0573-52a7-a2cd420372de" testName="ValidateManifestTests.Valid_manifest_passes" computerName="USAUSLT-Z7DLW6G" duration="00:00:00.0001896" startTime="2025-12-05T18:48:39.7389890-08:00" endTime="2025-12-05T18:48:39.7389890-08:00" testType="13cdc9d9-ddb5-4fa4-a97d-d965ccfc6d4b" outcome="Passed" testListId="8c84fa94-04c1-424b-9868-57a2d4851a1d" relativeResultsDirectory="f6d4e4fe-adb4-48ea-8a4b-14d36d3bd0db" />
    <UnitTestResult executionId="e3e5f549-289a-4656-87da-710c72f2d53f" testId="73dd60b2-dc3a-9b56-0271-ad9e24f909f5" testName="ValidateManifestTests.Missing_required_entry_fails" computerName="USAUSLT-Z7DLW6G" duration="00:00:00.0002097" startTime="2025-12-05T18:48:39.7388306-08:00" endTime="2025-12-05T18:48:39.7388306-08:00" testType="13cdc9d9-ddb5-4fa4-a97d-d965ccfc6d4b" outcome="Passed" testListId="8c84fa94-04c1-424b-9868-57a2d4851a1d" relativeResultsDirectory="e3e5f549-289a-4656-87da-710c72f2d53f" />
    <UnitTestResult executionId="b6ac4247-8bd0-49db-ade4-7ece3ce458a9" testId="11bb1d93-682f-eaa7-8720-1431a69b6412" testName="ValidateManifestTests.Missing_summary_file_fails" computerName="USAUSLT-Z7DLW6G" duration="00:00:00.0001807" startTime="2025-12-05T18:48:39.7390067-08:00" endTime="2025-12-05T18:48:39.7390068-08:00" testType="13cdc9d9-ddb5-4fa4-a97d-d965ccfc6d4b" outcome="Passed" testListId="8c84fa94-04c1-424b-9868-57a2d4851a1d" relativeResultsDirectory="b6ac4247-8bd0-49db-ade4-7ece3ce458a9" />
  </Results>
  <TestDefinitions>
    <UnitTest name="ValidateManifestTests.Missing_summary_file_fails" storage="c:\codex\home\runner\work\labview-icon-editor-fork\labview-icon-editor-fork\tooling\x-cli\tests\manifestvalidationtests\bin\debug\net8.0\manifestvalidationtests.dll" id="11bb1d93-682f-eaa7-8720-1431a69b6412">
      <Execution id="b6ac4247-8bd0-49db-ade4-7ece3ce458a9" />
      <TestMethod codeBase="C:\codex\home\runner\work\labview-icon-editor-fork\labview-icon-editor-fork\Tooling\x-cli\tests\ManifestValidationTests\bin\Debug\net8.0\ManifestValidationTests.dll" adapterTypeName="executor://xunit/VsTestRunner2/netcoreapp" className="ValidateManifestTests" name="Missing_summary_file_fails" />
    </UnitTest>
    <UnitTest name="ValidateManifestTests.Valid_manifest_passes" storage="c:\codex\home\runner\work\labview-icon-editor-fork\labview-icon-editor-fork\tooling\x-cli\tests\manifestvalidationtests\bin\debug\net8.0\manifestvalidationtests.dll" id="9ada9c21-dc68-0573-52a7-a2cd420372de">
      <Execution id="f6d4e4fe-adb4-48ea-8a4b-14d36d3bd0db" />
      <TestMethod codeBase="C:\codex\home\runner\work\labview-icon-editor-fork\labview-icon-editor-fork\Tooling\x-cli\tests\ManifestValidationTests\bin\Debug\net8.0\ManifestValidationTests.dll" adapterTypeName="executor://xunit/VsTestRunner2/netcoreapp" className="ValidateManifestTests" name="Valid_manifest_passes" />
    </UnitTest>
    <UnitTest name="ValidateManifestTests.Missing_required_entry_fails" storage="c:\codex\home\runner\work\labview-icon-editor-fork\labview-icon-editor-fork\tooling\x-cli\tests\manifestvalidationtests\bin\debug\net8.0\manifestvalidationtests.dll" id="73dd60b2-dc3a-9b56-0271-ad9e24f909f5">
      <Execution id="e3e5f549-289a-4656-87da-710c72f2d53f" />
      <TestMethod codeBase="C:\codex\home\runner\work\labview-icon-editor-fork\labview-icon-editor-fork\Tooling\x-cli\tests\ManifestValidationTests\bin\Debug\net8.0\ManifestValidationTests.dll" adapterTypeName="executor://xunit/VsTestRunner2/netcoreapp" className="ValidateManifestTests" name="Missing_required_entry_fails" />
    </UnitTest>
    <UnitTest name="ValidateManifestTests.Checksum_mismatch_fails" storage="c:\codex\home\runner\work\labview-icon-editor-fork\labview-icon-editor-fork\tooling\x-cli\tests\manifestvalidationtests\bin\debug\net8.0\manifestvalidationtests.dll" id="ed379af6-884b-15de-ab30-19e5b5a3c6b5">
      <Execution id="c7b94918-9e1d-4bb9-b62f-adcb19b130db" />
      <TestMethod codeBase="C:\codex\home\runner\work\labview-icon-editor-fork\labview-icon-editor-fork\Tooling\x-cli\tests\ManifestValidationTests\bin\Debug\net8.0\ManifestValidationTests.dll" adapterTypeName="executor://xunit/VsTestRunner2/netcoreapp" className="ValidateManifestTests" name="Checksum_mismatch_fails" />
    </UnitTest>
  </TestDefinitions>
  <TestEntries>
    <TestEntry testId="ed379af6-884b-15de-ab30-19e5b5a3c6b5" executionId="c7b94918-9e1d-4bb9-b62f-adcb19b130db" testListId="8c84fa94-04c1-424b-9868-57a2d4851a1d" />
    <TestEntry testId="9ada9c21-dc68-0573-52a7-a2cd420372de" executionId="f6d4e4fe-adb4-48ea-8a4b-14d36d3bd0db" testListId="8c84fa94-04c1-424b-9868-57a2d4851a1d" />
    <TestEntry testId="73dd60b2-dc3a-9b56-0271-ad9e24f909f5" executionId="e3e5f549-289a-4656-87da-710c72f2d53f" testListId="8c84fa94-04c1-424b-9868-57a2d4851a1d" />
    <TestEntry testId="11bb1d93-682f-eaa7-8720-1431a69b6412" executionId="b6ac4247-8bd0-49db-ade4-7ece3ce458a9" testListId="8c84fa94-04c1-424b-9868-57a2d4851a1d" />
  </TestEntries>
  <TestLists>
    <TestList name="Results Not in a List" id="8c84fa94-04c1-424b-9868-57a2d4851a1d" />
    <TestList name="All Loaded Results" id="19431567-8539-422a-85d7-44ee4e166bda" />
  </TestLists>
  <ResultSummary outcome="Completed">
    <Counters total="4" executed="4" passed="4" failed="0" error="0" timeout="0" aborted="0" inconclusive="0" passedButRunAborted="0" notRunnable="0" notExecuted="0" disconnected="0" warning="0" completed="0" inProgress="0" pending="0" />
    <Output>
      <StdOut>[xUnit.net 00:00:00.00] xUnit.net VSTest Adapter v2.5.0.1+5ebf84cd75 (64-bit .NET 8.0.22)&#xD;
[xUnit.net 00:00:00.05]   Discovering: ManifestValidationTests&#xD;
[xUnit.net 00:00:00.07]   Discovered:  ManifestValidationTests&#xD;
[xUnit.net 00:00:00.07]   Starting:    ManifestValidationTests&#xD;
[xUnit.net 00:00:00.11]   Finished:    ManifestValidationTests&#xD;
</StdOut>
    </Output>
  </ResultSummary>
</TestRun>