<?xml version="1.0" encoding="utf-8"?>
<TestRun id="4e8558ac-1b63-4a6d-9a3d-5f0d69fc5954" name="svelderr@USAUSLT-Z7DLW6G 2025-12-05 18:46:34" runUser="NI\svelderr" xmlns="http://microsoft.com/schemas/VisualStudio/TeamTest/2010">
  <Times creation="2025-12-05T18:46:34.6531596-08:00" queuing="2025-12-05T18:46:34.6531600-08:00" start="2025-12-05T18:46:32.5027761-08:00" finish="2025-12-05T18:48:35.2992750-08:00" />
  <TestSettings name="default" id="bb1afbb0-1808-48c9-a58e-0612d199c2d8">
    <Deployment runDeploymentRoot="svelderr_USAUSLT-Z7DLW6G_2025-12-05_18_46_34" />
  </TestSettings>
  <Results>
    <UnitTestResult executionId="8a57aec3-36a3-415e-8b86-758306de473e" testId="cb65190e-21ab-bb48-c7e8-62c081cede33" testName="SimulationTests.JsonConfigDelayOverridesEnv" computerName="USAUSLT-Z7DLW6G" duration="00:00:00.0075700" startTime="2025-12-05T18:48:07.6523509-08:00" endTime="2025-12-05T18:48:07.6523513-08:00" testType="13cdc9d9-ddb5-4fa4-a97d-d965ccfc6d4b" outcome="Passed" testListId="8c84fa94-04c1-424b-9868-57a2d4851a1d" relativeResultsDirectory="8a57aec3-36a3-415e-8b86-758306de473e" />
    <UnitTestResult executionId="9d860b8b-ef35-4099-9681-64471046aa7d" testId="b4add40a-0f29-3495-8c90-1dd10f84c6ff" testName="FGC-REQ-PERF-001: Subcommand completes within latency budget(sub: &quot;lunit&quot;)" computerName="USAUSLT-Z7DLW6G" duration="00:00:01.1142479" startTime="2025-12-05T18:46:43.1568280-08:00" endTime="2025-12-05T18:46:43.1568283-08:00" testType="13cdc9d9-ddb5-4fa4-a97d-d965ccfc6d4b" outcome="Passed" testListId="8c84fa94-04c1-424b-9868-57a2d4851a1d" relativeResultsDirectory="9d860b8b-ef35-4099-9681-64471046aa7d" />
    <UnitTestResult executionId="e0c9a6fe-0237-4125-81b5-5b36a9a01d88" testId="1524e326-f480-b763-6afb-f9b79e4f64b0" testName="LabviewDevmodeScenarioConfigTests.ScenarioOverridesCanBeAppliedPerOperationAndVersion" computerName="USAUSLT-Z7DLW6G" duration="00:00:02.5976982" startTime="2025-12-05T18:48:26.7087653-08:00" endTime="2025-12-05T18:48:26.7087656-08:00" testType="13cdc9d9-ddb5-4fa4-a97d-d965ccfc6d4b" outcome="Passed" testListId="8c84fa94-04c1-424b-9868-57a2d4851a1d" relativeResultsDirectory="e0c9a6fe-0237-4125-81b5-5b36a9a01d88" />
    <UnitTestResult executionId="85b9f32b-ca38-40ed-a004-c571fbd36db5" testId="37416699-e146-d309-499d-0b2a48acbde3" testName="CliTests.PassThroughPreserved" computerName="USAUSLT-Z7DLW6G" duration="00:00:00.5727572" startTime="2025-12-05T18:46:40.1483672-08:00" endTime="2025-12-05T18:46:40.1483679-08:00" testType="13cdc9d9-ddb5-4fa4-a97d-d965ccfc6d4b" outcome="Passed" testListId="8c84fa94-04c1-424b-9868-57a2d4851a1d" relativeResultsDirectory="85b9f32b-ca38-40ed-a004-c571fbd36db5" />
    <UnitTestResult executionId="718d2da8-d39f-4865-8a1d-91f7d4de07b5" testId="f64b8267-ef0c-411b-cab0-f3b40e6b0d3a" testName="LogReplayTests.Replay_PrintsVerbatimMessages_WithOriginalOrdering" computerName="USAUSLT-Z7DLW6G" duration="00:00:00.5991239" startTime="2025-12-05T18:48:17.7901457-08:00" endTime="2025-12-05T18:48:17.7901458-08:00" testType="13cdc9d9-ddb5-4fa4-a97d-d965ccfc6d4b" outcome="Passed" testListId="8c84fa94-04c1-424b-9868-57a2d4851a1d" relativeResultsDirectory="718d2da8-d39f-4865-8a1d-91f7d4de07b5" />
    <UnitTestResult executionId="bec4f8b4-4d95-43fa-83de-3815fa97b1f3" testId="71cbde24-462f-56b6-8756-3986843c50b0" testName="CliTests.SeparatorAfterSubcommandIsPayloadWithHelp" computerName="USAUSLT-Z7DLW6G" duration="00:00:00.0001074" startTime="2025-12-05T18:46:40.1497072-08:00" endTime="2025-12-05T18:46:40.1497074-08:00" testType="13cdc9d9-ddb5-4fa4-a97d-d965ccfc6d4b" outcome="Passed" testListId="8c84fa94-04c1-424b-9868-57a2d4851a1d" relativeResultsDirectory="bec4f8b4-4d95-43fa-83de-3815fa97b1f3" />
    <UnitTestResult executionId="fb53dbec-032c-48dc-9564-eac29b6a41eb" testId="f5a96481-4400-6ecb-8402-8005d3cf1314" testName="SimulationTests.DefaultSuccess(sub: &quot;clearlvcache&quot;)" computerName="USAUSLT-Z7DLW6G" duration="00:00:00.6240802" startTime="2025-12-05T18:47:55.4875670-08:00" endTime="2025-12-05T18:47:55.4875674-08:00" testType="13cdc9d9-ddb5-4fa4-a97d-d965ccfc6d4b" outcome="Passed" testListId="8c84fa94-04c1-424b-9868-57a2d4851a1d" relativeResultsDirectory="fb53dbec-032c-48dc-9564-eac29b6a41eb" />
    <UnitTestResult executionId="5ed9a0a7-cbb3-4b66-82be-66e029aada9c" testId="a86a7d05-206b-d5e6-2ec7-136bb5ac6d59" testName="LabviewDevmodeAbortScenarioTests.AbortScenarioSimulatesUserCancellation" computerName="USAUSLT-Z7DLW6G" duration="00:00:00.6861268" startTime="2025-12-05T18:48:31.4089779-08:00" endTime="2025-12-05T18:48:31.4089781-08:00" testType="13cdc9d9-ddb5-4fa4-a97d-d965ccfc6d4b" outcome="Passed" testListId="8c84fa94-04c1-424b-9868-57a2d4851a1d" relativeResultsDirectory="5ed9a0a7-cbb3-4b66-82be-66e029aada9c" />
    <UnitTestResult executionId="f8a91549-51cd-4f89-806f-704d2044a3a6" testId="88e9d54a-eda8-43e5-4b5f-6c7de8c70f30" testName="SimulationTests.DefaultSuccess(sub: &quot;vitester&quot;)" computerName="USAUSLT-Z7DLW6G" duration="00:00:00.7973716" startTime="2025-12-05T18:47:58.6091010-08:00" endTime="2025-12-05T18:47:58.6091014-08:00" testType="13cdc9d9-ddb5-4fa4-a97d-d965ccfc6d4b" outcome="Passed" testListId="8c84fa94-04c1-424b-9868-57a2d4851a1d" relativeResultsDirectory="f8a91549-51cd-4f89-806f-704d2044a3a6" />
    <UnitTestResult executionId="fca05272-7ff8-4af0-9bbb-6b4c30062e43" testId="17c1f851-1255-7c92-97f4-94e7fa5eb22b" testName="LoggingTests.AllInvocationsLoggedUnderHighContention" computerName="USAUSLT-Z7DLW6G" duration="00:00:00.9527646" startTime="2025-12-05T18:47:26.6099042-08:00" endTime="2025-12-05T18:47:26.6099045-08:00" testType="13cdc9d9-ddb5-4fa4-a97d-d965ccfc6d4b" outcome="Passed" testListId="8c84fa94-04c1-424b-9868-57a2d4851a1d" relativeResultsDirectory="fca05272-7ff8-4af0-9bbb-6b4c30062e43" />
    <UnitTestResult executionId="012b6eca-eae8-4db1-a414-9af7612ef7c3" testId="319aed33-9b5f-4fe8-7b9d-c980ef2132da" testName="SimulationTests.DefaultSuccess(sub: &quot;vip&quot;)" computerName="USAUSLT-Z7DLW6G" duration="00:00:00.5520882" startTime="2025-12-05T18:47:59.7321212-08:00" endTime="2025-12-05T18:47:59.7321215-08:00" testType="13cdc9d9-ddb5-4fa4-a97d-d965ccfc6d4b" outcome="Passed" testListId="8c84fa94-04c1-424b-9868-57a2d4851a1d" relativeResultsDirectory="012b6eca-eae8-4db1-a414-9af7612ef7c3" />
    <UnitTestResult executionId="3d18dccf-13af-4921-ac61-580948baa9a8" testId="880ae1af-9a24-c7fe-8c85-3be068763790" testName="SimulationTests.NegativeDelayOverriddenDoesNotWarn" computerName="USAUSLT-Z7DLW6G" duration="00:00:00.0025772" startTime="2025-12-05T18:48:16.4903766-08:00" endTime="2025-12-05T18:48:16.4903768-08:00" testType="13cdc9d9-ddb5-4fa4-a97d-d965ccfc6d4b" outcome="Passed" testListId="8c84fa94-04c1-424b-9868-57a2d4851a1d" relativeResultsDirectory="3d18dccf-13af-4921-ac61-580948baa9a8" />
    <UnitTestResult executionId="1d129f2f-7142-4d98-a815-22cf2d014b0b" testId="5f4a4fa4-ede1-6015-874a-f694b291a31c" testName="FGC-REQ-PERF-001: Subcommand completes within latency budget(sub: &quot;foo&quot;)" computerName="USAUSLT-Z7DLW6G" duration="00:00:01.0904773" startTime="2025-12-05T18:46:47.8313720-08:00" endTime="2025-12-05T18:46:47.8313723-08:00" testType="13cdc9d9-ddb5-4fa4-a97d-d965ccfc6d4b" outcome="Passed" testListId="8c84fa94-04c1-424b-9868-57a2d4851a1d" relativeResultsDirectory="1d129f2f-7142-4d98-a815-22cf2d014b0b" />
    <UnitTestResult executionId="7eaf78f4-c5ee-4421-8207-14d1c49e3bc6" testId="dbe79b59-84aa-89fc-7bb5-724499638b85" testName="SimulationTests.ExitCodeOutOfRangeClamped(configured: &quot;-1&quot;, expected: 1)" computerName="USAUSLT-Z7DLW6G" duration="00:00:00.8456327" startTime="2025-12-05T18:48:12.4177730-08:00" endTime="2025-12-05T18:48:12.4177733-08:00" testType="13cdc9d9-ddb5-4fa4-a97d-d965ccfc6d4b" outcome="Passed" testListId="8c84fa94-04c1-424b-9868-57a2d4851a1d" relativeResultsDirectory="7eaf78f4-c5ee-4421-8207-14d1c49e3bc6" />
    <UnitTestResult executionId="5250b61a-4a02-4e35-9f64-558b893e69ae" testId="b9ae6f9e-e6cf-c568-aae9-0dc636af0162" testName="SimulationTests.CommandConfigPartialOverrideUsesDefaults" computerName="USAUSLT-Z7DLW6G" duration="00:00:01.3382608" startTime="2025-12-05T18:48:15.1107107-08:00" endTime="2025-12-05T18:48:15.1107109-08:00" testType="13cdc9d9-ddb5-4fa4-a97d-d965ccfc6d4b" outcome="Passed" testListId="8c84fa94-04c1-424b-9868-57a2d4851a1d" relativeResultsDirectory="5250b61a-4a02-4e35-9f64-558b893e69ae" />
    <UnitTestResult executionId="0b2c70f8-55c1-40fc-9045-6fa5c85d2d56" testId="7ae0b544-d40b-459b-4895-650579bc1235" testName="SimulationTests.DefaultSuccess(sub: &quot;vi-compare-run&quot;)" computerName="USAUSLT-Z7DLW6G" duration="00:00:00.6154895" startTime="2025-12-05T18:47:57.8117472-08:00" endTime="2025-12-05T18:47:57.8117473-08:00" testType="13cdc9d9-ddb5-4fa4-a97d-d965ccfc6d4b" outcome="Passed" testListId="8c84fa94-04c1-424b-9868-57a2d4851a1d" relativeResultsDirectory="0b2c70f8-55c1-40fc-9045-6fa5c85d2d56" />
    <UnitTestResult executionId="1e9c1e4d-6633-4e07-8776-f9b07cec06cb" testId="21380fd8-41ea-0212-a701-07856bfb8e5d" testName="LoggingTests.UnwritablePathAbortsAfterMaxRetries" computerName="USAUSLT-Z7DLW6G" duration="00:00:00.0700508" startTime="2025-12-05T18:47:43.9775910-08:00" endTime="2025-12-05T18:47:43.9775912-08:00" testType="13cdc9d9-ddb5-4fa4-a97d-d965ccfc6d4b" outcome="Passed" testListId="8c84fa94-04c1-424b-9868-57a2d4851a1d" relativeResultsDirectory="1e9c1e4d-6633-4e07-8776-f9b07cec06cb" />
    <UnitTestResult executionId="1ee4d215-dcc8-426c-9a4d-0fdb461340c7" testId="29344894-7d2d-17f0-6a9f-43fd2c79a705" testName="FGC-REQ-SIM-002: Global failure via env produces stderr msg and non-zero exit code" computerName="USAUSLT-Z7DLW6G" duration="00:00:00.5601964" startTime="2025-12-05T18:47:22.4933778-08:00" endTime="2025-12-05T18:47:22.4933782-08:00" testType="13cdc9d9-ddb5-4fa4-a97d-d965ccfc6d4b" outcome="Passed" testListId="8c84fa94-04c1-424b-9868-57a2d4851a1d" relativeResultsDirectory="1ee4d215-dcc8-426c-9a4d-0fdb461340c7" />
    <UnitTestResult executionId="30cd6cc1-8807-40b5-96bd-b06ed988f866" testId="78a26ed7-f403-963b-1eda-1f927248d510" testName="FGC-REQ-SIM-003: Configuring exitCode=0 defaults to exit code 1" computerName="USAUSLT-Z7DLW6G" duration="00:00:00.5770286" startTime="2025-12-05T18:47:21.3689681-08:00" endTime="2025-12-05T18:47:21.3689682-08:00" testType="13cdc9d9-ddb5-4fa4-a97d-d965ccfc6d4b" outcome="Passed" testListId="8c84fa94-04c1-424b-9868-57a2d4851a1d" relativeResultsDirectory="30cd6cc1-8807-40b5-96bd-b06ed988f866" />
    <UnitTestResult executionId="3069dc5e-a70f-4941-98b7-faf12a96919e" testId="3604707b-16fb-bdf6-9c56-2330bf4cd4ab" testName="SimulationTests.ConfigPathMalformedJsonReportsError" computerName="USAUSLT-Z7DLW6G" duration="00:00:00.0028069" startTime="2025-12-05T18:48:08.2886735-08:00" endTime="2025-12-05T18:48:08.2886737-08:00" testType="13cdc9d9-ddb5-4fa4-a97d-d965ccfc6d4b" outcome="Passed" testListId="8c84fa94-04c1-424b-9868-57a2d4851a1d" relativeResultsDirectory="3069dc5e-a70f-4941-98b7-faf12a96919e" />
    <UnitTestResult executionId="e55f3a6f-ee51-4361-84ea-cf87ea7a6056" testId="050bab03-0702-4675-70cf-9683f27bbcba" testName="LoggingTests.MessageFieldReflectsOutcome" computerName="USAUSLT-Z7DLW6G" duration="00:00:01.6931773" startTime="2025-12-05T18:47:41.9337286-08:00" endTime="2025-12-05T18:47:41.9337288-08:00" testType="13cdc9d9-ddb5-4fa4-a97d-d965ccfc6d4b" outcome="Passed" testListId="8c84fa94-04c1-424b-9868-57a2d4851a1d" relativeResultsDirectory="e55f3a6f-ee51-4361-84ea-cf87ea7a6056" />
    <UnitTestResult executionId="8a8c9bf5-741c-4777-a0a1-f9e57c9a1ee6" testId="22716086-1785-6768-328c-6778961dc631" testName="SimulationTests.JsonConfigFailUsesEnvExitCodeAndMessage" computerName="USAUSLT-Z7DLW6G" duration="00:00:00.5655609" startTime="2025-12-05T18:48:05.2420925-08:00" endTime="2025-12-05T18:48:05.2420928-08:00" testType="13cdc9d9-ddb5-4fa4-a97d-d965ccfc6d4b" outcome="Passed" testListId="8c84fa94-04c1-424b-9868-57a2d4851a1d" relativeResultsDirectory="8a8c9bf5-741c-4777-a0a1-f9e57c9a1ee6" />
    <UnitTestResult executionId="67d9cb95-0efb-46c1-88a5-055bdd8c4798" testId="7938a6c9-7fd9-43a4-f1fc-f33572798382" testName="SimulationTests.DefaultSuccess(sub: &quot;localci-handshake&quot;)" computerName="USAUSLT-Z7DLW6G" duration="00:00:00.5513660" startTime="2025-12-05T18:48:01.8813729-08:00" endTime="2025-12-05T18:48:01.8813731-08:00" testType="13cdc9d9-ddb5-4fa4-a97d-d965ccfc6d4b" outcome="Passed" testListId="8c84fa94-04c1-424b-9868-57a2d4851a1d" relativeResultsDirectory="67d9cb95-0efb-46c1-88a5-055bdd8c4798" />
    <UnitTestResult executionId="110af168-792c-4f85-8a36-7c8335e058b3" testId="e3880053-677d-964c-ea2f-19ea591fefcc" testName="TelemetryValidateTests.Summary_Validate_WithSchema_Invalid" computerName="USAUSLT-Z7DLW6G" duration="00:00:00.7002294" startTime="2025-12-05T18:47:14.7735138-08:00" endTime="2025-12-05T18:47:14.7735144-08:00" testType="13cdc9d9-ddb5-4fa4-a97d-d965ccfc6d4b" outcome="Passed" testListId="8c84fa94-04c1-424b-9868-57a2d4851a1d" relativeResultsDirectory="110af168-792c-4f85-8a36-7c8335e058b3" />
    <UnitTestResult executionId="24fcf72a-ab82-4c10-bf3a-b177e7bc6054" testId="f8acac8e-59dc-6811-c509-2ff3f143658b" testName="CliTests.HelpListsSubcommandsRuleAndGlobals" computerName="USAUSLT-Z7DLW6G" duration="00:00:00.5623631" startTime="2025-12-05T18:46:39.0425572-08:00" endTime="2025-12-05T18:46:39.0425576-08:00" testType="13cdc9d9-ddb5-4fa4-a97d-d965ccfc6d4b" outcome="Passed" testListId="8c84fa94-04c1-424b-9868-57a2d4851a1d" relativeResultsDirectory="24fcf72a-ab82-4c10-bf3a-b177e7bc6054" />
    <UnitTestResult executionId="ba3a1fea-b89c-4b13-8cd2-1cb4f5ff3a25" testId="bcc05a4e-9ff4-43bc-6b26-035f939ba04e" testName="LoggingTests.CreatesDirectoryWhenMissing" computerName="USAUSLT-Z7DLW6G" duration="00:00:00.5790264" startTime="2025-12-05T18:47:44.6047051-08:00" endTime="2025-12-05T18:47:44.6047054-08:00" testType="13cdc9d9-ddb5-4fa4-a97d-d965ccfc6d4b" outcome="Passed" testListId="8c84fa94-04c1-424b-9868-57a2d4851a1d" relativeResultsDirectory="ba3a1fea-b89c-4b13-8cd2-1cb4f5ff3a25" />
    <UnitTestResult executionId="4c208a2f-ffca-47bd-8f72-b6305c6538b2" testId="4d4b5c55-fa36-24a0-3a63-676a7a6d7c07" testName="SimulationTests.GlobalFail" computerName="USAUSLT-Z7DLW6G" duration="00:00:00.6517941" startTime="2025-12-05T18:48:04.1542258-08:00" endTime="2025-12-05T18:48:04.1542260-08:00" testType="13cdc9d9-ddb5-4fa4-a97d-d965ccfc6d4b" outcome="Passed" testListId="8c84fa94-04c1-424b-9868-57a2d4851a1d" relativeResultsDirectory="4c208a2f-ffca-47bd-8f72-b6305c6538b2" />
    <UnitTestResult executionId="762e7ab2-e3e3-4b0c-9d2c-1c1b2a4c41e4" testId="b44a6040-eaab-2e3c-98ac-690154aaf6ba" testName="ProcessUtil Kill terminates child tree" computerName="USAUSLT-Z7DLW6G" duration="00:00:00.0516816" startTime="2025-12-05T18:47:12.3067502-08:00" endTime="2025-12-05T18:47:12.3067505-08:00" testType="13cdc9d9-ddb5-4fa4-a97d-d965ccfc6d4b" outcome="Passed" testListId="8c84fa94-04c1-424b-9868-57a2d4851a1d" relativeResultsDirectory="762e7ab2-e3e3-4b0c-9d2c-1c1b2a4c41e4" />
    <UnitTestResult executionId="2e6e28e9-c68e-4927-b5ed-608b2bb1d741" testId="d55c7acf-1ade-6636-ef57-caf1a3265631" testName="CliTests.SeparatorWithoutSubcommandFails" computerName="USAUSLT-Z7DLW6G" duration="00:00:00.6190944" startTime="2025-12-05T18:46:41.4564095-08:00" endTime="2025-12-05T18:46:41.4564098-08:00" testType="13cdc9d9-ddb5-4fa4-a97d-d965ccfc6d4b" outcome="Passed" testListId="8c84fa94-04c1-424b-9868-57a2d4851a1d" relativeResultsDirectory="2e6e28e9-c68e-4927-b5ed-608b2bb1d741" />
    <UnitTestResult executionId="73afe5ec-b070-4fc3-891d-c6a0c21aca78" testId="ba2fd82e-ebe7-2a59-252e-3a4fbbd91e7c" testName="FGC-REQ-PERF-001: Subcommand completes within latency budget(sub: &quot;echo&quot;)" computerName="USAUSLT-Z7DLW6G" duration="00:00:01.1786599" startTime="2025-12-05T18:47:09.8470693-08:00" endTime="2025-12-05T18:47:09.8470696-08:00" testType="13cdc9d9-ddb5-4fa4-a97d-d965ccfc6d4b" outcome="Passed" testListId="8c84fa94-04c1-424b-9868-57a2d4851a1d" relativeResultsDirectory="73afe5ec-b070-4fc3-891d-c6a0c21aca78" />
    <UnitTestResult executionId="ff0d77e5-8ea3-4cec-b74b-e31c7fe6a78a" testId="63178918-387b-5e02-3a1e-5a70f1029c48" testName="SecurityTests.IsolationGuardThrowsWhenSystemNetWebSocketsReferenced" computerName="USAUSLT-Z7DLW6G" duration="00:00:00.0933388" startTime="2025-12-05T18:47:24.7059243-08:00" endTime="2025-12-05T18:47:24.7059245-08:00" testType="13cdc9d9-ddb5-4fa4-a97d-d965ccfc6d4b" outcome="Passed" testListId="8c84fa94-04c1-424b-9868-57a2d4851a1d" relativeResultsDirectory="ff0d77e5-8ea3-4cec-b74b-e31c7fe6a78a" />
    <UnitTestResult executionId="9a4d3550-7c4a-4c60-8796-02448dde89b4" testId="bda94ca0-c4e8-7b6e-c25e-bf8411f4c416" testName="SimulationTests.ConfigPathPermissionDeniedReportsError" computerName="USAUSLT-Z7DLW6G" duration="00:00:00.0003379" startTime="2025-12-05T18:48:13.0666274-08:00" endTime="2025-12-05T18:48:13.0666276-08:00" testType="13cdc9d9-ddb5-4fa4-a97d-d965ccfc6d4b" outcome="Passed" testListId="8c84fa94-04c1-424b-9868-57a2d4851a1d" relativeResultsDirectory="9a4d3550-7c4a-4c60-8796-02448dde89b4" />
    <UnitTestResult executionId="1d557996-2407-4a94-9560-fcceeac446bd" testId="402fe9d9-d270-6986-d75f-f32c3269209a" testName="LoggingTests.NegativeOrZeroAttemptsRevertToDefault(value: &quot;-1&quot;)" computerName="USAUSLT-Z7DLW6G" duration="00:00:00.0004276" startTime="2025-12-05T18:47:26.7205539-08:00" endTime="2025-12-05T18:47:26.7205540-08:00" testType="13cdc9d9-ddb5-4fa4-a97d-d965ccfc6d4b" outcome="Passed" testListId="8c84fa94-04c1-424b-9868-57a2d4851a1d" relativeResultsDirectory="1d557996-2407-4a94-9560-fcceeac446bd" />
    <UnitTestResult executionId="b4498641-4008-4c18-8a00-760f18064aaf" testId="e926add4-b926-108e-defc-a1deb502c7d7" testName="TelemetryValidateTests.Events_Validate_WithSchema_Valid" computerName="USAUSLT-Z7DLW6G" duration="00:00:00.6573009" startTime="2025-12-05T18:47:13.2201265-08:00" endTime="2025-12-05T18:47:13.2201270-08:00" testType="13cdc9d9-ddb5-4fa4-a97d-d965ccfc6d4b" outcome="Passed" testListId="8c84fa94-04c1-424b-9868-57a2d4851a1d" relativeResultsDirectory="b4498641-4008-4c18-8a00-760f18064aaf" />
    <UnitTestResult executionId="aef69575-eb22-4f90-be6a-0becc7cecbe3" testId="45f6848b-b293-598c-ff37-b3c7ff7cac42" testName="FGC-REQ-ROB-003: Missing config path yields stderr error and non-zero exit" computerName="USAUSLT-Z7DLW6G" duration="00:00:00.5582504" startTime="2025-12-05T18:47:19.6931615-08:00" endTime="2025-12-05T18:47:19.6931617-08:00" testType="13cdc9d9-ddb5-4fa4-a97d-d965ccfc6d4b" outcome="Passed" testListId="8c84fa94-04c1-424b-9868-57a2d4851a1d" relativeResultsDirectory="aef69575-eb22-4f90-be6a-0becc7cecbe3" />
    <UnitTestResult executionId="f98ab54b-f706-4a64-a72b-c7baea25675a" testId="b7b37024-6892-5a4f-062c-a219200d6c8e" testName="ReverseCliTests.ReverseSubcommandPrintsAndLogs" computerName="USAUSLT-Z7DLW6G" duration="00:00:00.6738109" startTime="2025-12-05T18:48:30.7227102-08:00" endTime="2025-12-05T18:48:30.7227104-08:00" testType="13cdc9d9-ddb5-4fa4-a97d-d965ccfc6d4b" outcome="Passed" testListId="8c84fa94-04c1-424b-9868-57a2d4851a1d" relativeResultsDirectory="f98ab54b-f706-4a64-a72b-c7baea25675a" />
    <UnitTestResult executionId="95bee249-93e3-48a4-82e6-e3a00103fb9d" testId="6ea35d0e-126a-2c9b-74ef-805d963f8aff" testName="XCli.Tests.EchoTests.Execute_Null_Throws" computerName="USAUSLT-Z7DLW6G" duration="00:00:00.0002859" startTime="2025-12-05T18:47:25.0637624-08:00" endTime="2025-12-05T18:47:25.0637625-08:00" testType="13cdc9d9-ddb5-4fa4-a97d-d965ccfc6d4b" outcome="Passed" testListId="8c84fa94-04c1-424b-9868-57a2d4851a1d" relativeResultsDirectory="95bee249-93e3-48a4-82e6-e3a00103fb9d" />
    <UnitTestResult executionId="e5f8ee87-6ab4-4dcd-a069-da11afeeccc6" testId="0b9e2526-4a86-131b-b9ad-64a09da48eca" testName="SimulationTests.PerCommandFailWithCustomMessage" computerName="USAUSLT-Z7DLW6G" duration="00:00:00.6037230" startTime="2025-12-05T18:48:15.7794022-08:00" endTime="2025-12-05T18:48:15.7794024-08:00" testType="13cdc9d9-ddb5-4fa4-a97d-d965ccfc6d4b" outcome="Passed" testListId="8c84fa94-04c1-424b-9868-57a2d4851a1d" relativeResultsDirectory="e5f8ee87-6ab4-4dcd-a069-da11afeeccc6" />
    <UnitTestResult executionId="39a3d939-fa3f-4902-b16a-00cc5d1db750" testId="5e121166-cbaf-bcae-8d53-4899d0994e62" testName="SimulationTests.JsonConfigPerCommandExitCodeOutOfRangeClamped(configured: -1, expected: 1)" computerName="USAUSLT-Z7DLW6G" duration="00:00:00.5582922" startTime="2025-12-05T18:47:50.3016859-08:00" endTime="2025-12-05T18:47:50.3016861-08:00" testType="13cdc9d9-ddb5-4fa4-a97d-d965ccfc6d4b" outcome="Passed" testListId="8c84fa94-04c1-424b-9868-57a2d4851a1d" relativeResultsDirectory="39a3d939-fa3f-4902-b16a-00cc5d1db750" />
    <UnitTestResult executionId="00ad6314-c3c4-4069-9935-6b4121536dcd" testId="dd6c55a7-cf2b-033b-2c85-a43970a40d56" testName="LoggingTests.DebugModeSurfacesConsoleWriteErrors" computerName="USAUSLT-Z7DLW6G" duration="00:00:00.0010873" startTime="2025-12-05T18:47:40.2403728-08:00" endTime="2025-12-05T18:47:40.2403728-08:00" testType="13cdc9d9-ddb5-4fa4-a97d-d965ccfc6d4b" outcome="Passed" testListId="8c84fa94-04c1-424b-9868-57a2d4851a1d" relativeResultsDirectory="00ad6314-c3c4-4069-9935-6b4121536dcd" />
    <UnitTestResult executionId="6dc2ab76-903f-4618-a6cc-41b5322e6642" testId="b22178ea-3bc1-465e-e899-65f6e43ad0b7" testName="FGC-REQ-SIM-002: Empty per-command env disables global failure" computerName="USAUSLT-Z7DLW6G" duration="00:00:00.6031098" startTime="2025-12-05T18:47:23.0970448-08:00" endTime="2025-12-05T18:47:23.0970451-08:00" testType="13cdc9d9-ddb5-4fa4-a97d-d965ccfc6d4b" outcome="Passed" testListId="8c84fa94-04c1-424b-9868-57a2d4851a1d" relativeResultsDirectory="6dc2ab76-903f-4618-a6cc-41b5322e6642" />
    <UnitTestResult executionId="c27b9c7b-3fb7-414c-ac18-97e8277ecae8" testId="e1732680-3811-8b5b-9e0b-cd826d7f79ef" testName="FGC-REQ-PERF-001: Subcommand completes within latency budget(sub: &quot;vitester&quot;)" computerName="USAUSLT-Z7DLW6G" duration="00:00:01.2383112" startTime="2025-12-05T18:46:54.8997155-08:00" endTime="2025-12-05T18:46:54.8997158-08:00" testType="13cdc9d9-ddb5-4fa4-a97d-d965ccfc6d4b" outcome="Passed" testListId="8c84fa94-04c1-424b-9868-57a2d4851a1d" relativeResultsDirectory="c27b9c7b-3fb7-414c-ac18-97e8277ecae8" />
    <UnitTestResult executionId="c7560d1a-13cb-4d60-8c6c-08ac8d11cd5a" testId="ce4d6768-6d0e-8ca1-2b37-13f5726aaffd" testName="XCli.Tests.FooTests.Execute_Null_Throws" computerName="USAUSLT-Z7DLW6G" duration="00:00:00.0001729" startTime="2025-12-05T18:47:25.6566719-08:00" endTime="2025-12-05T18:47:25.6566720-08:00" testType="13cdc9d9-ddb5-4fa4-a97d-d965ccfc6d4b" outcome="Passed" testListId="8c84fa94-04c1-424b-9868-57a2d4851a1d" relativeResultsDirectory="c7560d1a-13cb-4d60-8c6c-08ac8d11cd5a" />
    <UnitTestResult executionId="00c38dc8-e5e3-49e8-ba0b-c112080dc31a" testId="f1cdde7a-c97b-592a-eadd-ed3de3686c81" testName="FGC-REQ-PERF-001: Subcommand completes within latency budget(sub: &quot;vi-compare-run&quot;)" computerName="USAUSLT-Z7DLW6G" duration="00:00:01.1293476" startTime="2025-12-05T18:47:12.1295658-08:00" endTime="2025-12-05T18:47:12.1295661-08:00" testType="13cdc9d9-ddb5-4fa4-a97d-d965ccfc6d4b" outcome="Passed" testListId="8c84fa94-04c1-424b-9868-57a2d4851a1d" relativeResultsDirectory="00c38dc8-e5e3-49e8-ba0b-c112080dc31a" />
    <UnitTestResult executionId="4860b091-58d9-4815-8d43-234397805e85" testId="9be80d81-4a99-b8e3-76a7-28977ba44ad7" testName="Env.GetWithPrefix - returns only matching keys (case-insensitive) with null normalized to empty" computerName="USAUSLT-Z7DLW6G" duration="00:00:00.0031731" startTime="2025-12-05T18:47:12.1423156-08:00" endTime="2025-12-05T18:47:12.1423159-08:00" testType="13cdc9d9-ddb5-4fa4-a97d-d965ccfc6d4b" outcome="Passed" testListId="8c84fa94-04c1-424b-9868-57a2d4851a1d" relativeResultsDirectory="4860b091-58d9-4815-8d43-234397805e85" />
    <UnitTestResult executionId="f816e731-d255-4883-9ca2-0d834ff52e46" testId="cdfd29e3-d81f-b60d-77cb-7af206a0a255" testName="FGC-REQ-PERF-001: Subcommand completes within latency budget(sub: &quot;lvbuildspec&quot;)" computerName="USAUSLT-Z7DLW6G" duration="00:00:01.1316787" startTime="2025-12-05T18:47:03.3355698-08:00" endTime="2025-12-05T18:47:03.3355700-08:00" testType="13cdc9d9-ddb5-4fa4-a97d-d965ccfc6d4b" outcome="Passed" testListId="8c84fa94-04c1-424b-9868-57a2d4851a1d" relativeResultsDirectory="f816e731-d255-4883-9ca2-0d834ff52e46" />
    <UnitTestResult executionId="96f92da0-ac31-4699-b00b-f42d0052dc5f" testId="6c33c69c-ddf2-c565-8030-e00be6697540" testName="CliTests.HelpAfterSubcommandIsPayload" computerName="USAUSLT-Z7DLW6G" duration="00:00:00.0001070" startTime="2025-12-05T18:46:42.0414593-08:00" endTime="2025-12-05T18:46:42.0414594-08:00" testType="13cdc9d9-ddb5-4fa4-a97d-d965ccfc6d4b" outcome="Passed" testListId="8c84fa94-04c1-424b-9868-57a2d4851a1d" relativeResultsDirectory="96f92da0-ac31-4699-b00b-f42d0052dc5f" />
    <UnitTestResult executionId="eb7e6688-ec23-4de3-919c-a92417ecc3da" testId="dfa017d8-7953-a1d0-1563-bd70cfcc6bad" testName="LoggingTests.NegativeOrZeroAttemptsRevertToDefault(value: &quot;0&quot;)" computerName="USAUSLT-Z7DLW6G" duration="00:00:00.0003188" startTime="2025-12-05T18:47:26.7212178-08:00" endTime="2025-12-05T18:47:26.7212179-08:00" testType="13cdc9d9-ddb5-4fa4-a97d-d965ccfc6d4b" outcome="Passed" testListId="8c84fa94-04c1-424b-9868-57a2d4851a1d" relativeResultsDirectory="eb7e6688-ec23-4de3-919c-a92417ecc3da" />
    <UnitTestResult executionId="002635a4-3515-4423-9121-acb16e526665" testId="7b83783f-bb76-b772-a316-5d17f4af3476" testName="CliTests.VersionAfterSubcommandIsPayload" computerName="USAUSLT-Z7DLW6G" duration="00:00:00.0003336" startTime="2025-12-05T18:46:40.1490912-08:00" endTime="2025-12-05T18:46:40.1490913-08:00" testType="13cdc9d9-ddb5-4fa4-a97d-d965ccfc6d4b" outcome="Passed" testListId="8c84fa94-04c1-424b-9868-57a2d4851a1d" relativeResultsDirectory="002635a4-3515-4423-9121-acb16e526665" />
    <UnitTestResult executionId="a3a4291b-6472-4fb3-9d54-5c32fd61209b" testId="857a1264-57ef-3f14-1c97-2e79ca02ed06" testName="SecurityTests.IsolationGuardThrowsWhenMixedCaseNetworkAssemblyReferenced" computerName="USAUSLT-Z7DLW6G" duration="00:00:00.0002120" startTime="2025-12-05T18:47:24.9550324-08:00" endTime="2025-12-05T18:47:24.9550325-08:00" testType="13cdc9d9-ddb5-4fa4-a97d-d965ccfc6d4b" outcome="Passed" testListId="8c84fa94-04c1-424b-9868-57a2d4851a1d" relativeResultsDirectory="a3a4291b-6472-4fb3-9d54-5c32fd61209b" />
    <UnitTestResult executionId="07ace5b9-8500-4918-ac62-aa8f79c8f736" testId="59e99948-ad20-7f50-63fc-8036889165a6" testName="Env.Refresh rebuilds cache after variable change" computerName="USAUSLT-Z7DLW6G" duration="00:00:00.0004084" startTime="2025-12-05T18:47:12.1325759-08:00" endTime="2025-12-05T18:47:12.1325759-08:00" testType="13cdc9d9-ddb5-4fa4-a97d-d965ccfc6d4b" outcome="Passed" testListId="8c84fa94-04c1-424b-9868-57a2d4851a1d" relativeResultsDirectory="07ace5b9-8500-4918-ac62-aa8f79c8f736" />
    <UnitTestResult executionId="f9d826f3-c4c2-4ade-8946-f591ebf1ed88" testId="1f2b9fb4-df7f-9f73-aced-1106b8df64fd" testName="SimulationTests.DefaultSuccess(sub: &quot;srs&quot;)" computerName="USAUSLT-Z7DLW6G" duration="00:00:00.6023672" startTime="2025-12-05T18:47:57.1960882-08:00" endTime="2025-12-05T18:47:57.1960884-08:00" testType="13cdc9d9-ddb5-4fa4-a97d-d965ccfc6d4b" outcome="Passed" testListId="8c84fa94-04c1-424b-9868-57a2d4851a1d" relativeResultsDirectory="f9d826f3-c4c2-4ade-8946-f591ebf1ed88" />
    <UnitTestResult executionId="a30031f2-2120-42af-bcb5-f2e47c326b96" testId="b345d58a-5b0e-0a83-eaab-d101ad0cadba" testName="EchoCliTests.EchoSubcommandPrintsAndLogs" computerName="USAUSLT-Z7DLW6G" duration="00:00:00.5411626" startTime="2025-12-05T18:47:47.9081525-08:00" endTime="2025-12-05T18:47:47.9081527-08:00" testType="13cdc9d9-ddb5-4fa4-a97d-d965ccfc6d4b" outcome="Passed" testListId="8c84fa94-04c1-424b-9868-57a2d4851a1d" relativeResultsDirectory="a30031f2-2120-42af-bcb5-f2e47c326b96" />
    <UnitTestResult executionId="7d5d12f3-5c09-421b-83c6-f6509ee5aea2" testId="6c7cd210-3f32-90ba-f484-96ee6235eb94" testName="CliTests.EnvGetProcessNameMatchesEnvironment" computerName="USAUSLT-Z7DLW6G" duration="00:00:00.0004779" startTime="2025-12-05T18:46:40.1503187-08:00" endTime="2025-12-05T18:46:40.1503188-08:00" testType="13cdc9d9-ddb5-4fa4-a97d-d965ccfc6d4b" outcome="Passed" testListId="8c84fa94-04c1-424b-9868-57a2d4851a1d" relativeResultsDirectory="7d5d12f3-5c09-421b-83c6-f6509ee5aea2" />
    <UnitTestResult executionId="2ccf692e-282c-43cb-b7c7-d075d71d4e81" testId="65fa1b58-6c4e-ab6e-0142-817e3cca7292" testName="Env helpers treat names case-insensitively" computerName="USAUSLT-Z7DLW6G" duration="00:00:00.0005874" startTime="2025-12-05T18:47:12.1462752-08:00" endTime="2025-12-05T18:47:12.1462753-08:00" testType="13cdc9d9-ddb5-4fa4-a97d-d965ccfc6d4b" outcome="Passed" testListId="8c84fa94-04c1-424b-9868-57a2d4851a1d" relativeResultsDirectory="2ccf692e-282c-43cb-b7c7-d075d71d4e81" />
    <UnitTestResult executionId="34bdd3e9-e93b-4b46-ad8f-2b3a23b84de7" testId="8272c605-1505-635c-e3b6-4d1e72b29cf6" testName="SimulationTests.DefaultSuccess(sub: &quot;lvbuildspec&quot;)" computerName="USAUSLT-Z7DLW6G" duration="00:00:00.5420353" startTime="2025-12-05T18:48:03.5039395-08:00" endTime="2025-12-05T18:48:03.5039399-08:00" testType="13cdc9d9-ddb5-4fa4-a97d-d965ccfc6d4b" outcome="Passed" testListId="8c84fa94-04c1-424b-9868-57a2d4851a1d" relativeResultsDirectory="34bdd3e9-e93b-4b46-ad8f-2b3a23b84de7" />
    <UnitTestResult executionId="cf7fd7a6-2ae9-411b-aae1-73ea0b40a206" testId="cae56e6f-e4be-5805-4dde-7b100421aafc" testName="FGC-REQ-PERF-001: Subcommand completes within latency budget(sub: &quot;vi-compare-verify&quot;)" computerName="USAUSLT-Z7DLW6G" duration="00:00:01.7883099" startTime="2025-12-05T18:47:08.6682310-08:00" endTime="2025-12-05T18:47:08.6682313-08:00" testType="13cdc9d9-ddb5-4fa4-a97d-d965ccfc6d4b" outcome="Passed" testListId="8c84fa94-04c1-424b-9868-57a2d4851a1d" relativeResultsDirectory="cf7fd7a6-2ae9-411b-aae1-73ea0b40a206" />
    <UnitTestResult executionId="90e24428-7779-484c-8931-4502870acd2d" testId="206ba36c-3739-e3b2-039b-88cbf350f19b" testName="LabviewDevmodeToolchainScenarioTests.LvVersionUnsupportedScenarioSetsToolchainErrorAndFails" computerName="USAUSLT-Z7DLW6G" duration="00:00:00.6035291" startTime="2025-12-05T18:47:48.5117311-08:00" endTime="2025-12-05T18:47:48.5117314-08:00" testType="13cdc9d9-ddb5-4fa4-a97d-d965ccfc6d4b" outcome="Passed" testListId="8c84fa94-04c1-424b-9868-57a2d4851a1d" relativeResultsDirectory="90e24428-7779-484c-8931-4502870acd2d" />
    <UnitTestResult executionId="98430045-ebc2-489f-aa97-d17a413ea3c0" testId="e787c4fe-844b-76b2-2f86-8982d0344e44" testName="SimulationTests.DefaultSuccess(sub: &quot;switcheroo&quot;)" computerName="USAUSLT-Z7DLW6G" duration="00:00:00.5231478" startTime="2025-12-05T18:48:00.7943280-08:00" endTime="2025-12-05T18:48:00.7943282-08:00" testType="13cdc9d9-ddb5-4fa4-a97d-d965ccfc6d4b" outcome="Passed" testListId="8c84fa94-04c1-424b-9868-57a2d4851a1d" relativeResultsDirectory="98430045-ebc2-489f-aa97-d17a413ea3c0" />
    <UnitTestResult executionId="337a3f54-3f11-4396-9295-d5ec67de487b" testId="e408dac2-5dc7-21c4-7520-42d394feb312" testName="LoggingTests.HelperRetriesUntilFailure" computerName="USAUSLT-Z7DLW6G" duration="00:00:00.0480178" startTime="2025-12-05T18:47:44.0256565-08:00" endTime="2025-12-05T18:47:44.0256567-08:00" testType="13cdc9d9-ddb5-4fa4-a97d-d965ccfc6d4b" outcome="Passed" testListId="8c84fa94-04c1-424b-9868-57a2d4851a1d" relativeResultsDirectory="337a3f54-3f11-4396-9295-d5ec67de487b" />
    <UnitTestResult executionId="b8cb46ad-5ed6-48f1-9bc3-e21e47813696" testId="4504152f-2119-158c-5d7b-884d43fd39b4" testName="FGC-REQ-PERF-001: Subcommand completes within latency budget(sub: &quot;vipmcli-build&quot;)" computerName="USAUSLT-Z7DLW6G" duration="00:00:01.1096209" startTime="2025-12-05T18:46:52.3889566-08:00" endTime="2025-12-05T18:46:52.3889576-08:00" testType="13cdc9d9-ddb5-4fa4-a97d-d965ccfc6d4b" outcome="Passed" testListId="8c84fa94-04c1-424b-9868-57a2d4851a1d" relativeResultsDirectory="b8cb46ad-5ed6-48f1-9bc3-e21e47813696" />
    <UnitTestResult executionId="04bfff3e-36bd-44c0-8bf7-de2bd7458209" testId="6bc4bf05-fb91-ca5d-3c7f-0620289f70db" testName="SimulationTests.UnreadableJsonConfigShowsPermissionDenied" computerName="USAUSLT-Z7DLW6G" duration="00:00:00.0002635" startTime="2025-12-05T18:48:04.6766690-08:00" endTime="2025-12-05T18:48:04.6766690-08:00" testType="13cdc9d9-ddb5-4fa4-a97d-d965ccfc6d4b" outcome="Passed" testListId="8c84fa94-04c1-424b-9868-57a2d4851a1d" relativeResultsDirectory="04bfff3e-36bd-44c0-8bf7-de2bd7458209" />
    <UnitTestResult executionId="ad83ee58-bc9d-4b15-b93e-c73dfb574da8" testId="5ce8023f-da75-a240-14f6-6aac332b1e9e" testName="SimulationTests.JsonConfigOverridesEnv" computerName="USAUSLT-Z7DLW6G" duration="00:00:00.7150488" startTime="2025-12-05T18:48:11.5716102-08:00" endTime="2025-12-05T18:48:11.5716105-08:00" testType="13cdc9d9-ddb5-4fa4-a97d-d965ccfc6d4b" outcome="Passed" testListId="8c84fa94-04c1-424b-9868-57a2d4851a1d" relativeResultsDirectory="ad83ee58-bc9d-4b15-b93e-c73dfb574da8" />
    <UnitTestResult executionId="9b8c7e41-b52d-4666-a28b-0e2328b28dc2" testId="ba6d3cee-dce1-c57f-76b9-f4f9b2b38e4f" testName="SecurityTests.NoSystemNetReferencesAndNoProcessStartCalls" computerName="USAUSLT-Z7DLW6G" duration="00:00:00.0248161" startTime="2025-12-05T18:47:24.8327418-08:00" endTime="2025-12-05T18:47:24.8327420-08:00" testType="13cdc9d9-ddb5-4fa4-a97d-d965ccfc6d4b" outcome="Passed" testListId="8c84fa94-04c1-424b-9868-57a2d4851a1d" relativeResultsDirectory="9b8c7e41-b52d-4666-a28b-0e2328b28dc2" />
    <UnitTestResult executionId="1cec8895-816d-486b-80f5-76bfde8c8601" testId="c49e6358-1ce2-3bf0-0ae0-b7376d80a6e7" testName="XCli.Tests.ReverseTests.Execute_Null_Throws" computerName="USAUSLT-Z7DLW6G" duration="00:00:00.0006368" startTime="2025-12-05T18:46:35.4867743-08:00" endTime="2025-12-05T18:46:35.4867744-08:00" testType="13cdc9d9-ddb5-4fa4-a97d-d965ccfc6d4b" outcome="Passed" testListId="8c84fa94-04c1-424b-9868-57a2d4851a1d" relativeResultsDirectory="1cec8895-816d-486b-80f5-76bfde8c8601" />
    <UnitTestResult executionId="902c4ab1-7670-4d50-aa62-ab47bfc39c7d" testId="3547c79e-df87-f8c9-0d4d-788b9ae8ae07" testName="SimulationTests.ExecuteHonorsConfiguredDelay" computerName="USAUSLT-Z7DLW6G" duration="00:00:00.0669619" startTime="2025-12-05T18:48:10.8565596-08:00" endTime="2025-12-05T18:48:10.8565599-08:00" testType="13cdc9d9-ddb5-4fa4-a97d-d965ccfc6d4b" outcome="Passed" testListId="8c84fa94-04c1-424b-9868-57a2d4851a1d" relativeResultsDirectory="902c4ab1-7670-4d50-aa62-ab47bfc39c7d" />
    <UnitTestResult executionId="07bfdad7-59e5-4a17-b7b8-dcb5eaa90fdc" testId="5a32b72e-e417-62f7-44db-f09a4c7c8632" testName="LabviewDevmodeScenarioConfigTests.MatrixScenarioUsesConfigForVersionBitnessOutcomes" computerName="USAUSLT-Z7DLW6G" duration="00:00:01.3951807" startTime="2025-12-05T18:48:28.7841753-08:00" endTime="2025-12-05T18:48:28.7841755-08:00" testType="13cdc9d9-ddb5-4fa4-a97d-d965ccfc6d4b" outcome="Passed" testListId="8c84fa94-04c1-424b-9868-57a2d4851a1d" relativeResultsDirectory="07bfdad7-59e5-4a17-b7b8-dcb5eaa90fdc" />
    <UnitTestResult executionId="acd0b04f-2ba0-4473-b45a-6c018085d019" testId="bee3a747-e115-7e18-eddd-1d8ac6823a9c" testName="TelemetryCliTests.Check_Gates_On_Total_And_PerStep" computerName="USAUSLT-Z7DLW6G" duration="00:00:02.1207921" startTime="2025-12-05T18:48:35.2343680-08:00" endTime="2025-12-05T18:48:35.2343683-08:00" testType="13cdc9d9-ddb5-4fa4-a97d-d965ccfc6d4b" outcome="Passed" testListId="8c84fa94-04c1-424b-9868-57a2d4851a1d" relativeResultsDirectory="acd0b04f-2ba0-4473-b45a-6c018085d019" />
    <UnitTestResult executionId="6d006ad5-a5ca-4beb-be18-ceae8426f31b" testId="0269f379-97ff-b420-7397-8e42ffccd6bb" testName="CliTests.VersionMatchesBaseVersion" computerName="USAUSLT-Z7DLW6G" duration="00:00:00.5827485" startTime="2025-12-05T18:46:42.0396592-08:00" endTime="2025-12-05T18:46:42.0396594-08:00" testType="13cdc9d9-ddb5-4fa4-a97d-d965ccfc6d4b" outcome="Passed" testListId="8c84fa94-04c1-424b-9868-57a2d4851a1d" relativeResultsDirectory="6d006ad5-a5ca-4beb-be18-ceae8426f31b" />
    <UnitTestResult executionId="3323dc45-3554-464b-bced-2856d9a7c0f5" testId="f1745188-4c41-4a57-e5f2-cf8354f05229" testName="FGC-REQ-PERF-001: Subcommand completes within latency budget(sub: &quot;localci-handshake&quot;)" computerName="USAUSLT-Z7DLW6G" duration="00:00:01.1514769" startTime="2025-12-05T18:47:10.9991045-08:00" endTime="2025-12-05T18:47:10.9991047-08:00" testType="13cdc9d9-ddb5-4fa4-a97d-d965ccfc6d4b" outcome="Passed" testListId="8c84fa94-04c1-424b-9868-57a2d4851a1d" relativeResultsDirectory="3323dc45-3554-464b-bced-2856d9a7c0f5" />
    <UnitTestResult executionId="0737a898-8879-48eb-b28c-7fa510ebde5d" testId="4e4283e9-23ae-93d7-71e7-b9ebacbc0021" testName="LabviewDevmodeScenarioConfigTests.ScenarioConfigInvalidJsonLogsErrorAndFallsBack" computerName="USAUSLT-Z7DLW6G" duration="00:00:00.6796727" startTime="2025-12-05T18:48:27.3887281-08:00" endTime="2025-12-05T18:48:27.3887283-08:00" testType="13cdc9d9-ddb5-4fa4-a97d-d965ccfc6d4b" outcome="Passed" testListId="8c84fa94-04c1-424b-9868-57a2d4851a1d" relativeResultsDirectory="0737a898-8879-48eb-b28c-7fa510ebde5d" />
    <UnitTestResult executionId="903c2060-e1a3-40ff-bbc7-03f8a072ebf7" testId="cf77f9ce-3e6f-3929-ab8a-9f83fa1db03c" testName="SimulationTests.NegativeDelayIgnoredAndWarns" computerName="USAUSLT-Z7DLW6G" duration="00:00:00.0078822" startTime="2025-12-05T18:48:06.9707994-08:00" endTime="2025-12-05T18:48:06.9707995-08:00" testType="13cdc9d9-ddb5-4fa4-a97d-d965ccfc6d4b" outcome="Passed" testListId="8c84fa94-04c1-424b-9868-57a2d4851a1d" relativeResultsDirectory="903c2060-e1a3-40ff-bbc7-03f8a072ebf7" />
    <UnitTestResult executionId="5f6ad7b2-0e19-4af7-854c-13a4264d2937" testId="082ece73-6aea-5b61-709a-780df3459066" testName="SimulationTests.DefaultSuccess(sub: &quot;vipm-apply-vipc&quot;)" computerName="USAUSLT-Z7DLW6G" duration="00:00:00.5709459" startTime="2025-12-05T18:47:59.1800081-08:00" endTime="2025-12-05T18:47:59.1800082-08:00" testType="13cdc9d9-ddb5-4fa4-a97d-d965ccfc6d4b" outcome="Passed" testListId="8c84fa94-04c1-424b-9868-57a2d4851a1d" relativeResultsDirectory="5f6ad7b2-0e19-4af7-854c-13a4264d2937" />
    <UnitTestResult executionId="f6450256-c999-4d97-8279-18809af11745" testId="b27b98bd-3f89-eaa2-8aac-4d48e3793cb0" testName="UpperCliTests.UpperSubcommandPrintsAndLogs" computerName="USAUSLT-Z7DLW6G" duration="00:00:00.5923277" startTime="2025-12-05T18:47:25.6557750-08:00" endTime="2025-12-05T18:47:25.6557752-08:00" testType="13cdc9d9-ddb5-4fa4-a97d-d965ccfc6d4b" outcome="Passed" testListId="8c84fa94-04c1-424b-9868-57a2d4851a1d" relativeResultsDirectory="f6450256-c999-4d97-8279-18809af11745" />
    <UnitTestResult executionId="e47e0f99-c860-4e95-a6c4-09414eb8414d" testId="85249463-1230-e491-8a9c-149a0c610bc1" testName="EndToEndTests.NoSideEffectsExceptLog" computerName="USAUSLT-Z7DLW6G" duration="00:00:00.5578581" startTime="2025-12-05T18:47:47.1913198-08:00" endTime="2025-12-05T18:47:47.1913199-08:00" testType="13cdc9d9-ddb5-4fa4-a97d-d965ccfc6d4b" outcome="Passed" testListId="8c84fa94-04c1-424b-9868-57a2d4851a1d" relativeResultsDirectory="e47e0f99-c860-4e95-a6c4-09414eb8414d" />
    <UnitTestResult executionId="f4e1a661-c1ef-4ee1-84b4-9eb7168c8d36" testId="3f589b3b-66a9-5fbf-de39-f2996a7fe554" testName="FGC-REQ-PERF-001: Subcommand completes within latency budget(sub: &quot;clearlvcache&quot;)" computerName="USAUSLT-Z7DLW6G" duration="00:00:01.1801838" startTime="2025-12-05T18:46:59.9367761-08:00" endTime="2025-12-05T18:46:59.9367766-08:00" testType="13cdc9d9-ddb5-4fa4-a97d-d965ccfc6d4b" outcome="Passed" testListId="8c84fa94-04c1-424b-9868-57a2d4851a1d" relativeResultsDirectory="f4e1a661-c1ef-4ee1-84b4-9eb7168c8d36" />
    <UnitTestResult executionId="b78f2852-8d84-46ae-92f4-ed1de2933495" testId="0ea66333-3d59-582f-6123-774adb51ad97" testName="SimulationTests.JsonConfigPerCommandExitCodeOutOfRangeClamped(configured: 999, expected: 255)" computerName="USAUSLT-Z7DLW6G" duration="00:00:00.5611196" startTime="2025-12-05T18:47:50.8628037-08:00" endTime="2025-12-05T18:47:50.8628040-08:00" testType="13cdc9d9-ddb5-4fa4-a97d-d965ccfc6d4b" outcome="Passed" testListId="8c84fa94-04c1-424b-9868-57a2d4851a1d" relativeResultsDirectory="b78f2852-8d84-46ae-92f4-ed1de2933495" />
    <UnitTestResult executionId="963cdb28-f67a-4103-910d-0f38fe71e87b" testId="7ff78dc8-36b9-6c10-029f-e5f1ad207dab" testName="LabviewDevmodeScenarioConfigTests.PartialTimeoutSoftScenarioCanBeConfigured" computerName="USAUSLT-Z7DLW6G" duration="00:00:00.5857936" startTime="2025-12-05T18:48:18.3761350-08:00" endTime="2025-12-05T18:48:18.3761351-08:00" testType="13cdc9d9-ddb5-4fa4-a97d-d965ccfc6d4b" outcome="Passed" testListId="8c84fa94-04c1-424b-9868-57a2d4851a1d" relativeResultsDirectory="963cdb28-f67a-4103-910d-0f38fe71e87b" />
    <UnitTestResult executionId="2e81d1ab-c65b-4281-abc2-2695ac6a1dae" testId="2f1e70ab-c008-97a6-45a6-ec1b01db7aee" testName="LabviewDevmodeToolchainScenarioTests.ArchMismatchScenarioSetsToolchainErrorAndFails" computerName="USAUSLT-Z7DLW6G" duration="00:00:00.6078099" startTime="2025-12-05T18:47:49.7433468-08:00" endTime="2025-12-05T18:47:49.7433470-08:00" testType="13cdc9d9-ddb5-4fa4-a97d-d965ccfc6d4b" outcome="Passed" testListId="8c84fa94-04c1-424b-9868-57a2d4851a1d" relativeResultsDirectory="2e81d1ab-c65b-4281-abc2-2695ac6a1dae" />
    <UnitTestResult executionId="6ee23475-4ea1-408e-9660-aee6f7643ccd" testId="3bce8bbf-b24b-d6bd-944a-b83acc8443af" testName="EndToEndTests.PayloadAndLogging" computerName="USAUSLT-Z7DLW6G" duration="00:00:00.5436955" startTime="2025-12-05T18:47:46.6328084-08:00" endTime="2025-12-05T18:47:46.6328085-08:00" testType="13cdc9d9-ddb5-4fa4-a97d-d965ccfc6d4b" outcome="Passed" testListId="8c84fa94-04c1-424b-9868-57a2d4851a1d" relativeResultsDirectory="6ee23475-4ea1-408e-9660-aee6f7643ccd" />
    <UnitTestResult executionId="791fbe67-dad2-42bd-bf57-d475a4024ab3" testId="6d44135e-9ec8-d12e-f7b3-046a4c3c62bb" testName="FGC-REQ-PERF-001: Subcommand completes within latency budget(sub: &quot;vipc&quot;)" computerName="USAUSLT-Z7DLW6G" duration="00:00:01.2715578" startTime="2025-12-05T18:46:53.6608272-08:00" endTime="2025-12-05T18:46:53.6608275-08:00" testType="13cdc9d9-ddb5-4fa4-a97d-d965ccfc6d4b" outcome="Passed" testListId="8c84fa94-04c1-424b-9868-57a2d4851a1d" relativeResultsDirectory="791fbe67-dad2-42bd-bf57-d475a4024ab3" />
    <UnitTestResult executionId="10d8776c-9410-4d15-ae5d-a126a8a72f3d" testId="07db6eaa-f0da-4753-ccaf-a06e863311e0" testName="Env.GetStringOrDefault - missing or empty returns default" computerName="USAUSLT-Z7DLW6G" duration="00:00:00.0002592" startTime="2025-12-05T18:47:12.1451282-08:00" endTime="2025-12-05T18:47:12.1451283-08:00" testType="13cdc9d9-ddb5-4fa4-a97d-d965ccfc6d4b" outcome="Passed" testListId="8c84fa94-04c1-424b-9868-57a2d4851a1d" relativeResultsDirectory="10d8776c-9410-4d15-ae5d-a126a8a72f3d" />
    <UnitTestResult executionId="a9c7c562-f3b9-4534-8bc9-aedd63151d6c" testId="5413bc6e-c2d5-1dc2-ac4a-2fe62616eb9a" testName="XCli.Tests.EchoTests.Execute_ReturnsInput" computerName="USAUSLT-Z7DLW6G" duration="00:00:00.0000355" startTime="2025-12-05T18:47:25.0643345-08:00" endTime="2025-12-05T18:47:25.0643346-08:00" testType="13cdc9d9-ddb5-4fa4-a97d-d965ccfc6d4b" outcome="Passed" testListId="8c84fa94-04c1-424b-9868-57a2d4851a1d" relativeResultsDirectory="a9c7c562-f3b9-4534-8bc9-aedd63151d6c" />
    <UnitTestResult executionId="c29bfae1-68a2-4386-9131-164d1c663f1e" testId="9e9ac361-92f6-9d1e-fa50-cf0b2e884ff0" testName="LabviewDevmodeResourceScenarioTests.DiskFullScenarioSetsResourceErrorAndFails" computerName="USAUSLT-Z7DLW6G" duration="00:00:00.5714426" startTime="2025-12-05T18:46:34.8728334-08:00" endTime="2025-12-05T18:46:34.8728337-08:00" testType="13cdc9d9-ddb5-4fa4-a97d-d965ccfc6d4b" outcome="Passed" testListId="8c84fa94-04c1-424b-9868-57a2d4851a1d" relativeResultsDirectory="c29bfae1-68a2-4386-9131-164d1c663f1e" />
    <UnitTestResult executionId="450953dc-8a1a-4e13-a01a-5466dbb1151e" testId="50689a87-34cd-7b86-78b0-aaa57f8ff6a4" testName="TelemetryValidateTests.Summary_Validate_WithSchema_Valid" computerName="USAUSLT-Z7DLW6G" duration="00:00:00.6749944" startTime="2025-12-05T18:47:15.4489612-08:00" endTime="2025-12-05T18:47:15.4489614-08:00" testType="13cdc9d9-ddb5-4fa4-a97d-d965ccfc6d4b" outcome="Passed" testListId="8c84fa94-04c1-424b-9868-57a2d4851a1d" relativeResultsDirectory="450953dc-8a1a-4e13-a01a-5466dbb1151e" />
    <UnitTestResult executionId="73034ff8-739b-42f1-ba80-00b9e2ca830b" testId="03722b2a-4d08-54e4-6436-afee0a832e1c" testName="FooCliTests.FooSubcommandPrintsAndLogs" computerName="USAUSLT-Z7DLW6G" duration="00:00:00.7288232" startTime="2025-12-05T18:46:36.2175271-08:00" endTime="2025-12-05T18:46:36.2175275-08:00" testType="13cdc9d9-ddb5-4fa4-a97d-d965ccfc6d4b" outcome="Passed" testListId="8c84fa94-04c1-424b-9868-57a2d4851a1d" relativeResultsDirectory="73034ff8-739b-42f1-ba80-00b9e2ca830b" />
    <UnitTestResult executionId="71f868d8-4c60-43e7-9fe7-2a37f6c2b35a" testId="90764d12-2925-c52c-24be-5a8aa4c9513e" testName="SimulationTests.DefaultSuccess(sub: &quot;source-dist-build&quot;)" computerName="USAUSLT-Z7DLW6G" duration="00:00:00.5691693" startTime="2025-12-05T18:47:56.5938698-08:00" endTime="2025-12-05T18:47:56.5938699-08:00" testType="13cdc9d9-ddb5-4fa4-a97d-d965ccfc6d4b" outcome="Passed" testListId="8c84fa94-04c1-424b-9868-57a2d4851a1d" relativeResultsDirectory="71f868d8-4c60-43e7-9fe7-2a37f6c2b35a" />
    <UnitTestResult executionId="43733917-8d86-462d-9199-0b5138068867" testId="3ad25ee7-a4fc-7435-028f-152e85f354ea" testName="LoggingTests.WarnsWhenDurationExceedsThreshold" computerName="USAUSLT-Z7DLW6G" duration="00:00:00.5697323" startTime="2025-12-05T18:47:27.2899915-08:00" endTime="2025-12-05T18:47:27.2899918-08:00" testType="13cdc9d9-ddb5-4fa4-a97d-d965ccfc6d4b" outcome="Passed" testListId="8c84fa94-04c1-424b-9868-57a2d4851a1d" relativeResultsDirectory="43733917-8d86-462d-9199-0b5138068867" />
    <UnitTestResult executionId="e8de65eb-5b12-48e2-ac59-35d6210d1017" testId="e09a064b-5b28-4875-9dbd-63421452aca7" testName="LoggingTests.DurationReflectsConfiguredDelay" computerName="USAUSLT-Z7DLW6G" duration="00:00:00.6175362" startTime="2025-12-05T18:47:45.2685007-08:00" endTime="2025-12-05T18:47:45.2685010-08:00" testType="13cdc9d9-ddb5-4fa4-a97d-d965ccfc6d4b" outcome="Passed" testListId="8c84fa94-04c1-424b-9868-57a2d4851a1d" relativeResultsDirectory="e8de65eb-5b12-48e2-ac59-35d6210d1017" />
    <UnitTestResult executionId="dec4a3dd-592d-4c9b-8088-6d2438fd8622" testId="9aa45daa-cbcc-1edf-f50e-0bcd581c2950" testName="LabviewDevmodeScenarioConfigTests.ScenarioOverridesSupportMultipleVersionsForSameOperation" computerName="USAUSLT-Z7DLW6G" duration="00:00:01.4368795" startTime="2025-12-05T18:48:21.1310566-08:00" endTime="2025-12-05T18:48:21.1310568-08:00" testType="13cdc9d9-ddb5-4fa4-a97d-d965ccfc6d4b" outcome="Passed" testListId="8c84fa94-04c1-424b-9868-57a2d4851a1d" relativeResultsDirectory="dec4a3dd-592d-4c9b-8088-6d2438fd8622" />
    <UnitTestResult executionId="8ae771fa-a69d-4909-807a-82e6bc98ce51" testId="88ef4016-88b6-e18a-63d4-9e60112dc4c3" testName="ProcRunner returns environment snapshot" computerName="USAUSLT-Z7DLW6G" duration="00:00:00.3255692" startTime="2025-12-05T18:47:16.1176862-08:00" endTime="2025-12-05T18:47:16.1176865-08:00" testType="13cdc9d9-ddb5-4fa4-a97d-d965ccfc6d4b" outcome="Passed" testListId="8c84fa94-04c1-424b-9868-57a2d4851a1d" relativeResultsDirectory="8ae771fa-a69d-4909-807a-82e6bc98ce51" />
    <UnitTestResult executionId="b8edba4a-6b10-424b-ac85-142905dd1583" testId="b0193530-779a-81d8-8be1-ed3ea71bee37" testName="LoggingTests.DebugStackTracesPrecedeJson" computerName="USAUSLT-Z7DLW6G" duration="00:00:10.0592849" startTime="2025-12-05T18:47:40.2394545-08:00" endTime="2025-12-05T18:47:40.2394547-08:00" testType="13cdc9d9-ddb5-4fa4-a97d-d965ccfc6d4b" outcome="Passed" testListId="8c84fa94-04c1-424b-9868-57a2d4851a1d" relativeResultsDirectory="b8edba4a-6b10-424b-ac85-142905dd1583" />
    <UnitTestResult executionId="c38e9729-120c-4aa6-af61-bda820a5b074" testId="f36e4fe6-4631-1222-544e-fb5b92c4e03f" testName="LoggingTests.StderrIsJsonAndStdoutClean" computerName="USAUSLT-Z7DLW6G" duration="00:00:00.5191094" startTime="2025-12-05T18:47:45.9447010-08:00" endTime="2025-12-05T18:47:45.9447012-08:00" testType="13cdc9d9-ddb5-4fa4-a97d-d965ccfc6d4b" outcome="Passed" testListId="8c84fa94-04c1-424b-9868-57a2d4851a1d" relativeResultsDirectory="c38e9729-120c-4aa6-af61-bda820a5b074" />
    <UnitTestResult executionId="e5a6955d-fe24-42a3-b5f7-af40e9acaf43" testId="c2e29e1d-5632-31ae-7a47-5445bedcef20" testName="CliTests.VersionBeforeSubcommandTriggersVersion" computerName="USAUSLT-Z7DLW6G" duration="00:00:00.0003299" startTime="2025-12-05T18:46:38.4799723-08:00" endTime="2025-12-05T18:46:38.4799724-08:00" testType="13cdc9d9-ddb5-4fa4-a97d-d965ccfc6d4b" outcome="Passed" testListId="8c84fa94-04c1-424b-9868-57a2d4851a1d" relativeResultsDirectory="e5a6955d-fe24-42a3-b5f7-af40e9acaf43" />
    <UnitTestResult executionId="bb4316fb-525c-49d5-86ed-f0d5200b7202" testId="7063591f-1063-6aa4-7af1-2653e58d5abc" testName="LoggingTests.SpecialPathsEmitJsonLog(args: &quot;unknown&quot;, expectedSub: &quot;unknown&quot;, exit: 1, expectedMessage: &quot;error: unknown subcommand 'unknown'. See --help.&quot;)" computerName="USAUSLT-Z7DLW6G" duration="00:00:00.5454898" startTime="2025-12-05T18:47:29.4876752-08:00" endTime="2025-12-05T18:47:29.4876753-08:00" testType="13cdc9d9-ddb5-4fa4-a97d-d965ccfc6d4b" outcome="Passed" testListId="8c84fa94-04c1-424b-9868-57a2d4851a1d" relativeResultsDirectory="bb4316fb-525c-49d5-86ed-f0d5200b7202" />
    <UnitTestResult executionId="81a4fa5d-877d-49b8-88a7-18ab700a14f7" testId="24529b08-0d8d-c157-d014-6b67d8e8da43" testName="Env.Get builds cache only once for repeated lookups" computerName="USAUSLT-Z7DLW6G" duration="00:00:00.0002242" startTime="2025-12-05T18:47:12.1443947-08:00" endTime="2025-12-05T18:47:12.1443948-08:00" testType="13cdc9d9-ddb5-4fa4-a97d-d965ccfc6d4b" outcome="Passed" testListId="8c84fa94-04c1-424b-9868-57a2d4851a1d" relativeResultsDirectory="81a4fa5d-877d-49b8-88a7-18ab700a14f7" />
    <UnitTestResult executionId="d427b663-2398-4118-b698-37227c5119e0" testId="c5b5adaf-9058-6124-4aae-62924c638cc2" testName="SimulationTests.JsonConfigCommandKeyIsCaseInsensitive" computerName="USAUSLT-Z7DLW6G" duration="00:00:00.7087151" startTime="2025-12-05T18:48:16.4879064-08:00" endTime="2025-12-05T18:48:16.4879066-08:00" testType="13cdc9d9-ddb5-4fa4-a97d-d965ccfc6d4b" outcome="Passed" testListId="8c84fa94-04c1-424b-9868-57a2d4851a1d" relativeResultsDirectory="d427b663-2398-4118-b698-37227c5119e0" />
    <UnitTestResult executionId="c86c6f65-26ea-4d02-a2d4-c37fee9522a3" testId="80f80d8d-10ab-3178-8715-20e3e56cb07c" testName="XCli.Tests.UpperTests.Execute_Null_Throws" computerName="USAUSLT-Z7DLW6G" duration="00:00:00.0007589" startTime="2025-12-05T18:48:30.0493829-08:00" endTime="2025-12-05T18:48:30.0493830-08:00" testType="13cdc9d9-ddb5-4fa4-a97d-d965ccfc6d4b" outcome="Passed" testListId="8c84fa94-04c1-424b-9868-57a2d4851a1d" relativeResultsDirectory="c86c6f65-26ea-4d02-a2d4-c37fee9522a3" />
    <UnitTestResult executionId="72f6998a-60e8-44e4-a9f2-cff1763f8a66" testId="c21d0e71-b28d-6727-4f11-7462d694376e" testName="FGC-REQ-PERF-001: Subcommand completes within latency budget(sub: &quot;upper&quot;)" computerName="USAUSLT-Z7DLW6G" duration="00:00:01.1702794" startTime="2025-12-05T18:46:56.0707971-08:00" endTime="2025-12-05T18:46:56.0707976-08:00" testType="13cdc9d9-ddb5-4fa4-a97d-d965ccfc6d4b" outcome="Passed" testListId="8c84fa94-04c1-424b-9868-57a2d4851a1d" relativeResultsDirectory="72f6998a-60e8-44e4-a9f2-cff1763f8a66" />
    <UnitTestResult executionId="3710dc8e-4606-40e0-8870-ded09f7a052c" testId="954291f9-bb53-8e6f-d113-2223aebc4ced" testName="SimulationTests.DefaultFailWithPerCommandOverride" computerName="USAUSLT-Z7DLW6G" duration="00:00:01.1520871" startTime="2025-12-05T18:48:06.9631090-08:00" endTime="2025-12-05T18:48:06.9631093-08:00" testType="13cdc9d9-ddb5-4fa4-a97d-d965ccfc6d4b" outcome="Passed" testListId="8c84fa94-04c1-424b-9868-57a2d4851a1d" relativeResultsDirectory="3710dc8e-4606-40e0-8870-ded09f7a052c" />
    <UnitTestResult executionId="6c1f84e5-31ac-4240-a410-1df5946873e0" testId="bda33c80-634d-6a3d-6cde-c3b6a8011aa3" testName="XCli.Tests.ReverseTests.Execute_ReversesInput" computerName="USAUSLT-Z7DLW6G" duration="00:00:00.0001052" startTime="2025-12-05T18:46:35.4872886-08:00" endTime="2025-12-05T18:46:35.4872887-08:00" testType="13cdc9d9-ddb5-4fa4-a97d-d965ccfc6d4b" outcome="Passed" testListId="8c84fa94-04c1-424b-9868-57a2d4851a1d" relativeResultsDirectory="6c1f84e5-31ac-4240-a410-1df5946873e0" />
    <UnitTestResult executionId="d384d581-c5e5-418a-9195-3c8c9cf305fe" testId="b13fa052-0523-a779-40b2-9dfd7728211f" testName="LoggingTests.SpecialPathsEmitJsonLog(args: &quot;--version&quot;, expectedSub: &quot;version&quot;, exit: 0, expectedMessage: &quot;&quot;)" computerName="USAUSLT-Z7DLW6G" duration="00:00:00.5334686" startTime="2025-12-05T18:47:28.9415950-08:00" endTime="2025-12-05T18:47:28.9415953-08:00" testType="13cdc9d9-ddb5-4fa4-a97d-d965ccfc6d4b" outcome="Passed" testListId="8c84fa94-04c1-424b-9868-57a2d4851a1d" relativeResultsDirectory="d384d581-c5e5-418a-9195-3c8c9cf305fe" />
    <UnitTestResult executionId="c29f7444-3b25-430a-b10e-c654a7e62329" testId="cf7a0ae9-1fca-7d3d-4836-4ed1728686e7" testName="LabviewDevmodeScenarioConfigTests.ScenarioOverridesV2ForEnableAddtoken2021X32" computerName="USAUSLT-Z7DLW6G" duration="00:00:02.2789628" startTime="2025-12-05T18:48:24.1117238-08:00" endTime="2025-12-05T18:48:24.1117240-08:00" testType="13cdc9d9-ddb5-4fa4-a97d-d965ccfc6d4b" outcome="Passed" testListId="8c84fa94-04c1-424b-9868-57a2d4851a1d" relativeResultsDirectory="c29f7444-3b25-430a-b10e-c654a7e62329" />
    <UnitTestResult executionId="0f057604-f0f0-42b1-bdca-5c3acc519c51" testId="fceda3fb-bd4d-733d-85c7-7670e9743e1f" testName="Env.GetWithPrefix - dictionary enumerates keys in case-insensitive order" computerName="USAUSLT-Z7DLW6G" duration="00:00:00.0005241" startTime="2025-12-05T18:47:12.1437474-08:00" endTime="2025-12-05T18:47:12.1437475-08:00" testType="13cdc9d9-ddb5-4fa4-a97d-d965ccfc6d4b" outcome="Passed" testListId="8c84fa94-04c1-424b-9868-57a2d4851a1d" relativeResultsDirectory="0f057604-f0f0-42b1-bdca-5c3acc519c51" />
    <UnitTestResult executionId="3a6fb376-f518-4cd7-b383-6ba76fe07b92" testId="a9248e92-3b12-9a76-edf0-6f523bad38e4" testName="TelemetryCliTests.Summarize_Ignores_Malformed_Lines" computerName="USAUSLT-Z7DLW6G" duration="00:00:00.5380699" startTime="2025-12-05T18:48:32.5374893-08:00" endTime="2025-12-05T18:48:32.5374896-08:00" testType="13cdc9d9-ddb5-4fa4-a97d-d965ccfc6d4b" outcome="Passed" testListId="8c84fa94-04c1-424b-9868-57a2d4851a1d" relativeResultsDirectory="3a6fb376-f518-4cd7-b383-6ba76fe07b92" />
    <UnitTestResult executionId="887d2978-c99d-4530-96b8-9a5ce11308f5" testId="3dc77bfd-a1e7-1c58-563d-3b667ec2fc21" testName="SrsRegistryTests.RegistryLoadsAndLooksUpIds" computerName="USAUSLT-Z7DLW6G" duration="00:00:00.0095176" startTime="2025-12-05T18:48:35.2443736-08:00" endTime="2025-12-05T18:48:35.2443738-08:00" testType="13cdc9d9-ddb5-4fa4-a97d-d965ccfc6d4b" outcome="Passed" testListId="8c84fa94-04c1-424b-9868-57a2d4851a1d" relativeResultsDirectory="887d2978-c99d-4530-96b8-9a5ce11308f5" />
    <UnitTestResult executionId="267acc2e-f9bb-497d-9059-3510d20ec46e" testId="1d914f8f-d11c-19fb-fc06-95e0d943a8d9" testName="ProcessUtil returns null for invalid exe path" computerName="USAUSLT-Z7DLW6G" duration="00:00:00.0019461" startTime="2025-12-05T18:47:12.2547622-08:00" endTime="2025-12-05T18:47:12.2547624-08:00" testType="13cdc9d9-ddb5-4fa4-a97d-d965ccfc6d4b" outcome="Passed" testListId="8c84fa94-04c1-424b-9868-57a2d4851a1d" relativeResultsDirectory="267acc2e-f9bb-497d-9059-3510d20ec46e" />
    <UnitTestResult executionId="40841848-8c18-4ec3-94aa-e2b87e33be23" testId="b8674766-5cfe-8cd1-453c-621d6d2e7b83" testName="LabviewDevmodeResourceScenarioTests.LogWriteFailScenarioMarksResourceErrorButSucceeds" computerName="USAUSLT-Z7DLW6G" duration="00:00:00.6122881" startTime="2025-12-05T18:46:35.4847361-08:00" endTime="2025-12-05T18:46:35.4847364-08:00" testType="13cdc9d9-ddb5-4fa4-a97d-d965ccfc6d4b" outcome="Passed" testListId="8c84fa94-04c1-424b-9868-57a2d4851a1d" relativeResultsDirectory="40841848-8c18-4ec3-94aa-e2b87e33be23" />
    <UnitTestResult executionId="03f8dcf8-9be8-44d0-bd34-65539edba15a" testId="ecee46e9-596c-282f-edbc-1319d57d5c3b" testName="LabviewDevmodeScenarioConfigTests.LunitScenariosCanBeConfiguredForSuccessAndFailure" computerName="USAUSLT-Z7DLW6G" duration="00:00:01.3177840" startTime="2025-12-05T18:48:19.6940587-08:00" endTime="2025-12-05T18:48:19.6940588-08:00" testType="13cdc9d9-ddb5-4fa4-a97d-d965ccfc6d4b" outcome="Passed" testListId="8c84fa94-04c1-424b-9868-57a2d4851a1d" relativeResultsDirectory="03f8dcf8-9be8-44d0-bd34-65539edba15a" />
    <UnitTestResult executionId="55ab95c3-be40-42f8-b24f-a86b489e4d33" testId="72bf1494-0614-9b65-95b2-b1236e83bf3f" testName="SrsRegistryTests.DetectsDuplicateIds" computerName="USAUSLT-Z7DLW6G" duration="00:00:00.0046539" startTime="2025-12-05T18:48:35.2485504-08:00" endTime="2025-12-05T18:48:35.2485508-08:00" testType="13cdc9d9-ddb5-4fa4-a97d-d965ccfc6d4b" outcome="Passed" testListId="8c84fa94-04c1-424b-9868-57a2d4851a1d" relativeResultsDirectory="55ab95c3-be40-42f8-b24f-a86b489e4d33" />
    <UnitTestResult executionId="9cca3522-be84-4dac-b3fc-1afc90dc9844" testId="d319fce8-dc21-3120-80f5-367ba888d11c" testName="SimulationTests.DefaultSuccess(sub: &quot;vi-analyzer-verify&quot;)" computerName="USAUSLT-Z7DLW6G" duration="00:00:00.5623245" startTime="2025-12-05T18:47:51.4252545-08:00" endTime="2025-12-05T18:47:51.4252548-08:00" testType="13cdc9d9-ddb5-4fa4-a97d-d965ccfc6d4b" outcome="Passed" testListId="8c84fa94-04c1-424b-9868-57a2d4851a1d" relativeResultsDirectory="9cca3522-be84-4dac-b3fc-1afc90dc9844" />
    <UnitTestResult executionId="ecc1ab3b-6120-436d-a9cb-54cf3801da65" testId="700e7cbe-960d-60cd-32ef-44e7740ffe39" testName="LogDiffTests.Diff_JsonFormatProducesStructuredOutput" computerName="USAUSLT-Z7DLW6G" duration="00:00:00.5830236" startTime="2025-12-05T18:47:16.7008343-08:00" endTime="2025-12-05T18:47:16.7008346-08:00" testType="13cdc9d9-ddb5-4fa4-a97d-d965ccfc6d4b" outcome="Passed" testListId="8c84fa94-04c1-424b-9868-57a2d4851a1d" relativeResultsDirectory="ecc1ab3b-6120-436d-a9cb-54cf3801da65" />
    <UnitTestResult executionId="c9c61ff4-24ab-4053-a100-496ead2ca4fb" testId="896722b5-af29-1d09-a405-c033b67cc9e0" testName="SimulationTests.JsonConfigDefaultExitCodeOutOfRangeClamped(configured: 999, expected: 255)" computerName="USAUSLT-Z7DLW6G" duration="00:00:00.6686658" startTime="2025-12-05T18:48:10.1308311-08:00" endTime="2025-12-05T18:48:10.1308314-08:00" testType="13cdc9d9-ddb5-4fa4-a97d-d965ccfc6d4b" outcome="Passed" testListId="8c84fa94-04c1-424b-9868-57a2d4851a1d" relativeResultsDirectory="c9c61ff4-24ab-4053-a100-496ead2ca4fb" />
    <UnitTestResult executionId="1cb00d1f-89df-466b-b6cb-f81b4fee1e14" testId="91f34c30-a807-8219-d93a-b5a25d154a09" testName="LoggingTests.EnvKeysPreserveCasingInLog" computerName="USAUSLT-Z7DLW6G" duration="00:00:00.6624132" startTime="2025-12-05T18:47:43.9061922-08:00" endTime="2025-12-05T18:47:43.9061924-08:00" testType="13cdc9d9-ddb5-4fa4-a97d-d965ccfc6d4b" outcome="Passed" testListId="8c84fa94-04c1-424b-9868-57a2d4851a1d" relativeResultsDirectory="1cb00d1f-89df-466b-b6cb-f81b4fee1e14" />
    <UnitTestResult executionId="734a3f73-1825-48bc-8bed-60849deffe66" testId="63f723f9-37fc-70de-21f7-305e42b86e66" testName="FGC-REQ-PERF-001: Subcommand completes within latency budget(sub: &quot;srs&quot;)" computerName="USAUSLT-Z7DLW6G" duration="00:00:01.1482908" startTime="2025-12-05T18:46:50.1364482-08:00" endTime="2025-12-05T18:46:50.1364484-08:00" testType="13cdc9d9-ddb5-4fa4-a97d-d965ccfc6d4b" outcome="Passed" testListId="8c84fa94-04c1-424b-9868-57a2d4851a1d" relativeResultsDirectory="734a3f73-1825-48bc-8bed-60849deffe66" />
    <UnitTestResult executionId="d65a439a-871a-4bd0-8f3f-ee0b54657a6e" testId="9c4088e2-f85e-a32c-93a0-f125c14ea303" testName="SimulationTests.DefaultSuccess(sub: &quot;vipmcli-build&quot;)" computerName="USAUSLT-Z7DLW6G" duration="00:00:00.5709845" startTime="2025-12-05T18:47:53.0621914-08:00" endTime="2025-12-05T18:47:53.0621916-08:00" testType="13cdc9d9-ddb5-4fa4-a97d-d965ccfc6d4b" outcome="Passed" testListId="8c84fa94-04c1-424b-9868-57a2d4851a1d" relativeResultsDirectory="d65a439a-871a-4bd0-8f3f-ee0b54657a6e" />
    <UnitTestResult executionId="99c23684-14bb-4933-a227-5cca9e5618f2" testId="01018235-1a08-3550-0e3f-6509e9f43294" testName="FGC-REQ-PERF-001: Subcommand completes within latency budget(sub: &quot;source-dist-build&quot;)" computerName="USAUSLT-Z7DLW6G" duration="00:00:01.1095476" startTime="2025-12-05T18:46:46.7404437-08:00" endTime="2025-12-05T18:46:46.7404439-08:00" testType="13cdc9d9-ddb5-4fa4-a97d-d965ccfc6d4b" outcome="Passed" testListId="8c84fa94-04c1-424b-9868-57a2d4851a1d" relativeResultsDirectory="99c23684-14bb-4933-a227-5cca9e5618f2" />
    <UnitTestResult executionId="23cd405c-663c-4d67-bf59-0dd04b501521" testId="6e5cd8a9-20bd-8b9e-086b-cd117b6f1997" testName="FGC-REQ-PERF-001: Subcommand completes within latency budget(sub: &quot;vipb&quot;)" computerName="USAUSLT-Z7DLW6G" duration="00:00:01.1555432" startTime="2025-12-05T18:46:48.9874357-08:00" endTime="2025-12-05T18:46:48.9874363-08:00" testType="13cdc9d9-ddb5-4fa4-a97d-d965ccfc6d4b" outcome="Passed" testListId="8c84fa94-04c1-424b-9868-57a2d4851a1d" relativeResultsDirectory="23cd405c-663c-4d67-bf59-0dd04b501521" />
    <UnitTestResult executionId="fd04d0e5-57dd-4cff-892e-eb94b5d14447" testId="7807df50-ee26-0f10-12a0-defbfbd207ff" testName="TelemetryCliTests.Summarize_Builds_Summary_And_History" computerName="USAUSLT-Z7DLW6G" duration="00:00:00.5760399" startTime="2025-12-05T18:48:33.1137630-08:00" endTime="2025-12-05T18:48:33.1137632-08:00" testType="13cdc9d9-ddb5-4fa4-a97d-d965ccfc6d4b" outcome="Passed" testListId="8c84fa94-04c1-424b-9868-57a2d4851a1d" relativeResultsDirectory="fd04d0e5-57dd-4cff-892e-eb94b5d14447" />
    <UnitTestResult executionId="f3ae27f4-86b1-40e3-ad49-dcbc3f354cf1" testId="11c0299e-624f-ec06-f223-5c8a0c70e7a9" testName="SimulationTests.JsonConfigIsCaseInsensitive" computerName="USAUSLT-Z7DLW6G" duration="00:00:00.6727514" startTime="2025-12-05T18:48:07.6442918-08:00" endTime="2025-12-05T18:48:07.6442922-08:00" testType="13cdc9d9-ddb5-4fa4-a97d-d965ccfc6d4b" outcome="Passed" testListId="8c84fa94-04c1-424b-9868-57a2d4851a1d" relativeResultsDirectory="f3ae27f4-86b1-40e3-ad49-dcbc3f354cf1" />
    <UnitTestResult executionId="a0eb77b1-b933-40e9-a67d-95da31c0f22e" testId="3a1b3501-bc6d-ba0a-031d-89ee24edd2f4" testName="ProcessRunner terminates hung subprocesses quickly" computerName="USAUSLT-Z7DLW6G" duration="00:00:00.5667635" startTime="2025-12-05T18:48:30.0482531-08:00" endTime="2025-12-05T18:48:30.0482534-08:00" testType="13cdc9d9-ddb5-4fa4-a97d-d965ccfc6d4b" outcome="Passed" testListId="8c84fa94-04c1-424b-9868-57a2d4851a1d" relativeResultsDirectory="a0eb77b1-b933-40e9-a67d-95da31c0f22e" />
    <UnitTestResult executionId="c00d4ae8-5dde-42d4-b0a7-5e365658c4c3" testId="a6451926-e37f-46e6-d07e-e9bbbec88b89" testName="FGC-REQ-PERF-001: Subcommand completes within latency budget(sub: &quot;vipm-apply-vipc&quot;)" computerName="USAUSLT-Z7DLW6G" duration="00:00:01.1922593" startTime="2025-12-05T18:46:45.6301674-08:00" endTime="2025-12-05T18:46:45.6301677-08:00" testType="13cdc9d9-ddb5-4fa4-a97d-d965ccfc6d4b" outcome="Passed" testListId="8c84fa94-04c1-424b-9868-57a2d4851a1d" relativeResultsDirectory="c00d4ae8-5dde-42d4-b0a7-5e365658c4c3" />
    <UnitTestResult executionId="a97d2caa-abec-4054-b533-a6f10a1be0f0" testId="bef21383-230a-f1df-7764-c0b5ef042bad" testName="LoggingTests.FileLoggingIsConcurrentSafe" computerName="USAUSLT-Z7DLW6G" duration="00:00:00.7325611" startTime="2025-12-05T18:47:43.2442683-08:00" endTime="2025-12-05T18:47:43.2442686-08:00" testType="13cdc9d9-ddb5-4fa4-a97d-d965ccfc6d4b" outcome="Passed" testListId="8c84fa94-04c1-424b-9868-57a2d4851a1d" relativeResultsDirectory="a97d2caa-abec-4054-b533-a6f10a1be0f0" />
    <UnitTestResult executionId="b2ce6852-30ed-4f88-8de5-dd4dffe97380" testId="ae3a121d-2ffe-61d8-3fe3-dc93e3f35770" testName="CliTests.MixedCaseSubcommandFails" computerName="USAUSLT-Z7DLW6G" duration="00:00:00.5581447" startTime="2025-12-05T18:46:37.3745924-08:00" endTime="2025-12-05T18:46:37.3745928-08:00" testType="13cdc9d9-ddb5-4fa4-a97d-d965ccfc6d4b" outcome="Passed" testListId="8c84fa94-04c1-424b-9868-57a2d4851a1d" relativeResultsDirectory="b2ce6852-30ed-4f88-8de5-dd4dffe97380" />
    <UnitTestResult executionId="7872e54c-35d9-4844-8385-da5b7466247c" testId="6430d3c8-33cd-8cf0-4d7a-fd40871a7d1a" testName="SimulationTests.ExcessiveDelayClampedAndWarns" computerName="USAUSLT-Z7DLW6G" duration="00:00:00.0003741" startTime="2025-12-05T18:48:15.1756241-08:00" endTime="2025-12-05T18:48:15.1756241-08:00" testType="13cdc9d9-ddb5-4fa4-a97d-d965ccfc6d4b" outcome="Passed" testListId="8c84fa94-04c1-424b-9868-57a2d4851a1d" relativeResultsDirectory="7872e54c-35d9-4844-8385-da5b7466247c" />
    <UnitTestResult executionId="6a5d4a2a-56e4-4552-8b5e-3351554e7918" testId="4535158a-4ec0-8ddb-e4d3-d2e024c4f620" testName="ProcessUtil starts a simple process" computerName="USAUSLT-Z7DLW6G" duration="00:00:00.0543185" startTime="2025-12-05T18:47:12.1984418-08:00" endTime="2025-12-05T18:47:12.1984423-08:00" testType="13cdc9d9-ddb5-4fa4-a97d-d965ccfc6d4b" outcome="Passed" testListId="8c84fa94-04c1-424b-9868-57a2d4851a1d" relativeResultsDirectory="6a5d4a2a-56e4-4552-8b5e-3351554e7918" />
    <UnitTestResult executionId="af7b4793-ea4e-433a-a1b5-be95c56884ae" testId="037817e5-5fe4-4472-857e-bf043679b86c" testName="XCli.Tests.Coverage.TelemetryCoverageScaffold.TelemetryCommand_Paths_ImproveBranchCoverage" computerName="USAUSLT-Z7DLW6G" duration="00:00:00.0010000" startTime="2025-12-05T18:46:35.4895134-08:00" endTime="2025-12-05T18:46:35.4895135-08:00" testType="13cdc9d9-ddb5-4fa4-a97d-d965ccfc6d4b" outcome="NotExecuted" testListId="8c84fa94-04c1-424b-9868-57a2d4851a1d" relativeResultsDirectory="af7b4793-ea4e-433a-a1b5-be95c56884ae">
      <Output>
        <ErrorInfo>
          <Message>Scaffold: add tests to exercise Telemetry command paths and improve branch coverage.</Message>
        </ErrorInfo>
      </Output>
    </UnitTestResult>
    <UnitTestResult executionId="45f60d90-ed08-4070-96de-ad07b5136532" testId="bae942ad-fc0e-9414-6588-cb81999d9b92" testName="LoggingTests.LockFailureSilentWhenDebugDisabled" computerName="USAUSLT-Z7DLW6G" duration="00:00:00.1439079" startTime="2025-12-05T18:47:46.0885982-08:00" endTime="2025-12-05T18:47:46.0885985-08:00" testType="13cdc9d9-ddb5-4fa4-a97d-d965ccfc6d4b" outcome="Passed" testListId="8c84fa94-04c1-424b-9868-57a2d4851a1d" relativeResultsDirectory="45f60d90-ed08-4070-96de-ad07b5136532" />
    <UnitTestResult executionId="b6deff4c-bacb-4973-a9d4-9ae1efd761a1" testId="fc9e625d-a686-2646-faa5-ce08005b5da6" testName="LoggingTests.SpecialPathsEmitJsonLog(args: &quot;--help&quot;, expectedSub: &quot;help&quot;, exit: 0, expectedMessage: &quot;&quot;)" computerName="USAUSLT-Z7DLW6G" duration="00:00:00.5509963" startTime="2025-12-05T18:47:27.8410758-08:00" endTime="2025-12-05T18:47:27.8410762-08:00" testType="13cdc9d9-ddb5-4fa4-a97d-d965ccfc6d4b" outcome="Passed" testListId="8c84fa94-04c1-424b-9868-57a2d4851a1d" relativeResultsDirectory="b6deff4c-bacb-4973-a9d4-9ae1efd761a1" />
    <UnitTestResult executionId="a2df9bd0-6182-4052-8e66-1d4d7e11404d" testId="06fb0a47-7760-8b03-b400-64cc741aa5c2" testName="LoggingTests.FileLoggingDoesNotIncludeBom" computerName="USAUSLT-Z7DLW6G" duration="00:00:00.5765247" startTime="2025-12-05T18:47:42.5106439-08:00" endTime="2025-12-05T18:47:42.5106441-08:00" testType="13cdc9d9-ddb5-4fa4-a97d-d965ccfc6d4b" outcome="Passed" testListId="8c84fa94-04c1-424b-9868-57a2d4851a1d" relativeResultsDirectory="a2df9bd0-6182-4052-8e66-1d4d7e11404d" />
    <UnitTestResult executionId="3da75398-cfd7-4753-a5b8-66f6112b9ffd" testId="bdaeed5a-4723-e372-763c-a906c0db5cc8" testName="LoggingTests.SpecialPathsEmitJsonLog(args: &quot;&quot;, expectedSub: &quot;missing&quot;, exit: 1, expectedMessage: &quot;missing subcommand&quot;)" computerName="USAUSLT-Z7DLW6G" duration="00:00:00.5671592" startTime="2025-12-05T18:47:28.4085155-08:00" endTime="2025-12-05T18:47:28.4085159-08:00" testType="13cdc9d9-ddb5-4fa4-a97d-d965ccfc6d4b" outcome="Passed" testListId="8c84fa94-04c1-424b-9868-57a2d4851a1d" relativeResultsDirectory="3da75398-cfd7-4753-a5b8-66f6112b9ffd" />
    <UnitTestResult executionId="130a1096-71bd-49d3-8bf6-0399eb729e1f" testId="9283d2a2-f4ab-7584-4e5a-4703a043fec5" testName="LoggingTests.HelperTimesOutWhenFileLocked" computerName="USAUSLT-Z7DLW6G" duration="00:00:00.1085467" startTime="2025-12-05T18:47:45.4253785-08:00" endTime="2025-12-05T18:47:45.4253789-08:00" testType="13cdc9d9-ddb5-4fa4-a97d-d965ccfc6d4b" outcome="Passed" testListId="8c84fa94-04c1-424b-9868-57a2d4851a1d" relativeResultsDirectory="130a1096-71bd-49d3-8bf6-0399eb729e1f" />
    <UnitTestResult executionId="e7a33e6f-8efb-4801-8263-4cb2815dc8cf" testId="0486ff7b-0f25-e04d-eb6f-291d1c7eb0cd" testName="XCli.Tests.FooTests.Execute_AppendsExclamation" computerName="USAUSLT-Z7DLW6G" duration="00:00:00.0001391" startTime="2025-12-05T18:47:25.6562587-08:00" endTime="2025-12-05T18:47:25.6562588-08:00" testType="13cdc9d9-ddb5-4fa4-a97d-d965ccfc6d4b" outcome="Passed" testListId="8c84fa94-04c1-424b-9868-57a2d4851a1d" relativeResultsDirectory="e7a33e6f-8efb-4801-8263-4cb2815dc8cf" />
    <UnitTestResult executionId="9b5a491d-4cbc-4f10-8446-592275463b45" testId="cc00de65-2845-e4a0-d766-5df7caf53da2" testName="FGC-REQ-PERF-001: Subcommand completes within latency budget(sub: &quot;vipm-build-vip&quot;)" computerName="USAUSLT-Z7DLW6G" duration="00:00:01.4390665" startTime="2025-12-05T18:46:58.7558820-08:00" endTime="2025-12-05T18:46:58.7558825-08:00" testType="13cdc9d9-ddb5-4fa4-a97d-d965ccfc6d4b" outcome="Passed" testListId="8c84fa94-04c1-424b-9868-57a2d4851a1d" relativeResultsDirectory="9b5a491d-4cbc-4f10-8446-592275463b45" />
    <UnitTestResult executionId="4b57fc86-cf78-434e-a7d0-bc69f77a4092" testId="54019f00-1d48-eb17-5f58-f75bca316389" testName="ProcessUtil respects short wait timeouts" computerName="USAUSLT-Z7DLW6G" duration="00:00:00.2557776" startTime="2025-12-05T18:47:12.5625644-08:00" endTime="2025-12-05T18:47:12.5625646-08:00" testType="13cdc9d9-ddb5-4fa4-a97d-d965ccfc6d4b" outcome="Passed" testListId="8c84fa94-04c1-424b-9868-57a2d4851a1d" relativeResultsDirectory="4b57fc86-cf78-434e-a7d0-bc69f77a4092" />
    <UnitTestResult executionId="a877e76a-5a0d-4fc7-b577-4daeb5ab41c3" testId="b746cbe0-19bd-072d-bb55-7f4b870c7fb3" testName="SimulationTests.MissingJsonConfigDirectoryFails" computerName="USAUSLT-Z7DLW6G" duration="00:00:00.5656098" startTime="2025-12-05T18:48:05.8108978-08:00" endTime="2025-12-05T18:48:05.8108980-08:00" testType="13cdc9d9-ddb5-4fa4-a97d-d965ccfc6d4b" outcome="Passed" testListId="8c84fa94-04c1-424b-9868-57a2d4851a1d" relativeResultsDirectory="a877e76a-5a0d-4fc7-b577-4daeb5ab41c3" />
    <UnitTestResult executionId="a95c9520-3d14-4465-9832-e5ccf7c96a29" testId="ea1d6fc3-d217-d0b6-92b6-fb636f956350" testName="SecurityTests.IsolationGuardThrowsWhenProcessStartInConstructor" computerName="USAUSLT-Z7DLW6G" duration="00:00:00.1082578" startTime="2025-12-05T18:47:25.0631104-08:00" endTime="2025-12-05T18:47:25.0631105-08:00" testType="13cdc9d9-ddb5-4fa4-a97d-d965ccfc6d4b" outcome="Passed" testListId="8c84fa94-04c1-424b-9868-57a2d4851a1d" relativeResultsDirectory="a95c9520-3d14-4465-9832-e5ccf7c96a29" />
    <UnitTestResult executionId="4039544e-0e46-4b77-ba3b-dcb55c0acc9c" testId="5656d226-c4d2-4f22-52b7-cffc02ccbc31" testName="SimulationTests.ExecuteDelayCanBeCancelled" computerName="USAUSLT-Z7DLW6G" duration="00:00:00.0640608" startTime="2025-12-05T18:48:15.1748011-08:00" endTime="2025-12-05T18:48:15.1748014-08:00" testType="13cdc9d9-ddb5-4fa4-a97d-d965ccfc6d4b" outcome="Passed" testListId="8c84fa94-04c1-424b-9868-57a2d4851a1d" relativeResultsDirectory="4039544e-0e46-4b77-ba3b-dcb55c0acc9c" />
    <UnitTestResult executionId="58e9675c-4c7d-40e1-8fc9-50744419a790" testId="51f50852-b918-133f-97ab-5151e691c5c7" testName="SimulationTests.MalformedJsonConfigReportsError" computerName="USAUSLT-Z7DLW6G" duration="00:00:00.7055367" startTime="2025-12-05T18:48:13.7720513-08:00" endTime="2025-12-05T18:48:13.7720516-08:00" testType="13cdc9d9-ddb5-4fa4-a97d-d965ccfc6d4b" outcome="Passed" testListId="8c84fa94-04c1-424b-9868-57a2d4851a1d" relativeResultsDirectory="58e9675c-4c7d-40e1-8fc9-50744419a790" />
    <UnitTestResult executionId="9b8b4fae-3919-492f-b2bf-968a2bc8c1ef" testId="8fb73459-a347-809a-ddfd-cb17676aede6" testName="FGC-REQ-SIM-003: exitCode above 255 is clamped to 255" computerName="USAUSLT-Z7DLW6G" duration="00:00:00.5448745" startTime="2025-12-05T18:47:20.2386978-08:00" endTime="2025-12-05T18:47:20.2386981-08:00" testType="13cdc9d9-ddb5-4fa4-a97d-d965ccfc6d4b" outcome="Passed" testListId="8c84fa94-04c1-424b-9868-57a2d4851a1d" relativeResultsDirectory="9b8b4fae-3919-492f-b2bf-968a2bc8c1ef" />
    <UnitTestResult executionId="56549157-52fc-4918-a35f-fba3952ec7dd" testId="25c340c9-df46-32ad-738d-dee3bdb06cb5" testName="SimulationTests.DefaultSuccess(sub: &quot;vipb&quot;)" computerName="USAUSLT-Z7DLW6G" duration="00:00:00.5387772" startTime="2025-12-05T18:48:00.2708439-08:00" endTime="2025-12-05T18:48:00.2708442-08:00" testType="13cdc9d9-ddb5-4fa4-a97d-d965ccfc6d4b" outcome="Passed" testListId="8c84fa94-04c1-424b-9868-57a2d4851a1d" relativeResultsDirectory="56549157-52fc-4918-a35f-fba3952ec7dd" />
    <UnitTestResult executionId="7965d0b7-64cb-4ac9-9d9f-08753cf70593" testId="c4084ea7-db07-ff0e-844e-6c8f9ea0f7b4" testName="LabviewDevmodeToolchainScenarioTests.GcliMissingScenarioSetsToolchainErrorAndFails" computerName="USAUSLT-Z7DLW6G" duration="00:00:00.6234326" startTime="2025-12-05T18:47:49.1352760-08:00" endTime="2025-12-05T18:47:49.1352764-08:00" testType="13cdc9d9-ddb5-4fa4-a97d-d965ccfc6d4b" outcome="Passed" testListId="8c84fa94-04c1-424b-9868-57a2d4851a1d" relativeResultsDirectory="7965d0b7-64cb-4ac9-9d9f-08753cf70593" />
    <UnitTestResult executionId="35f8af2e-b398-41a4-aa6f-ee08ebd96ac8" testId="89be0eed-6fdb-8d57-5caf-68154583b9c4" testName="CliTests.HelpTextMatchesSubcommandsAndGlobals" computerName="USAUSLT-Z7DLW6G" duration="00:00:00.0010299" startTime="2025-12-05T18:46:40.8370007-08:00" endTime="2025-12-05T18:46:40.8370008-08:00" testType="13cdc9d9-ddb5-4fa4-a97d-d965ccfc6d4b" outcome="Passed" testListId="8c84fa94-04c1-424b-9868-57a2d4851a1d" relativeResultsDirectory="35f8af2e-b398-41a4-aa6f-ee08ebd96ac8" />
    <UnitTestResult executionId="de37b431-acab-44bb-9462-599893491750" testId="0fd93e47-f838-7881-e7fc-9f31675138e6" testName="TelemetryValidateTests.Events_Validate_WithSchema_Invalid" computerName="USAUSLT-Z7DLW6G" duration="00:00:00.8531856" startTime="2025-12-05T18:47:14.0732814-08:00" endTime="2025-12-05T18:47:14.0732816-08:00" testType="13cdc9d9-ddb5-4fa4-a97d-d965ccfc6d4b" outcome="Passed" testListId="8c84fa94-04c1-424b-9868-57a2d4851a1d" relativeResultsDirectory="de37b431-acab-44bb-9462-599893491750" />
    <UnitTestResult executionId="327508af-b9e3-455e-a869-5af198b65da5" testId="96251e2b-a759-a1b8-e6ba-ed2fedd053a4" testName="FGC-REQ-PERF-001: Subcommand completes within latency budget(sub: &quot;ppl-build&quot;)" computerName="USAUSLT-Z7DLW6G" duration="00:00:01.1393034" startTime="2025-12-05T18:47:05.7305263-08:00" endTime="2025-12-05T18:47:05.7305266-08:00" testType="13cdc9d9-ddb5-4fa4-a97d-d965ccfc6d4b" outcome="Passed" testListId="8c84fa94-04c1-424b-9868-57a2d4851a1d" relativeResultsDirectory="327508af-b9e3-455e-a869-5af198b65da5" />
    <UnitTestResult executionId="4a5cfcf2-7712-40d6-b84b-629100b70303" testId="c587a802-c993-f562-5cb4-e475ef257827" testName="FGC-REQ-LOG-001/002: Log is JSON on stderr with required keys; stdout contains only simulated user message" computerName="USAUSLT-Z7DLW6G" duration="00:00:00.5889985" startTime="2025-12-05T18:47:17.9253272-08:00" endTime="2025-12-05T18:47:17.9253275-08:00" testType="13cdc9d9-ddb5-4fa4-a97d-d965ccfc6d4b" outcome="Passed" testListId="8c84fa94-04c1-424b-9868-57a2d4851a1d" relativeResultsDirectory="4a5cfcf2-7712-40d6-b84b-629100b70303" />
    <UnitTestResult executionId="d85880bb-3c18-4941-857f-ffc1c5fadca0" testId="09f12761-f4e8-7b88-9dd9-d31e45a4754c" testName="FGC-REQ-PERF-001: Subcommand completes within latency budget(sub: &quot;switcheroo&quot;)" computerName="USAUSLT-Z7DLW6G" duration="00:00:01.2790629" startTime="2025-12-05T18:46:44.4369616-08:00" endTime="2025-12-05T18:46:44.4369618-08:00" testType="13cdc9d9-ddb5-4fa4-a97d-d965ccfc6d4b" outcome="Passed" testListId="8c84fa94-04c1-424b-9868-57a2d4851a1d" relativeResultsDirectory="d85880bb-3c18-4941-857f-ffc1c5fadca0" />
    <UnitTestResult executionId="3141297d-a8de-4c62-8199-3406663dab2f" testId="23978dd7-ce7f-b5a6-b473-b9c3012999ac" testName="XCli.Tests.Analyzers.NoDirectEnvironmentAccessTests.ForbiddenCalls_AreDetected(call: &quot;Environment.GetEnvironmentVariables();&quot;)" computerName="USAUSLT-Z7DLW6G" duration="00:00:00.0040870" startTime="2025-12-05T18:47:47.1956712-08:00" endTime="2025-12-05T18:47:47.1956715-08:00" testType="13cdc9d9-ddb5-4fa4-a97d-d965ccfc6d4b" outcome="Passed" testListId="8c84fa94-04c1-424b-9868-57a2d4851a1d" relativeResultsDirectory="3141297d-a8de-4c62-8199-3406663dab2f" />
    <UnitTestResult executionId="0b325ca7-2891-4a3c-976e-9bd16a054498" testId="6261be85-b71d-6580-8241-d8cd83cca7cc" testName="CliTests.HelpBeforeSubcommandTriggersHelp" computerName="USAUSLT-Z7DLW6G" duration="00:00:00.0001352" startTime="2025-12-05T18:46:42.0406383-08:00" endTime="2025-12-05T18:46:42.0406386-08:00" testType="13cdc9d9-ddb5-4fa4-a97d-d965ccfc6d4b" outcome="Passed" testListId="8c84fa94-04c1-424b-9868-57a2d4851a1d" relativeResultsDirectory="0b325ca7-2891-4a3c-976e-9bd16a054498" />
    <UnitTestResult executionId="a21aebf0-eeca-48b6-8e9b-66189b4af43c" testId="76be8fda-0615-d14f-089a-c0eb7a8b2b39" testName="SimulationTests.UnknownJsonPropertyReportsError" computerName="USAUSLT-Z7DLW6G" duration="00:00:00.6346024" startTime="2025-12-05T18:48:08.2860914-08:00" endTime="2025-12-05T18:48:08.2860918-08:00" testType="13cdc9d9-ddb5-4fa4-a97d-d965ccfc6d4b" outcome="Passed" testListId="8c84fa94-04c1-424b-9868-57a2d4851a1d" relativeResultsDirectory="a21aebf0-eeca-48b6-8e9b-66189b4af43c" />
    <UnitTestResult executionId="d33cc062-4447-4ce8-847b-c0a105c2d172" testId="bc9835c8-5bd0-da45-8d53-b930d5bcb94e" testName="CliTests.UnknownSubcommandFails" computerName="USAUSLT-Z7DLW6G" duration="00:00:00.5576775" startTime="2025-12-05T18:46:37.9324877-08:00" endTime="2025-12-05T18:46:37.9324880-08:00" testType="13cdc9d9-ddb5-4fa4-a97d-d965ccfc6d4b" outcome="Passed" testListId="8c84fa94-04c1-424b-9868-57a2d4851a1d" relativeResultsDirectory="d33cc062-4447-4ce8-847b-c0a105c2d172" />
[...]
    <TestEntry testId="954291f9-bb53-8e6f-d113-2223aebc4ced" executionId="3710dc8e-4606-40e0-8870-ded09f7a052c" testListId="8c84fa94-04c1-424b-9868-57a2d4851a1d" />
    <TestEntry testId="bda33c80-634d-6a3d-6cde-c3b6a8011aa3" executionId="6c1f84e5-31ac-4240-a410-1df5946873e0" testListId="8c84fa94-04c1-424b-9868-57a2d4851a1d" />
    <TestEntry testId="b13fa052-0523-a779-40b2-9dfd7728211f" executionId="d384d581-c5e5-418a-9195-3c8c9cf305fe" testListId="8c84fa94-04c1-424b-9868-57a2d4851a1d" />
    <TestEntry testId="cf7a0ae9-1fca-7d3d-4836-4ed1728686e7" executionId="c29f7444-3b25-430a-b10e-c654a7e62329" testListId="8c84fa94-04c1-424b-9868-57a2d4851a1d" />
    <TestEntry testId="fceda3fb-bd4d-733d-85c7-7670e9743e1f" executionId="0f057604-f0f0-42b1-bdca-5c3acc519c51" testListId="8c84fa94-04c1-424b-9868-57a2d4851a1d" />
    <TestEntry testId="a9248e92-3b12-9a76-edf0-6f523bad38e4" executionId="3a6fb376-f518-4cd7-b383-6ba76fe07b92" testListId="8c84fa94-04c1-424b-9868-57a2d4851a1d" />
    <TestEntry testId="3dc77bfd-a1e7-1c58-563d-3b667ec2fc21" executionId="887d2978-c99d-4530-96b8-9a5ce11308f5" testListId="8c84fa94-04c1-424b-9868-57a2d4851a1d" />
    <TestEntry testId="1d914f8f-d11c-19fb-fc06-95e0d943a8d9" executionId="267acc2e-f9bb-497d-9059-3510d20ec46e" testListId="8c84fa94-04c1-424b-9868-57a2d4851a1d" />
    <TestEntry testId="b8674766-5cfe-8cd1-453c-621d6d2e7b83" executionId="40841848-8c18-4ec3-94aa-e2b87e33be23" testListId="8c84fa94-04c1-424b-9868-57a2d4851a1d" />
    <TestEntry testId="ecee46e9-596c-282f-edbc-1319d57d5c3b" executionId="03f8dcf8-9be8-44d0-bd34-65539edba15a" testListId="8c84fa94-04c1-424b-9868-57a2d4851a1d" />
    <TestEntry testId="72bf1494-0614-9b65-95b2-b1236e83bf3f" executionId="55ab95c3-be40-42f8-b24f-a86b489e4d33" testListId="8c84fa94-04c1-424b-9868-57a2d4851a1d" />
    <TestEntry testId="d319fce8-dc21-3120-80f5-367ba888d11c" executionId="9cca3522-be84-4dac-b3fc-1afc90dc9844" testListId="8c84fa94-04c1-424b-9868-57a2d4851a1d" />
    <TestEntry testId="700e7cbe-960d-60cd-32ef-44e7740ffe39" executionId="ecc1ab3b-6120-436d-a9cb-54cf3801da65" testListId="8c84fa94-04c1-424b-9868-57a2d4851a1d" />
    <TestEntry testId="896722b5-af29-1d09-a405-c033b67cc9e0" executionId="c9c61ff4-24ab-4053-a100-496ead2ca4fb" testListId="8c84fa94-04c1-424b-9868-57a2d4851a1d" />
    <TestEntry testId="91f34c30-a807-8219-d93a-b5a25d154a09" executionId="1cb00d1f-89df-466b-b6cb-f81b4fee1e14" testListId="8c84fa94-04c1-424b-9868-57a2d4851a1d" />
    <TestEntry testId="63f723f9-37fc-70de-21f7-305e42b86e66" executionId="734a3f73-1825-48bc-8bed-60849deffe66" testListId="8c84fa94-04c1-424b-9868-57a2d4851a1d" />
    <TestEntry testId="9c4088e2-f85e-a32c-93a0-f125c14ea303" executionId="d65a439a-871a-4bd0-8f3f-ee0b54657a6e" testListId="8c84fa94-04c1-424b-9868-57a2d4851a1d" />
    <TestEntry testId="01018235-1a08-3550-0e3f-6509e9f43294" executionId="99c23684-14bb-4933-a227-5cca9e5618f2" testListId="8c84fa94-04c1-424b-9868-57a2d4851a1d" />
    <TestEntry testId="6e5cd8a9-20bd-8b9e-086b-cd117b6f1997" executionId="23cd405c-663c-4d67-bf59-0dd04b501521" testListId="8c84fa94-04c1-424b-9868-57a2d4851a1d" />
    <TestEntry testId="7807df50-ee26-0f10-12a0-defbfbd207ff" executionId="fd04d0e5-57dd-4cff-892e-eb94b5d14447" testListId="8c84fa94-04c1-424b-9868-57a2d4851a1d" />
    <TestEntry testId="11c0299e-624f-ec06-f223-5c8a0c70e7a9" executionId="f3ae27f4-86b1-40e3-ad49-dcbc3f354cf1" testListId="8c84fa94-04c1-424b-9868-57a2d4851a1d" />
    <TestEntry testId="3a1b3501-bc6d-ba0a-031d-89ee24edd2f4" executionId="a0eb77b1-b933-40e9-a67d-95da31c0f22e" testListId="8c84fa94-04c1-424b-9868-57a2d4851a1d" />
    <TestEntry testId="a6451926-e37f-46e6-d07e-e9bbbec88b89" executionId="c00d4ae8-5dde-42d4-b0a7-5e365658c4c3" testListId="8c84fa94-04c1-424b-9868-57a2d4851a1d" />
    <TestEntry testId="bef21383-230a-f1df-7764-c0b5ef042bad" executionId="a97d2caa-abec-4054-b533-a6f10a1be0f0" testListId="8c84fa94-04c1-424b-9868-57a2d4851a1d" />
    <TestEntry testId="ae3a121d-2ffe-61d8-3fe3-dc93e3f35770" executionId="b2ce6852-30ed-4f88-8de5-dd4dffe97380" testListId="8c84fa94-04c1-424b-9868-57a2d4851a1d" />
    <TestEntry testId="6430d3c8-33cd-8cf0-4d7a-fd40871a7d1a" executionId="7872e54c-35d9-4844-8385-da5b7466247c" testListId="8c84fa94-04c1-424b-9868-57a2d4851a1d" />
    <TestEntry testId="4535158a-4ec0-8ddb-e4d3-d2e024c4f620" executionId="6a5d4a2a-56e4-4552-8b5e-3351554e7918" testListId="8c84fa94-04c1-424b-9868-57a2d4851a1d" />
    <TestEntry testId="037817e5-5fe4-4472-857e-bf043679b86c" executionId="af7b4793-ea4e-433a-a1b5-be95c56884ae" testListId="8c84fa94-04c1-424b-9868-57a2d4851a1d" />
    <TestEntry testId="bae942ad-fc0e-9414-6588-cb81999d9b92" executionId="45f60d90-ed08-4070-96de-ad07b5136532" testListId="8c84fa94-04c1-424b-9868-57a2d4851a1d" />
    <TestEntry testId="fc9e625d-a686-2646-faa5-ce08005b5da6" executionId="b6deff4c-bacb-4973-a9d4-9ae1efd761a1" testListId="8c84fa94-04c1-424b-9868-57a2d4851a1d" />
    <TestEntry testId="06fb0a47-7760-8b03-b400-64cc741aa5c2" executionId="a2df9bd0-6182-4052-8e66-1d4d7e11404d" testListId="8c84fa94-04c1-424b-9868-57a2d4851a1d" />
    <TestEntry testId="bdaeed5a-4723-e372-763c-a906c0db5cc8" executionId="3da75398-cfd7-4753-a5b8-66f6112b9ffd" testListId="8c84fa94-04c1-424b-9868-57a2d4851a1d" />
    <TestEntry testId="9283d2a2-f4ab-7584-4e5a-4703a043fec5" executionId="130a1096-71bd-49d3-8bf6-0399eb729e1f" testListId="8c84fa94-04c1-424b-9868-57a2d4851a1d" />
    <TestEntry testId="0486ff7b-0f25-e04d-eb6f-291d1c7eb0cd" executionId="e7a33e6f-8efb-4801-8263-4cb2815dc8cf" testListId="8c84fa94-04c1-424b-9868-57a2d4851a1d" />
    <TestEntry testId="cc00de65-2845-e4a0-d766-5df7caf53da2" executionId="9b5a491d-4cbc-4f10-8446-592275463b45" testListId="8c84fa94-04c1-424b-9868-57a2d4851a1d" />
    <TestEntry testId="54019f00-1d48-eb17-5f58-f75bca316389" executionId="4b57fc86-cf78-434e-a7d0-bc69f77a4092" testListId="8c84fa94-04c1-424b-9868-57a2d4851a1d" />
    <TestEntry testId="b746cbe0-19bd-072d-bb55-7f4b870c7fb3" executionId="a877e76a-5a0d-4fc7-b577-4daeb5ab41c3" testListId="8c84fa94-04c1-424b-9868-57a2d4851a1d" />
    <TestEntry testId="ea1d6fc3-d217-d0b6-92b6-fb636f956350" executionId="a95c9520-3d14-4465-9832-e5ccf7c96a29" testListId="8c84fa94-04c1-424b-9868-57a2d4851a1d" />
    <TestEntry testId="5656d226-c4d2-4f22-52b7-cffc02ccbc31" executionId="4039544e-0e46-4b77-ba3b-dcb55c0acc9c" testListId="8c84fa94-04c1-424b-9868-57a2d4851a1d" />
    <TestEntry testId="51f50852-b918-133f-97ab-5151e691c5c7" executionId="58e9675c-4c7d-40e1-8fc9-50744419a790" testListId="8c84fa94-04c1-424b-9868-57a2d4851a1d" />
    <TestEntry testId="8fb73459-a347-809a-ddfd-cb17676aede6" executionId="9b8b4fae-3919-492f-b2bf-968a2bc8c1ef" testListId="8c84fa94-04c1-424b-9868-57a2d4851a1d" />
    <TestEntry testId="25c340c9-df46-32ad-738d-dee3bdb06cb5" executionId="56549157-52fc-4918-a35f-fba3952ec7dd" testListId="8c84fa94-04c1-424b-9868-57a2d4851a1d" />
    <TestEntry testId="c4084ea7-db07-ff0e-844e-6c8f9ea0f7b4" executionId="7965d0b7-64cb-4ac9-9d9f-08753cf70593" testListId="8c84fa94-04c1-424b-9868-57a2d4851a1d" />
    <TestEntry testId="89be0eed-6fdb-8d57-5caf-68154583b9c4" executionId="35f8af2e-b398-41a4-aa6f-ee08ebd96ac8" testListId="8c84fa94-04c1-424b-9868-57a2d4851a1d" />
    <TestEntry testId="0fd93e47-f838-7881-e7fc-9f31675138e6" executionId="de37b431-acab-44bb-9462-599893491750" testListId="8c84fa94-04c1-424b-9868-57a2d4851a1d" />
    <TestEntry testId="96251e2b-a759-a1b8-e6ba-ed2fedd053a4" executionId="327508af-b9e3-455e-a869-5af198b65da5" testListId="8c84fa94-04c1-424b-9868-57a2d4851a1d" />
    <TestEntry testId="c587a802-c993-f562-5cb4-e475ef257827" executionId="4a5cfcf2-7712-40d6-b84b-629100b70303" testListId="8c84fa94-04c1-424b-9868-57a2d4851a1d" />
    <TestEntry testId="09f12761-f4e8-7b88-9dd9-d31e45a4754c" executionId="d85880bb-3c18-4941-857f-ffc1c5fadca0" testListId="8c84fa94-04c1-424b-9868-57a2d4851a1d" />
    <TestEntry testId="23978dd7-ce7f-b5a6-b473-b9c3012999ac" executionId="3141297d-a8de-4c62-8199-3406663dab2f" testListId="8c84fa94-04c1-424b-9868-57a2d4851a1d" />
    <TestEntry testId="6261be85-b71d-6580-8241-d8cd83cca7cc" executionId="0b325ca7-2891-4a3c-976e-9bd16a054498" testListId="8c84fa94-04c1-424b-9868-57a2d4851a1d" />
    <TestEntry testId="76be8fda-0615-d14f-089a-c0eb7a8b2b39" executionId="a21aebf0-eeca-48b6-8e9b-66189b4af43c" testListId="8c84fa94-04c1-424b-9868-57a2d4851a1d" />
    <TestEntry testId="bc9835c8-5bd0-da45-8d53-b930d5bcb94e" executionId="d33cc062-4447-4ce8-847b-c0a105c2d172" testListId="8c84fa94-04c1-424b-9868-57a2d4851a1d" />
    <TestEntry testId="92ca76c3-fc79-dc38-ad06-dd766427193c" executionId="e3a78181-72df-4b65-b88e-7280e573e79b" testListId="8c84fa94-04c1-424b-9868-57a2d4851a1d" />
    <TestEntry testId="8aaa57e3-e79b-2234-7686-928a3d0bcc79" executionId="61e65aec-e00b-4471-bd04-8e236c7388a1" testListId="8c84fa94-04c1-424b-9868-57a2d4851a1d" />
    <TestEntry testId="8038d565-af99-c491-084c-b06e09944f06" executionId="935a0178-4b92-4871-bc2d-2b762530daea" testListId="8c84fa94-04c1-424b-9868-57a2d4851a1d" />
    <TestEntry testId="62d7f93d-51ea-79e3-9f91-1c6fa19ef2d1" executionId="1f979af7-c4f7-4bdd-b803-2e72e86bb560" testListId="8c84fa94-04c1-424b-9868-57a2d4851a1d" />
    <TestEntry testId="42a10e2e-e5b0-1461-48fd-91f6ddf5335f" executionId="637fbf06-ff45-40b5-88c7-08f566758678" testListId="8c84fa94-04c1-424b-9868-57a2d4851a1d" />
    <TestEntry testId="cd355d1e-c0c2-9763-65e0-3e43d1723e75" executionId="f3fa72ab-911e-42ed-bad8-ac01ee3a9e4f" testListId="8c84fa94-04c1-424b-9868-57a2d4851a1d" />
    <TestEntry testId="2692d0b6-79a5-de53-e151-99485be00d93" executionId="37f06c4c-4f2f-4e31-944b-6d1827706d1a" testListId="8c84fa94-04c1-424b-9868-57a2d4851a1d" />
    <TestEntry testId="6cea7c97-75df-bee4-9e5b-3a69bf247dc4" executionId="02d4ed6c-eb02-4052-9aed-b00afecacd6b" testListId="8c84fa94-04c1-424b-9868-57a2d4851a1d" />
    <TestEntry testId="4a4efafe-dfd4-5470-8642-915ae40f4901" executionId="8b939585-5fa8-4803-875e-7d3b9730d34b" testListId="8c84fa94-04c1-424b-9868-57a2d4851a1d" />
    <TestEntry testId="b8bdaa2e-a150-61cf-17f3-9cffa7cfdd0e" executionId="4dc5ff77-a171-49e6-8e21-2746fa8e20d6" testListId="8c84fa94-04c1-424b-9868-57a2d4851a1d" />
    <TestEntry testId="eec22a38-6767-8c2b-0d46-7fd5fdb1d861" executionId="477b7ba6-47f4-4fc0-a99c-e932d1077864" testListId="8c84fa94-04c1-424b-9868-57a2d4851a1d" />
    <TestEntry testId="48e0f074-5cec-8632-436e-c3d92ae0cc1d" executionId="881de0bc-6456-4413-867d-af33b7f50780" testListId="8c84fa94-04c1-424b-9868-57a2d4851a1d" />
    <TestEntry testId="99f686ad-11fb-1ae8-6f07-811d498e06c5" executionId="f4d345af-db12-4a84-a861-2c20a6e50401" testListId="8c84fa94-04c1-424b-9868-57a2d4851a1d" />
    <TestEntry testId="be947977-d87d-5225-f7dc-8e2be0bf8df4" executionId="34593144-a1fa-4822-a332-06922b1537c3" testListId="8c84fa94-04c1-424b-9868-57a2d4851a1d" />
    <TestEntry testId="6b38f3ec-a273-abd7-4dbe-867a3b39d1dd" executionId="a050e88a-dc7f-4811-b257-c9de48f0cf76" testListId="8c84fa94-04c1-424b-9868-57a2d4851a1d" />
    <TestEntry testId="2b5e7b1f-fad5-c3ff-7034-95dd3c81d262" executionId="eed7c2a6-b42a-4cec-821f-1f3d94d4ae77" testListId="8c84fa94-04c1-424b-9868-57a2d4851a1d" />
    <TestEntry testId="66f20019-ec87-09f8-d74d-6239f0b968a5" executionId="c395d3fb-fa5d-49d3-9bde-7cb342a931dc" testListId="8c84fa94-04c1-424b-9868-57a2d4851a1d" />
    <TestEntry testId="41009409-f999-960c-10b7-1f85572327e7" executionId="5226dd57-54c6-4f13-918e-cd7e5ce4fec2" testListId="8c84fa94-04c1-424b-9868-57a2d4851a1d" />
    <TestEntry testId="a2c8b2d9-975b-7fcf-0914-5dfa491ac97d" executionId="29166470-9f7e-484b-b2e5-ed7461a78f79" testListId="8c84fa94-04c1-424b-9868-57a2d4851a1d" />
    <TestEntry testId="e0133687-0fad-ffff-1a36-3d7a85d7410c" executionId="f13bc77a-9ed0-47b7-a2ac-a98a355d8c95" testListId="8c84fa94-04c1-424b-9868-57a2d4851a1d" />
    <TestEntry testId="1f018cd3-2b36-fa33-3076-464fb8fd5c8d" executionId="fac695a0-7e63-4be9-be5e-74066042337e" testListId="8c84fa94-04c1-424b-9868-57a2d4851a1d" />
    <TestEntry testId="326a9419-5a51-fe87-2750-8a197c842ee4" executionId="e0f56f06-3df9-43a4-9cac-3c1c35120c20" testListId="8c84fa94-04c1-424b-9868-57a2d4851a1d" />
    <TestEntry testId="2e0e2f04-6210-76c5-4d9d-1f20ba24b5a8" executionId="ecaf421b-dae2-4488-8058-2555dbb5fe82" testListId="8c84fa94-04c1-424b-9868-57a2d4851a1d" />
    <TestEntry testId="1c235f72-b98b-b9d6-e1e4-f0f21be76497" executionId="8bd99fc1-4cce-4b16-9469-ad4b80c1536a" testListId="8c84fa94-04c1-424b-9868-57a2d4851a1d" />
    <TestEntry testId="c9ea7566-35de-a22a-51be-4ed554100594" executionId="8c7adc41-f5fb-45c2-bf8b-4d5ae18d996e" testListId="8c84fa94-04c1-424b-9868-57a2d4851a1d" />
    <TestEntry testId="21dfe30b-ff2f-57f2-6e48-7991c9619156" executionId="0ad1bc81-63bb-4723-bb10-a3f98c6cded0" testListId="8c84fa94-04c1-424b-9868-57a2d4851a1d" />
    <TestEntry testId="9f429f57-2ba6-f60d-847c-69c3bf97d779" executionId="e4a00b29-71be-4705-8f1f-9994ab93c20a" testListId="8c84fa94-04c1-424b-9868-57a2d4851a1d" />
    <TestEntry testId="14c780cb-3b92-0fbc-90e1-99569a543085" executionId="d661c9b6-bce8-427f-bce9-5194b6809db8" testListId="8c84fa94-04c1-424b-9868-57a2d4851a1d" />
    <TestEntry testId="1c5182af-ae89-084c-dd9b-49d6da0247a1" executionId="958fa5c5-9f06-4018-a805-448cf66bcc0d" testListId="8c84fa94-04c1-424b-9868-57a2d4851a1d" />
    <TestEntry testId="502eb639-ca7d-09a6-0fd2-d8c986533183" executionId="2837ac0b-4175-45e2-b685-52147b1afc3a" testListId="8c84fa94-04c1-424b-9868-57a2d4851a1d" />
    <TestEntry testId="c86f387e-67e8-f1af-7178-1e1a64d89925" executionId="13490fd1-98c8-4062-bfd2-eb4e62ecfaed" testListId="8c84fa94-04c1-424b-9868-57a2d4851a1d" />
    <TestEntry testId="f91ab8b9-d890-86f1-5c10-a26ea26ed646" executionId="add39241-4e8b-4ca5-8e68-6bcc33dfc698" testListId="8c84fa94-04c1-424b-9868-57a2d4851a1d" />
    <TestEntry testId="165c08cc-976f-ff8c-9379-726365670953" executionId="5ff7102a-d073-4931-8751-c888aa155304" testListId="8c84fa94-04c1-424b-9868-57a2d4851a1d" />
    <TestEntry testId="1a1d1504-0138-6c01-2a1d-95f36257fb15" executionId="51ea7e08-21f8-4746-98ca-43e396f2e65f" testListId="8c84fa94-04c1-424b-9868-57a2d4851a1d" />
    <TestEntry testId="4e8aed96-a178-2ebe-c93e-986fa1a3aa3f" executionId="fafb2f36-c980-4d4a-8cbf-093b08051b0c" testListId="8c84fa94-04c1-424b-9868-57a2d4851a1d" />
    <TestEntry testId="3012acfa-49fb-8791-3e99-085f167ca261" executionId="832157b1-f5fa-4ab6-b773-e68528d20416" testListId="8c84fa94-04c1-424b-9868-57a2d4851a1d" />
    <TestEntry testId="b5bd6778-51f5-7013-a2a9-efee846d1e36" executionId="7ea90e47-f6a6-4f6e-8952-448113d6e736" testListId="8c84fa94-04c1-424b-9868-57a2d4851a1d" />
    <TestEntry testId="857e4856-e444-51ad-12be-a8f4413a3e5f" executionId="60ad6159-356a-409d-b672-a79ad2e6a703" testListId="8c84fa94-04c1-424b-9868-57a2d4851a1d" />
    <TestEntry testId="60e47c33-4803-59f2-c5aa-7405defe7533" executionId="9355f3ec-a6ae-4653-9492-23ce673b0336" testListId="8c84fa94-04c1-424b-9868-57a2d4851a1d" />
    <TestEntry testId="f575eb1a-b8b5-297e-d84a-d80b4bcc735e" executionId="d5b91f58-717f-47b1-a989-ff91f8b600d2" testListId="8c84fa94-04c1-424b-9868-57a2d4851a1d" />
    <TestEntry testId="4cb25dd9-b9c1-4389-9fdf-b2b29746b017" executionId="1851e2ed-d2b6-43b5-840f-1a76f8e521f1" testListId="8c84fa94-04c1-424b-9868-57a2d4851a1d" />
    <TestEntry testId="c28a1428-c74d-370f-ac49-7fef8bb41a51" executionId="50abfdfa-0ac7-4fbd-b7c1-0a99f06a1102" testListId="8c84fa94-04c1-424b-9868-57a2d4851a1d" />
    <TestEntry testId="c39667cc-1e47-6f27-78e6-10f8f6ac4b66" executionId="f46a2cea-798a-470c-9c31-08795a996042" testListId="8c84fa94-04c1-424b-9868-57a2d4851a1d" />
    <TestEntry testId="e3486e06-957c-b9d3-4985-03e0bb29a125" executionId="1229ac20-d237-4122-aef4-4e38949ee85f" testListId="8c84fa94-04c1-424b-9868-57a2d4851a1d" />
    <TestEntry testId="af76b69d-5029-6068-f00f-ad0dbc8ceba7" executionId="d989dab3-2fe5-415a-90cf-005e7aa40644" testListId="8c84fa94-04c1-424b-9868-57a2d4851a1d" />
    <TestEntry testId="9b3a9694-22b6-3047-7d91-d1017d394e5f" executionId="8db1f25a-9d41-4bed-9c3d-951c17450bcd" testListId="8c84fa94-04c1-424b-9868-57a2d4851a1d" />
    <TestEntry testId="a10433b4-2acb-0229-9622-4f9c92f372c7" executionId="faa136de-3f2e-4b01-a654-6590a51ca344" testListId="8c84fa94-04c1-424b-9868-57a2d4851a1d" />
    <TestEntry testId="fb562c81-19f7-96b5-7936-218b411c64b2" executionId="1354f5cf-5434-4e3b-8898-62d2b3eaf2af" testListId="8c84fa94-04c1-424b-9868-57a2d4851a1d" />
    <TestEntry testId="a2f0de00-472d-da58-a788-596cd232a850" executionId="f8ba8387-0a47-4f93-9fd8-472bb7ed13f1" testListId="8c84fa94-04c1-424b-9868-57a2d4851a1d" />
    <TestEntry testId="f9cd2bfe-bb6e-fac1-f591-1c7ef5ce1220" executionId="bfecc930-259c-483a-bd8e-aadcbdee3aea" testListId="8c84fa94-04c1-424b-9868-57a2d4851a1d" />
    <TestEntry testId="305e1924-b70b-8ef2-7c00-8f4551f828be" executionId="31bc98f4-0446-474b-a98d-dc69eee88b13" testListId="8c84fa94-04c1-424b-9868-57a2d4851a1d" />
    <TestEntry testId="b2d93925-9a24-186d-c663-23dd0f19ae48" executionId="d14cd723-fbf8-49c1-a014-6975ba4935cb" testListId="8c84fa94-04c1-424b-9868-57a2d4851a1d" />
    <TestEntry testId="2b5a645d-bc89-2664-2c08-13e7ecf26493" executionId="5c888023-2ee4-423c-ae82-d205ffc527dc" testListId="8c84fa94-04c1-424b-9868-57a2d4851a1d" />
    <TestEntry testId="5218cfab-c5ef-39be-d630-05b404d390e7" executionId="e256037e-94d1-4776-a93b-08107b1e81bf" testListId="8c84fa94-04c1-424b-9868-57a2d4851a1d" />
    <TestEntry testId="399cc0ef-f567-45be-c141-cc23ff437443" executionId="d3f05ba9-f352-4126-b029-2902ffdfcf57" testListId="8c84fa94-04c1-424b-9868-57a2d4851a1d" />
    <TestEntry testId="16195ed3-9cd4-1796-9c47-dd124dd76d38" executionId="045dda93-f6e6-4195-87ac-9f170ee3d347" testListId="8c84fa94-04c1-424b-9868-57a2d4851a1d" />
    <TestEntry testId="77e88391-4901-e4f9-8005-8b79dc733a93" executionId="cbaf30ad-2d94-4486-97c3-161373fdc0f0" testListId="8c84fa94-04c1-424b-9868-57a2d4851a1d" />
  </TestEntries>
  <TestLists>
    <TestList name="Results Not in a List" id="8c84fa94-04c1-424b-9868-57a2d4851a1d" />
    <TestList name="All Loaded Results" id="19431567-8539-422a-85d7-44ee4e166bda" />
  </TestLists>
  <ResultSummary outcome="Completed">
    <Counters total="208" executed="206" passed="206" failed="0" error="0" timeout="0" aborted="0" inconclusive="0" passedButRunAborted="0" notRunnable="0" notExecuted="0" disconnected="0" warning="0" completed="0" inProgress="0" pending="0" />
    <Output>
      <StdOut>[xUnit.net 00:00:00.00] xUnit.net VSTest Adapter v2.5.0.1+5ebf84cd75 (64-bit .NET 8.0.22)&#xD;
[xUnit.net 00:00:00.08]   Discovering: XCli.Tests&#xD;
[xUnit.net 00:00:00.15]   Discovered:  XCli.Tests&#xD;
[xUnit.net 00:00:00.16]   Starting:    XCli.Tests&#xD;
[xUnit.net 00:00:02.34]       Scaffold: add tests to exercise Telemetry command paths and improve branch coverage.&#xD;
Test 'XCli.Tests.Coverage.TelemetryCoverageScaffold.TelemetryCommand_Paths_ImproveBranchCoverage' was skipped in the test run.&#xD;
[xUnit.net 00:01:14.04]       Scaffold: add tests to exercise Simulation flows and improve branch coverage.&#xD;
Test 'XCli.Tests.Coverage.SimulationCoverageScaffold.Simulation_Flows_ImproveBranchCoverage' was skipped in the test run.&#xD;
[x-cli] vitester: success (simulated)&#xD;
[xUnit.net 00:02:02.10]   Finished:    XCli.Tests&#xD;
</StdOut>
    </Output>
    <RunInfos>
      <RunInfo computerName="USAUSLT-Z7DLW6G" outcome="Warning" timestamp="2025-12-05T18:46:35.4890438-08:00">
        <Text>[xUnit.net 00:00:02.33]     XCli.Tests.Coverage.TelemetryCoverageScaffold.TelemetryCommand_Paths_ImproveBranchCoverage [SKIP]</Text>
      </RunInfo>
      <RunInfo computerName="USAUSLT-Z7DLW6G" outcome="Warning" timestamp="2025-12-05T18:47:47.1921391-08:00">
        <Text>[xUnit.net 00:01:14.04]     XCli.Tests.Coverage.SimulationCoverageScaffold.Simulation_Flows_ImproveBranchCoverage [SKIP]</Text>
      </RunInfo>
    </RunInfos>
  </ResultSummary>
</TestRun>