<?xml version="1.0" encoding="utf-8"?>
<TestRun id="2db6b734-0542-4cc4-9c0b-bfa4e9223e33" name="svelderr@USAUSLT-Z7DLW6G 2025-12-05 18:43:30" runUser="NI\svelderr" xmlns="http://microsoft.com/schemas/VisualStudio/TeamTest/2010">
  <Times creation="2025-12-05T18:43:30.4293028-08:00" queuing="2025-12-05T18:43:30.4293032-08:00" start="2025-12-05T18:43:28.3323515-08:00" finish="2025-12-05T18:45:31.3826213-08:00" />
  <TestSettings name="default" id="3f6b7f10-6385-42d0-b182-3a877e0c568a">
    <Deployment runDeploymentRoot="svelderr_USAUSLT-Z7DLW6G_2025-12-05_18_43_30" />
  </TestSettings>
  <Results>
    <UnitTestResult executionId="23eb9ac8-a6f5-4ce7-979d-9c531b16becc" testId="88e9d54a-eda8-43e5-4b5f-6c7de8c70f30" testName="SimulationTests.DefaultSuccess(sub: &quot;vitester&quot;)" computerName="USAUSLT-Z7DLW6G" duration="00:00:00.5643892" startTime="2025-12-05T18:45:06.7441700-08:00" endTime="2025-12-05T18:45:06.7441704-08:00" testType="13cdc9d9-ddb5-4fa4-a97d-d965ccfc6d4b" outcome="Passed" testListId="8c84fa94-04c1-424b-9868-57a2d4851a1d" relativeResultsDirectory="23eb9ac8-a6f5-4ce7-979d-9c531b16becc" />
    <UnitTestResult executionId="9fc0a82b-4df8-471c-8901-d0bf09a87041" testId="77e88391-4901-e4f9-8005-8b79dc733a93" testName="LoggingTests.DebugModeSurfacesLockFailures" computerName="USAUSLT-Z7DLW6G" duration="00:00:00.1276380" startTime="2025-12-05T18:44:16.5122841-08:00" endTime="2025-12-05T18:44:16.5122844-08:00" testType="13cdc9d9-ddb5-4fa4-a97d-d965ccfc6d4b" outcome="Passed" testListId="8c84fa94-04c1-424b-9868-57a2d4851a1d" relativeResultsDirectory="9fc0a82b-4df8-471c-8901-d0bf09a87041" />
    <UnitTestResult executionId="5347be8e-3de5-4931-aa9f-97d62abb0580" testId="dd6c55a7-cf2b-033b-2c85-a43970a40d56" testName="LoggingTests.DebugModeSurfacesConsoleWriteErrors" computerName="USAUSLT-Z7DLW6G" duration="00:00:00.0012944" startTime="2025-12-05T18:44:26.5280940-08:00" endTime="2025-12-05T18:44:26.5280941-08:00" testType="13cdc9d9-ddb5-4fa4-a97d-d965ccfc6d4b" outcome="Passed" testListId="8c84fa94-04c1-424b-9868-57a2d4851a1d" relativeResultsDirectory="5347be8e-3de5-4931-aa9f-97d62abb0580" />
    <UnitTestResult executionId="a1fe4c22-a906-4f02-ac56-39663fa33001" testId="bc9835c8-5bd0-da45-8d53-b930d5bcb94e" testName="CliTests.UnknownSubcommandFails" computerName="USAUSLT-Z7DLW6G" duration="00:00:01.1979200" startTime="2025-12-05T18:44:07.2391193-08:00" endTime="2025-12-05T18:44:07.2391198-08:00" testType="13cdc9d9-ddb5-4fa4-a97d-d965ccfc6d4b" outcome="Passed" testListId="8c84fa94-04c1-424b-9868-57a2d4851a1d" relativeResultsDirectory="a1fe4c22-a906-4f02-ac56-39663fa33001" />
    <UnitTestResult executionId="11db0e5e-2007-4ea7-8678-797cf209a199" testId="0486ff7b-0f25-e04d-eb6f-291d1c7eb0cd" testName="XCli.Tests.FooTests.Execute_AppendsExclamation" computerName="USAUSLT-Z7DLW6G" duration="00:00:00.0001564" startTime="2025-12-05T18:45:27.1308057-08:00" endTime="2025-12-05T18:45:27.1308057-08:00" testType="13cdc9d9-ddb5-4fa4-a97d-d965ccfc6d4b" outcome="Passed" testListId="8c84fa94-04c1-424b-9868-57a2d4851a1d" relativeResultsDirectory="11db0e5e-2007-4ea7-8678-797cf209a199" />
    <UnitTestResult executionId="0535c0c1-17da-43ab-85f9-98dc7f9ef90d" testId="502eb639-ca7d-09a6-0fd2-d8c986533183" testName="Env.GetBool - valid True/False parsed; invalid/missing returns default" computerName="USAUSLT-Z7DLW6G" duration="00:00:00.0003898" startTime="2025-12-05T18:45:28.2801715-08:00" endTime="2025-12-05T18:45:28.2801715-08:00" testType="13cdc9d9-ddb5-4fa4-a97d-d965ccfc6d4b" outcome="Passed" testListId="8c84fa94-04c1-424b-9868-57a2d4851a1d" relativeResultsDirectory="0535c0c1-17da-43ab-85f9-98dc7f9ef90d" />
    <UnitTestResult executionId="54f970a3-3f6d-4c46-9b06-820407d6e749" testId="f36e4fe6-4631-1222-544e-fb5b92c4e03f" testName="LoggingTests.StderrIsJsonAndStdoutClean" computerName="USAUSLT-Z7DLW6G" duration="00:00:00.6313628" startTime="2025-12-05T18:44:32.3059809-08:00" endTime="2025-12-05T18:44:32.3059811-08:00" testType="13cdc9d9-ddb5-4fa4-a97d-d965ccfc6d4b" outcome="Passed" testListId="8c84fa94-04c1-424b-9868-57a2d4851a1d" relativeResultsDirectory="54f970a3-3f6d-4c46-9b06-820407d6e749" />
    <UnitTestResult executionId="d9ff7e9a-8148-4d38-ba0c-479b52cd7325" testId="99f686ad-11fb-1ae8-6f07-811d498e06c5" testName="LogDiffTests.Diff_PrintsPerTestTimingDeltas" computerName="USAUSLT-Z7DLW6G" duration="00:00:00.5480022" startTime="2025-12-05T18:45:27.1303428-08:00" endTime="2025-12-05T18:45:27.1303430-08:00" testType="13cdc9d9-ddb5-4fa4-a97d-d965ccfc6d4b" outcome="Passed" testListId="8c84fa94-04c1-424b-9868-57a2d4851a1d" relativeResultsDirectory="d9ff7e9a-8148-4d38-ba0c-479b52cd7325" />
    <UnitTestResult executionId="8953c642-e0bd-4a36-9a80-12ff40612ad3" testId="9aa45daa-cbcc-1edf-f50e-0bcd581c2950" testName="LabviewDevmodeScenarioConfigTests.ScenarioOverridesSupportMultipleVersionsForSameOperation" computerName="USAUSLT-Z7DLW6G" duration="00:00:01.2230714" startTime="2025-12-05T18:44:49.2075016-08:00" endTime="2025-12-05T18:44:49.2075018-08:00" testType="13cdc9d9-ddb5-4fa4-a97d-d965ccfc6d4b" outcome="Passed" testListId="8c84fa94-04c1-424b-9868-57a2d4851a1d" relativeResultsDirectory="8953c642-e0bd-4a36-9a80-12ff40612ad3" />
    <UnitTestResult executionId="af806155-1629-4fb2-b06f-8a5cc12bd74a" testId="cd355d1e-c0c2-9763-65e0-3e43d1723e75" testName="FGC-REQ-PERF-001: Subcommand completes within latency budget(sub: &quot;source-dist-verify&quot;)" computerName="USAUSLT-Z7DLW6G" duration="00:00:01.3253781" startTime="2025-12-05T18:43:58.0514154-08:00" endTime="2025-12-05T18:43:58.0514156-08:00" testType="13cdc9d9-ddb5-4fa4-a97d-d965ccfc6d4b" outcome="Passed" testListId="8c84fa94-04c1-424b-9868-57a2d4851a1d" relativeResultsDirectory="af806155-1629-4fb2-b06f-8a5cc12bd74a" />
    <UnitTestResult executionId="c4456bac-bdb1-4fb0-8bab-d7e86c1a05f8" testId="3bce8bbf-b24b-d6bd-944a-b83acc8443af" testName="EndToEndTests.PayloadAndLogging" computerName="USAUSLT-Z7DLW6G" duration="00:00:00.7648822" startTime="2025-12-05T18:44:04.0797068-08:00" endTime="2025-12-05T18:44:04.0797073-08:00" testType="13cdc9d9-ddb5-4fa4-a97d-d965ccfc6d4b" outcome="Passed" testListId="8c84fa94-04c1-424b-9868-57a2d4851a1d" relativeResultsDirectory="c4456bac-bdb1-4fb0-8bab-d7e86c1a05f8" />
    <UnitTestResult executionId="2ef68648-3a5a-46e6-a754-8520810ee745" testId="8fb73459-a347-809a-ddfd-cb17676aede6" testName="FGC-REQ-SIM-003: exitCode above 255 is clamped to 255" computerName="USAUSLT-Z7DLW6G" duration="00:00:00.6870837" startTime="2025-12-05T18:44:36.0867659-08:00" endTime="2025-12-05T18:44:36.0867663-08:00" testType="13cdc9d9-ddb5-4fa4-a97d-d965ccfc6d4b" outcome="Passed" testListId="8c84fa94-04c1-424b-9868-57a2d4851a1d" relativeResultsDirectory="2ef68648-3a5a-46e6-a754-8520810ee745" />
    <UnitTestResult executionId="ad536603-fb40-4816-985b-a4e3b47fc913" testId="9e9ac361-92f6-9d1e-fa50-cf0b2e884ff0" testName="LabviewDevmodeResourceScenarioTests.DiskFullScenarioSetsResourceErrorAndFails" computerName="USAUSLT-Z7DLW6G" duration="00:00:00.5742497" startTime="2025-12-05T18:45:30.7399851-08:00" endTime="2025-12-05T18:45:30.7399853-08:00" testType="13cdc9d9-ddb5-4fa4-a97d-d965ccfc6d4b" outcome="Passed" testListId="8c84fa94-04c1-424b-9868-57a2d4851a1d" relativeResultsDirectory="ad536603-fb40-4816-985b-a4e3b47fc913" />
    <UnitTestResult executionId="7a0eb373-821a-472c-84ca-ac1d67ab17dc" testId="1f018cd3-2b36-fa33-3076-464fb8fd5c8d" testName="ProcessUtil honors stdout redirection and exit code" computerName="USAUSLT-Z7DLW6G" duration="00:00:00.0542913" startTime="2025-12-05T18:44:39.4256809-08:00" endTime="2025-12-05T18:44:39.4256811-08:00" testType="13cdc9d9-ddb5-4fa4-a97d-d965ccfc6d4b" outcome="Passed" testListId="8c84fa94-04c1-424b-9868-57a2d4851a1d" relativeResultsDirectory="7a0eb373-821a-472c-84ca-ac1d67ab17dc" />
    <UnitTestResult executionId="907c02be-db23-45f0-9e65-e33ec8ab32d9" testId="a2f0de00-472d-da58-a788-596cd232a850" testName="SimulationTests.DefaultSuccess(sub: &quot;vi-compare-verify&quot;)" computerName="USAUSLT-Z7DLW6G" duration="00:00:00.9366506" startTime="2025-12-05T18:45:04.2952066-08:00" endTime="2025-12-05T18:45:04.2952069-08:00" testType="13cdc9d9-ddb5-4fa4-a97d-d965ccfc6d4b" outcome="Passed" testListId="8c84fa94-04c1-424b-9868-57a2d4851a1d" relativeResultsDirectory="907c02be-db23-45f0-9e65-e33ec8ab32d9" />
    <UnitTestResult executionId="02611865-9410-4f81-82b4-747e9618a6a2" testId="f64b8267-ef0c-411b-cab0-f3b40e6b0d3a" testName="LogReplayTests.Replay_PrintsVerbatimMessages_WithOriginalOrdering" computerName="USAUSLT-Z7DLW6G" duration="00:00:00.6556158" startTime="2025-12-05T18:44:57.2416145-08:00" endTime="2025-12-05T18:44:57.2416147-08:00" testType="13cdc9d9-ddb5-4fa4-a97d-d965ccfc6d4b" outcome="Passed" testListId="8c84fa94-04c1-424b-9868-57a2d4851a1d" relativeResultsDirectory="02611865-9410-4f81-82b4-747e9618a6a2" />
    <UnitTestResult executionId="def75f1b-cf39-4c90-868c-b08d27bc8819" testId="8038d565-af99-c491-084c-b06e09944f06" testName="FGC-REQ-PERF-001: Subcommand completes within latency budget(sub: &quot;vi-analyzer-run&quot;)" computerName="USAUSLT-Z7DLW6G" duration="00:00:01.0954682" startTime="2025-12-05T18:43:53.0214854-08:00" endTime="2025-12-05T18:43:53.0214857-08:00" testType="13cdc9d9-ddb5-4fa4-a97d-d965ccfc6d4b" outcome="Passed" testListId="8c84fa94-04c1-424b-9868-57a2d4851a1d" relativeResultsDirectory="def75f1b-cf39-4c90-868c-b08d27bc8819" />
    <UnitTestResult executionId="067b4582-69cf-4b85-8838-6d143d7fb9b1" testId="857e4856-e444-51ad-12be-a8f4413a3e5f" testName="SimulationTests.DefaultSuccess(sub: &quot;ppl-build&quot;)" computerName="USAUSLT-Z7DLW6G" duration="00:00:00.6145760" startTime="2025-12-05T18:45:02.1777814-08:00" endTime="2025-12-05T18:45:02.1777817-08:00" testType="13cdc9d9-ddb5-4fa4-a97d-d965ccfc6d4b" outcome="Passed" testListId="8c84fa94-04c1-424b-9868-57a2d4851a1d" relativeResultsDirectory="067b4582-69cf-4b85-8838-6d143d7fb9b1" />
    <UnitTestResult executionId="d78c6261-5315-4f80-a4f6-7f27703f4356" testId="b27b98bd-3f89-eaa2-8aac-4d48e3793cb0" testName="UpperCliTests.UpperSubcommandPrintsAndLogs" computerName="USAUSLT-Z7DLW6G" duration="00:00:00.5791037" startTime="2025-12-05T18:44:03.3149156-08:00" endTime="2025-12-05T18:44:03.3149159-08:00" testType="13cdc9d9-ddb5-4fa4-a97d-d965ccfc6d4b" outcome="Passed" testListId="8c84fa94-04c1-424b-9868-57a2d4851a1d" relativeResultsDirectory="d78c6261-5315-4f80-a4f6-7f27703f4356" />
    <UnitTestResult executionId="7ecf4646-7eef-409d-abcd-e1afb60b34ab" testId="07db6eaa-f0da-4753-ccaf-a06e863311e0" testName="Env.GetStringOrDefault - missing or empty returns default" computerName="USAUSLT-Z7DLW6G" duration="00:00:00.0001470" startTime="2025-12-05T18:45:28.2824819-08:00" endTime="2025-12-05T18:45:28.2824820-08:00" testType="13cdc9d9-ddb5-4fa4-a97d-d965ccfc6d4b" outcome="Passed" testListId="8c84fa94-04c1-424b-9868-57a2d4851a1d" relativeResultsDirectory="7ecf4646-7eef-409d-abcd-e1afb60b34ab" />
    <UnitTestResult executionId="24d136b8-b14e-487c-9fbe-05ba422fa962" testId="bae942ad-fc0e-9414-6588-cb81999d9b92" testName="LoggingTests.LockFailureSilentWhenDebugDisabled" computerName="USAUSLT-Z7DLW6G" duration="00:00:00.1182937" startTime="2025-12-05T18:44:32.4241324-08:00" endTime="2025-12-05T18:44:32.4241329-08:00" testType="13cdc9d9-ddb5-4fa4-a97d-d965ccfc6d4b" outcome="Passed" testListId="8c84fa94-04c1-424b-9868-57a2d4851a1d" relativeResultsDirectory="24d136b8-b14e-487c-9fbe-05ba422fa962" />
    <UnitTestResult executionId="8634bd34-889c-43d9-bb44-d17e7f1ef15e" testId="cb65190e-21ab-bb48-c7e8-62c081cede33" testName="SimulationTests.JsonConfigDelayOverridesEnv" computerName="USAUSLT-Z7DLW6G" duration="00:00:00.0027103" startTime="2025-12-05T18:45:16.7251107-08:00" endTime="2025-12-05T18:45:16.7251110-08:00" testType="13cdc9d9-ddb5-4fa4-a97d-d965ccfc6d4b" outcome="Passed" testListId="8c84fa94-04c1-424b-9868-57a2d4851a1d" relativeResultsDirectory="8634bd34-889c-43d9-bb44-d17e7f1ef15e" />
    <UnitTestResult executionId="cf558199-6a08-42b0-822e-d137968b8acf" testId="319aed33-9b5f-4fe8-7b9d-c980ef2132da" testName="SimulationTests.DefaultSuccess(sub: &quot;vip&quot;)" computerName="USAUSLT-Z7DLW6G" duration="00:00:00.6801779" startTime="2025-12-05T18:45:08.1377614-08:00" endTime="2025-12-05T18:45:08.1377616-08:00" testType="13cdc9d9-ddb5-4fa4-a97d-d965ccfc6d4b" outcome="Passed" testListId="8c84fa94-04c1-424b-9868-57a2d4851a1d" relativeResultsDirectory="cf558199-6a08-42b0-822e-d137968b8acf" />
    <UnitTestResult executionId="a11d98fd-9091-4e8c-976b-ab15ffab80a0" testId="c587a802-c993-f562-5cb4-e475ef257827" testName="FGC-REQ-LOG-001/002: Log is JSON on stderr with required keys; stdout contains only simulated user message" computerName="USAUSLT-Z7DLW6G" duration="00:00:00.5584637" startTime="2025-12-05T18:43:33.0305101-08:00" endTime="2025-12-05T18:43:33.0305107-08:00" testType="13cdc9d9-ddb5-4fa4-a97d-d965ccfc6d4b" outcome="Passed" testListId="8c84fa94-04c1-424b-9868-57a2d4851a1d" relativeResultsDirectory="a11d98fd-9091-4e8c-976b-ab15ffab80a0" />
    <UnitTestResult executionId="6b5896f8-a582-4f71-aaff-534136f0d7f2" testId="3f589b3b-66a9-5fbf-de39-f2996a7fe554" testName="FGC-REQ-PERF-001: Subcommand completes within latency budget(sub: &quot;clearlvcache&quot;)" computerName="USAUSLT-Z7DLW6G" duration="00:00:01.1471129" startTime="2025-12-05T18:43:50.7863636-08:00" endTime="2025-12-05T18:43:50.7863638-08:00" testType="13cdc9d9-ddb5-4fa4-a97d-d965ccfc6d4b" outcome="Passed" testListId="8c84fa94-04c1-424b-9868-57a2d4851a1d" relativeResultsDirectory="6b5896f8-a582-4f71-aaff-534136f0d7f2" />
    <UnitTestResult executionId="588d98b9-4d6a-49ad-a0d5-1b6ddbb7e69b" testId="23978dd7-ce7f-b5a6-b473-b9c3012999ac" testName="XCli.Tests.Analyzers.NoDirectEnvironmentAccessTests.ForbiddenCalls_AreDetected(call: &quot;Environment.GetEnvironmentVariables();&quot;)" computerName="USAUSLT-Z7DLW6G" duration="00:00:00.0525867" startTime="2025-12-05T18:44:39.1498988-08:00" endTime="2025-12-05T18:44:39.1498991-08:00" testType="13cdc9d9-ddb5-4fa4-a97d-d965ccfc6d4b" outcome="Passed" testListId="8c84fa94-04c1-424b-9868-57a2d4851a1d" relativeResultsDirectory="588d98b9-4d6a-49ad-a0d5-1b6ddbb7e69b" />
    <UnitTestResult executionId="4facb23b-1fb7-4287-836a-f6b97ff4e7d2" testId="b22178ea-3bc1-465e-e899-65f6e43ad0b7" testName="FGC-REQ-SIM-002: Empty per-command env disables global failure" computerName="USAUSLT-Z7DLW6G" duration="00:00:00.5847537" startTime="2025-12-05T18:44:39.0775340-08:00" endTime="2025-12-05T18:44:39.0775344-08:00" testType="13cdc9d9-ddb5-4fa4-a97d-d965ccfc6d4b" outcome="Passed" testListId="8c84fa94-04c1-424b-9868-57a2d4851a1d" relativeResultsDirectory="4facb23b-1fb7-4287-836a-f6b97ff4e7d2" />
    <UnitTestResult executionId="b1fd9387-d04f-4363-b792-7d026087a199" testId="326a9419-5a51-fe87-2750-8a197c842ee4" testName="FGC-REQ-ROB-003: Malformed config yields stderr error and non-zero exit" computerName="USAUSLT-Z7DLW6G" duration="00:00:00.6015182" startTime="2025-12-05T18:44:37.9304972-08:00" endTime="2025-12-05T18:44:37.9304975-08:00" testType="13cdc9d9-ddb5-4fa4-a97d-d965ccfc6d4b" outcome="Passed" testListId="8c84fa94-04c1-424b-9868-57a2d4851a1d" relativeResultsDirectory="b1fd9387-d04f-4363-b792-7d026087a199" />
    <UnitTestResult executionId="d28d3d20-0ae3-4987-83f5-f3d6758cac49" testId="66f20019-ec87-09f8-d74d-6239f0b968a5" testName="XCli.Tests.Analyzers.NoDirectEnvironmentAccessTests.ForbiddenCalls_AreDetected(call: &quot;Environment.SetEnvironmentVariable(\&quot;k\&quot;, \&quot;v\&quot;);&quot;)" computerName="USAUSLT-Z7DLW6G" duration="00:00:00.0032678" startTime="2025-12-05T18:44:39.1528069-08:00" endTime="2025-12-05T18:44:39.1528070-08:00" testType="13cdc9d9-ddb5-4fa4-a97d-d965ccfc6d4b" outcome="Passed" testListId="8c84fa94-04c1-424b-9868-57a2d4851a1d" relativeResultsDirectory="d28d3d20-0ae3-4987-83f5-f3d6758cac49" />
    <UnitTestResult executionId="d56e037a-a7be-45a9-8d8e-7d3c3762df14" testId="e787c4fe-844b-76b2-2f86-8982d0344e44" testName="SimulationTests.DefaultSuccess(sub: &quot;switcheroo&quot;)" computerName="USAUSLT-Z7DLW6G" duration="00:00:00.5804488" startTime="2025-12-05T18:45:09.2871404-08:00" endTime="2025-12-05T18:45:09.2871406-08:00" testType="13cdc9d9-ddb5-4fa4-a97d-d965ccfc6d4b" outcome="Passed" testListId="8c84fa94-04c1-424b-9868-57a2d4851a1d" relativeResultsDirectory="d56e037a-a7be-45a9-8d8e-7d3c3762df14" />
    <UnitTestResult executionId="ab620ed0-901b-43da-9751-fe23f3cf7f28" testId="4d4b5c55-fa36-24a0-3a63-676a7a6d7c07" testName="SimulationTests.GlobalFail" computerName="USAUSLT-Z7DLW6G" duration="00:00:00.6076959" startTime="2025-12-05T18:45:12.7710087-08:00" endTime="2025-12-05T18:45:12.7710091-08:00" testType="13cdc9d9-ddb5-4fa4-a97d-d965ccfc6d4b" outcome="Passed" testListId="8c84fa94-04c1-424b-9868-57a2d4851a1d" relativeResultsDirectory="ab620ed0-901b-43da-9751-fe23f3cf7f28" />
    <UnitTestResult executionId="c7414aa9-8bf3-427f-b99c-5b6e12e0b0d4" testId="b2d93925-9a24-186d-c663-23dd0f19ae48" testName="SimulationTests.ConfigPathMissingHandlesFileAndDirectory" computerName="USAUSLT-Z7DLW6G" duration="00:00:00.0036577" startTime="2025-12-05T18:45:14.2037226-08:00" endTime="2025-12-05T18:45:14.2037228-08:00" testType="13cdc9d9-ddb5-4fa4-a97d-d965ccfc6d4b" outcome="Passed" testListId="8c84fa94-04c1-424b-9868-57a2d4851a1d" relativeResultsDirectory="c7414aa9-8bf3-427f-b99c-5b6e12e0b0d4" />
    <UnitTestResult executionId="e9a59acf-911a-4600-962f-4e7ed31f908c" testId="e408dac2-5dc7-21c4-7520-42d394feb312" testName="LoggingTests.HelperRetriesUntilFailure" computerName="USAUSLT-Z7DLW6G" duration="00:00:00.0462375" startTime="2025-12-05T18:44:30.2599801-08:00" endTime="2025-12-05T18:44:30.2599804-08:00" testType="13cdc9d9-ddb5-4fa4-a97d-d965ccfc6d4b" outcome="Passed" testListId="8c84fa94-04c1-424b-9868-57a2d4851a1d" relativeResultsDirectory="e9a59acf-911a-4600-962f-4e7ed31f908c" />
    <UnitTestResult executionId="545ce532-86a5-45f3-83f4-864b390830dc" testId="71cbde24-462f-56b6-8756-3986843c50b0" testName="CliTests.SeparatorAfterSubcommandIsPayloadWithHelp" computerName="USAUSLT-Z7DLW6G" duration="00:00:00.0000730" startTime="2025-12-05T18:44:09.7313235-08:00" endTime="2025-12-05T18:44:09.7313237-08:00" testType="13cdc9d9-ddb5-4fa4-a97d-d965ccfc6d4b" outcome="Passed" testListId="8c84fa94-04c1-424b-9868-57a2d4851a1d" relativeResultsDirectory="545ce532-86a5-45f3-83f4-864b390830dc" />
    <UnitTestResult executionId="40507d94-6883-4f80-8506-8b73d1d66122" testId="03722b2a-4d08-54e4-6436-afee0a832e1c" testName="FooCliTests.FooSubcommandPrintsAndLogs" computerName="USAUSLT-Z7DLW6G" duration="00:00:00.6208418" startTime="2025-12-05T18:45:25.9773252-08:00" endTime="2025-12-05T18:45:25.9773254-08:00" testType="13cdc9d9-ddb5-4fa4-a97d-d965ccfc6d4b" outcome="Passed" testListId="8c84fa94-04c1-424b-9868-57a2d4851a1d" relativeResultsDirectory="40507d94-6883-4f80-8506-8b73d1d66122" />
    <UnitTestResult executionId="17b573eb-c5a8-4245-bec6-bc4dd13d0bbb" testId="af76b69d-5029-6068-f00f-ad0dbc8ceba7" testName="ProcRunner terminates processes exceeding timeout quickly" computerName="USAUSLT-Z7DLW6G" duration="00:00:00.3987090" startTime="2025-12-05T18:45:25.0603770-08:00" endTime="2025-12-05T18:45:25.0603773-08:00" testType="13cdc9d9-ddb5-4fa4-a97d-d965ccfc6d4b" outcome="Passed" testListId="8c84fa94-04c1-424b-9868-57a2d4851a1d" relativeResultsDirectory="17b573eb-c5a8-4245-bec6-bc4dd13d0bbb" />
    <UnitTestResult executionId="3ddfd118-74bd-4142-892d-88698eb7f760" testId="4504152f-2119-158c-5d7b-884d43fd39b4" testName="FGC-REQ-PERF-001: Subcommand completes within latency budget(sub: &quot;vipmcli-build&quot;)" computerName="USAUSLT-Z7DLW6G" duration="00:00:01.3376717" startTime="2025-12-05T18:43:43.7772177-08:00" endTime="2025-12-05T18:43:43.7772180-08:00" testType="13cdc9d9-ddb5-4fa4-a97d-d965ccfc6d4b" outcome="Passed" testListId="8c84fa94-04c1-424b-9868-57a2d4851a1d" relativeResultsDirectory="3ddfd118-74bd-4142-892d-88698eb7f760" />
    <UnitTestResult executionId="d1f966fd-6d5f-4977-872e-490b5df97e80" testId="ce4d6768-6d0e-8ca1-2b37-13f5726aaffd" testName="XCli.Tests.FooTests.Execute_Null_Throws" computerName="USAUSLT-Z7DLW6G" duration="00:00:00.0002069" startTime="2025-12-05T18:45:27.1313913-08:00" endTime="2025-12-05T18:45:27.1313914-08:00" testType="13cdc9d9-ddb5-4fa4-a97d-d965ccfc6d4b" outcome="Passed" testListId="8c84fa94-04c1-424b-9868-57a2d4851a1d" relativeResultsDirectory="d1f966fd-6d5f-4977-872e-490b5df97e80" />
    <UnitTestResult executionId="0267a76f-f880-41ec-b2e5-07545c939f8b" testId="9c4088e2-f85e-a32c-93a0-f125c14ea303" testName="SimulationTests.DefaultSuccess(sub: &quot;vipmcli-build&quot;)" computerName="USAUSLT-Z7DLW6G" duration="00:00:00.5664762" startTime="2025-12-05T18:45:01.0064194-08:00" endTime="2025-12-05T18:45:01.0064197-08:00" testType="13cdc9d9-ddb5-4fa4-a97d-d965ccfc6d4b" outcome="Passed" testListId="8c84fa94-04c1-424b-9868-57a2d4851a1d" relativeResultsDirectory="0267a76f-f880-41ec-b2e5-07545c939f8b" />
    <UnitTestResult executionId="7e3e75fc-b169-4c38-a77a-7669d95965a3" testId="b4add40a-0f29-3495-8c90-1dd10f84c6ff" testName="FGC-REQ-PERF-001: Subcommand completes within latency budget(sub: &quot;lunit&quot;)" computerName="USAUSLT-Z7DLW6G" duration="00:00:01.3072592" startTime="2025-12-05T18:43:34.3396787-08:00" endTime="2025-12-05T18:43:34.3396791-08:00" testType="13cdc9d9-ddb5-4fa4-a97d-d965ccfc6d4b" outcome="Passed" testListId="8c84fa94-04c1-424b-9868-57a2d4851a1d" relativeResultsDirectory="7e3e75fc-b169-4c38-a77a-7669d95965a3" />
    <UnitTestResult executionId="2ba5db7f-9d50-4b49-8233-abd15f9c9133" testId="6d44135e-9ec8-d12e-f7b3-046a4c3c62bb" testName="FGC-REQ-PERF-001: Subcommand completes within latency budget(sub: &quot;vipc&quot;)" computerName="USAUSLT-Z7DLW6G" duration="00:00:01.1830761" startTime="2025-12-05T18:43:44.9609257-08:00" endTime="2025-12-05T18:43:44.9609269-08:00" testType="13cdc9d9-ddb5-4fa4-a97d-d965ccfc6d4b" outcome="Passed" testListId="8c84fa94-04c1-424b-9868-57a2d4851a1d" relativeResultsDirectory="2ba5db7f-9d50-4b49-8233-abd15f9c9133" />
    <UnitTestResult executionId="eb1e3db8-5d17-4848-9b2c-caa4c6504f86" testId="1a1d1504-0138-6c01-2a1d-95f36257fb15" testName="LoggingTests.LogWriteFailureDoesNotAlterExitCode" computerName="USAUSLT-Z7DLW6G" duration="00:00:00.6022602" startTime="2025-12-05T18:44:16.3841695-08:00" endTime="2025-12-05T18:44:16.3841698-08:00" testType="13cdc9d9-ddb5-4fa4-a97d-d965ccfc6d4b" outcome="Passed" testListId="8c84fa94-04c1-424b-9868-57a2d4851a1d" relativeResultsDirectory="eb1e3db8-5d17-4848-9b2c-caa4c6504f86" />
    <UnitTestResult executionId="4b72636d-5bd9-45b7-a4ab-29c15e9db4e4" testId="54019f00-1d48-eb17-5f58-f75bca316389" testName="ProcessUtil respects short wait timeouts" computerName="USAUSLT-Z7DLW6G" duration="00:00:00.2648998" startTime="2025-12-05T18:44:39.7318427-08:00" endTime="2025-12-05T18:44:39.7318430-08:00" testType="13cdc9d9-ddb5-4fa4-a97d-d965ccfc6d4b" outcome="Passed" testListId="8c84fa94-04c1-424b-9868-57a2d4851a1d" relativeResultsDirectory="4b72636d-5bd9-45b7-a4ab-29c15e9db4e4" />
    <UnitTestResult executionId="b38d4c2f-5c42-4d23-a36a-ce5b3b3547d2" testId="90764d12-2925-c52c-24be-5a8aa4c9513e" testName="SimulationTests.DefaultSuccess(sub: &quot;source-dist-build&quot;)" computerName="USAUSLT-Z7DLW6G" duration="00:00:00.6037408" startTime="2025-12-05T18:45:04.8992905-08:00" endTime="2025-12-05T18:45:04.8992908-08:00" testType="13cdc9d9-ddb5-4fa4-a97d-d965ccfc6d4b" outcome="Passed" testListId="8c84fa94-04c1-424b-9868-57a2d4851a1d" relativeResultsDirectory="b38d4c2f-5c42-4d23-a36a-ce5b3b3547d2" />
    <UnitTestResult executionId="299b7e7c-1f36-4a60-b145-0fa203814f1b" testId="72bf1494-0614-9b65-95b2-b1236e83bf3f" testName="SrsRegistryTests.DetectsDuplicateIds" computerName="USAUSLT-Z7DLW6G" duration="00:00:00.0046739" startTime="2025-12-05T18:44:39.0966590-08:00" endTime="2025-12-05T18:44:39.0966593-08:00" testType="13cdc9d9-ddb5-4fa4-a97d-d965ccfc6d4b" outcome="Passed" testListId="8c84fa94-04c1-424b-9868-57a2d4851a1d" relativeResultsDirectory="299b7e7c-1f36-4a60-b145-0fa203814f1b" />
    <UnitTestResult executionId="fb977b69-79fd-4f2c-8f78-8a0581a7f356" testId="c39667cc-1e47-6f27-78e6-10f8f6ac4b66" testName="SimulationTests.DefaultSuccess(sub: &quot;vi-analyzer-run&quot;)" computerName="USAUSLT-Z7DLW6G" duration="00:00:00.6070727" startTime="2025-12-05T18:45:00.4400234-08:00" endTime="2025-12-05T18:45:00.4400237-08:00" testType="13cdc9d9-ddb5-4fa4-a97d-d965ccfc6d4b" outcome="Passed" testListId="8c84fa94-04c1-424b-9868-57a2d4851a1d" relativeResultsDirectory="fb977b69-79fd-4f2c-8f78-8a0581a7f356" />
    <UnitTestResult executionId="18a8838f-51f4-4d82-8d1e-2d06d4c93a37" testId="96251e2b-a759-a1b8-e6ba-ed2fedd053a4" testName="FGC-REQ-PERF-001: Subcommand completes within latency budget(sub: &quot;ppl-build&quot;)" computerName="USAUSLT-Z7DLW6G" duration="00:00:01.1151246" startTime="2025-12-05T18:43:56.7251985-08:00" endTime="2025-12-05T18:43:56.7251987-08:00" testType="13cdc9d9-ddb5-4fa4-a97d-d965ccfc6d4b" outcome="Passed" testListId="8c84fa94-04c1-424b-9868-57a2d4851a1d" relativeResultsDirectory="18a8838f-51f4-4d82-8d1e-2d06d4c93a37" />
    <UnitTestResult executionId="4f407dee-ce43-4a5e-bb9f-fdd6399eba3a" testId="2692d0b6-79a5-de53-e151-99485be00d93" testName="Env.Get handles concurrent calls with single cache build" computerName="USAUSLT-Z7DLW6G" duration="00:00:00.0021595" startTime="2025-12-05T18:45:28.2797133-08:00" endTime="2025-12-05T18:45:28.2797135-08:00" testType="13cdc9d9-ddb5-4fa4-a97d-d965ccfc6d4b" outcome="Passed" testListId="8c84fa94-04c1-424b-9868-57a2d4851a1d" relativeResultsDirectory="4f407dee-ce43-4a5e-bb9f-fdd6399eba3a" />
    <UnitTestResult executionId="2276bd73-743a-4a5d-adbe-566e6b74e3e1" testId="50689a87-34cd-7b86-78b0-aaa57f8ff6a4" testName="TelemetryValidateTests.Summary_Validate_WithSchema_Valid" computerName="USAUSLT-Z7DLW6G" duration="00:00:00.6287217" startTime="2025-12-05T18:43:32.4690887-08:00" endTime="2025-12-05T18:43:32.4690890-08:00" testType="13cdc9d9-ddb5-4fa4-a97d-d965ccfc6d4b" outcome="Passed" testListId="8c84fa94-04c1-424b-9868-57a2d4851a1d" relativeResultsDirectory="2276bd73-743a-4a5d-adbe-566e6b74e3e1" />
    <UnitTestResult executionId="e81c652e-3625-400e-84fb-fb2a027e8da3" testId="b7b37024-6892-5a4f-062c-a219200d6c8e" testName="ReverseCliTests.ReverseSubcommandPrintsAndLogs" computerName="USAUSLT-Z7DLW6G" duration="00:00:00.7442063" startTime="2025-12-05T18:43:29.9074933-08:00" endTime="2025-12-05T18:43:29.9075092-08:00" testType="13cdc9d9-ddb5-4fa4-a97d-d965ccfc6d4b" outcome="Passed" testListId="8c84fa94-04c1-424b-9868-57a2d4851a1d" relativeResultsDirectory="e81c652e-3625-400e-84fb-fb2a027e8da3" />
    <UnitTestResult executionId="e88d0c7c-5d59-48ab-b0e5-74b72064f221" testId="63f723f9-37fc-70de-21f7-305e42b86e66" testName="FGC-REQ-PERF-001: Subcommand completes within latency budget(sub: &quot;srs&quot;)" computerName="USAUSLT-Z7DLW6G" duration="00:00:01.1567074" startTime="2025-12-05T18:43:41.2538048-08:00" endTime="2025-12-05T18:43:41.2538052-08:00" testType="13cdc9d9-ddb5-4fa4-a97d-d965ccfc6d4b" outcome="Passed" testListId="8c84fa94-04c1-424b-9868-57a2d4851a1d" relativeResultsDirectory="e88d0c7c-5d59-48ab-b0e5-74b72064f221" />
    <UnitTestResult executionId="c7b2149d-1933-44b8-a75f-255b3c0ddeb1" testId="92ca76c3-fc79-dc38-ad06-dd766427193c" testName="CliTests.NoArgsFailsWithMissingSubcommand" computerName="USAUSLT-Z7DLW6G" duration="00:00:00.7499441" startTime="2025-12-05T18:44:07.9885091-08:00" endTime="2025-12-05T18:44:07.9885094-08:00" testType="13cdc9d9-ddb5-4fa4-a97d-d965ccfc6d4b" outcome="Passed" testListId="8c84fa94-04c1-424b-9868-57a2d4851a1d" relativeResultsDirectory="c7b2149d-1933-44b8-a75f-255b3c0ddeb1" />
    <UnitTestResult executionId="e91ce11a-ab94-489b-bd42-892b5ae6f4da" testId="f1cdde7a-c97b-592a-eadd-ed3de3686c81" testName="FGC-REQ-PERF-001: Subcommand completes within latency budget(sub: &quot;vi-compare-run&quot;)" computerName="USAUSLT-Z7DLW6G" duration="00:00:01.1618225" startTime="2025-12-05T18:44:02.7350832-08:00" endTime="2025-12-05T18:44:02.7350845-08:00" testType="13cdc9d9-ddb5-4fa4-a97d-d965ccfc6d4b" outcome="Passed" testListId="8c84fa94-04c1-424b-9868-57a2d4851a1d" relativeResultsDirectory="e91ce11a-ab94-489b-bd42-892b5ae6f4da" />
    <UnitTestResult executionId="a7bcb992-912b-408b-ade7-56840a993695" testId="09f12761-f4e8-7b88-9dd9-d31e45a4754c" testName="FGC-REQ-PERF-001: Subcommand completes within latency budget(sub: &quot;switcheroo&quot;)" computerName="USAUSLT-Z7DLW6G" duration="00:00:01.0952215" startTime="2025-12-05T18:43:35.4355399-08:00" endTime="2025-12-05T18:43:35.4355409-08:00" testType="13cdc9d9-ddb5-4fa4-a97d-d965ccfc6d4b" outcome="Passed" testListId="8c84fa94-04c1-424b-9868-57a2d4851a1d" relativeResultsDirectory="a7bcb992-912b-408b-ade7-56840a993695" />
    <UnitTestResult executionId="c6d09e66-f4b0-49b5-a018-bd5241f55cd6" testId="5e121166-cbaf-bcae-8d53-4899d0994e62" testName="SimulationTests.JsonConfigPerCommandExitCodeOutOfRangeClamped(configured: -1, expected: 1)" computerName="USAUSLT-Z7DLW6G" duration="00:00:00.6525889" startTime="2025-12-05T18:44:57.8945926-08:00" endTime="2025-12-05T18:44:57.8945928-08:00" testType="13cdc9d9-ddb5-4fa4-a97d-d965ccfc6d4b" outcome="Passed" testListId="8c84fa94-04c1-424b-9868-57a2d4851a1d" relativeResultsDirectory="c6d09e66-f4b0-49b5-a018-bd5241f55cd6" />
    <UnitTestResult executionId="9c6b2aef-b242-4544-a19f-ae4fd8b3abf5" testId="06fb0a47-7760-8b03-b400-64cc741aa5c2" testName="LoggingTests.FileLoggingDoesNotIncludeBom" computerName="USAUSLT-Z7DLW6G" duration="00:00:00.5631898" startTime="2025-12-05T18:44:28.7999541-08:00" endTime="2025-12-05T18:44:28.7999543-08:00" testType="13cdc9d9-ddb5-4fa4-a97d-d965ccfc6d4b" outcome="Passed" testListId="8c84fa94-04c1-424b-9868-57a2d4851a1d" relativeResultsDirectory="9c6b2aef-b242-4544-a19f-ae4fd8b3abf5" />
    <UnitTestResult executionId="839e2087-a8e9-48fd-9741-cb601ec44917" testId="1524e326-f480-b763-6afb-f9b79e4f64b0" testName="LabviewDevmodeScenarioConfigTests.ScenarioOverridesCanBeAppliedPerOperationAndVersion" computerName="USAUSLT-Z7DLW6G" duration="00:00:02.5907569" startTime="2025-12-05T18:44:54.2121556-08:00" endTime="2025-12-05T18:44:54.2121558-08:00" testType="13cdc9d9-ddb5-4fa4-a97d-d965ccfc6d4b" outcome="Passed" testListId="8c84fa94-04c1-424b-9868-57a2d4851a1d" relativeResultsDirectory="839e2087-a8e9-48fd-9741-cb601ec44917" />
    <UnitTestResult executionId="a9b94892-e0f8-4fa6-8d3f-56b3e6a63a6b" testId="b13fa052-0523-a779-40b2-9dfd7728211f" testName="LoggingTests.SpecialPathsEmitJsonLog(args: &quot;--version&quot;, expectedSub: &quot;version&quot;, exit: 0, expectedMessage: &quot;&quot;)" computerName="USAUSLT-Z7DLW6G" duration="00:00:00.5640115" startTime="2025-12-05T18:44:15.1995106-08:00" endTime="2025-12-05T18:44:15.1995108-08:00" testType="13cdc9d9-ddb5-4fa4-a97d-d965ccfc6d4b" outcome="Passed" testListId="8c84fa94-04c1-424b-9868-57a2d4851a1d" relativeResultsDirectory="a9b94892-e0f8-4fa6-8d3f-56b3e6a63a6b" />
    <UnitTestResult executionId="5b080a40-7cdb-47eb-b077-2dbfed9c1351" testId="fc9e625d-a686-2646-faa5-ce08005b5da6" testName="LoggingTests.SpecialPathsEmitJsonLog(args: &quot;--help&quot;, expectedSub: &quot;help&quot;, exit: 0, expectedMessage: &quot;&quot;)" computerName="USAUSLT-Z7DLW6G" duration="00:00:00.8626565" startTime="2025-12-05T18:44:14.0037270-08:00" endTime="2025-12-05T18:44:14.0037272-08:00" testType="13cdc9d9-ddb5-4fa4-a97d-d965ccfc6d4b" outcome="Passed" testListId="8c84fa94-04c1-424b-9868-57a2d4851a1d" relativeResultsDirectory="5b080a40-7cdb-47eb-b077-2dbfed9c1351" />
    <UnitTestResult executionId="05ff604e-f3ee-47cb-a174-66be3185183e" testId="bcc05a4e-9ff4-43bc-6b26-035f939ba04e" testName="LoggingTests.CreatesDirectoryWhenMissing" computerName="USAUSLT-Z7DLW6G" duration="00:00:00.5565812" startTime="2025-12-05T18:44:30.8165793-08:00" endTime="2025-12-05T18:44:30.8165796-08:00" testType="13cdc9d9-ddb5-4fa4-a97d-d965ccfc6d4b" outcome="Passed" testListId="8c84fa94-04c1-424b-9868-57a2d4851a1d" relativeResultsDirectory="05ff604e-f3ee-47cb-a174-66be3185183e" />
    <UnitTestResult executionId="fff72df5-39bd-4fca-a018-da4cd5da5fb5" testId="cc00de65-2845-e4a0-d766-5df7caf53da2" testName="FGC-REQ-PERF-001: Subcommand completes within latency budget(sub: &quot;vipm-build-vip&quot;)" computerName="USAUSLT-Z7DLW6G" duration="00:00:01.1604701" startTime="2025-12-05T18:43:49.6393400-08:00" endTime="2025-12-05T18:43:49.6393403-08:00" testType="13cdc9d9-ddb5-4fa4-a97d-d965ccfc6d4b" outcome="Passed" testListId="8c84fa94-04c1-424b-9868-57a2d4851a1d" relativeResultsDirectory="fff72df5-39bd-4fca-a018-da4cd5da5fb5" />
    <UnitTestResult executionId="a2cdcaa8-5459-4ad3-93a1-96dbeb1a0b9e" testId="a9248e92-3b12-9a76-edf0-6f523bad38e4" testName="TelemetryCliTests.Summarize_Ignores_Malformed_Lines" computerName="USAUSLT-Z7DLW6G" duration="00:00:00.5578563" startTime="2025-12-05T18:44:41.5679684-08:00" endTime="2025-12-05T18:44:41.5679685-08:00" testType="13cdc9d9-ddb5-4fa4-a97d-d965ccfc6d4b" outcome="Passed" testListId="8c84fa94-04c1-424b-9868-57a2d4851a1d" relativeResultsDirectory="a2cdcaa8-5459-4ad3-93a1-96dbeb1a0b9e" />
    <UnitTestResult executionId="a002d725-b4b4-466d-b488-772d80f43f72" testId="62d7f93d-51ea-79e3-9f91-1c6fa19ef2d1" testName="SimulationTests.DefaultSuccess(sub: &quot;labview-devmode-disable&quot;)" computerName="USAUSLT-Z7DLW6G" duration="00:00:00.6244809" startTime="2025-12-05T18:44:59.8329336-08:00" endTime="2025-12-05T18:44:59.8329338-08:00" testType="13cdc9d9-ddb5-4fa4-a97d-d965ccfc6d4b" outcome="Passed" testListId="8c84fa94-04c1-424b-9868-57a2d4851a1d" relativeResultsDirectory="a002d725-b4b4-466d-b488-772d80f43f72" />
    <UnitTestResult executionId="d024675d-98cd-40ab-bd3f-edececae86c6" testId="cdfd29e3-d81f-b60d-77cb-7af206a0a255" testName="FGC-REQ-PERF-001: Subcommand completes within latency budget(sub: &quot;lvbuildspec&quot;)" computerName="USAUSLT-Z7DLW6G" duration="00:00:01.4384184" startTime="2025-12-05T18:43:54.4604166-08:00" endTime="2025-12-05T18:43:54.4604169-08:00" testType="13cdc9d9-ddb5-4fa4-a97d-d965ccfc6d4b" outcome="Passed" testListId="8c84fa94-04c1-424b-9868-57a2d4851a1d" relativeResultsDirectory="d024675d-98cd-40ab-bd3f-edececae86c6" />
    <UnitTestResult executionId="13eff710-dfb9-465a-a69d-b02ae6230e30" testId="6e5cd8a9-20bd-8b9e-086b-cd117b6f1997" testName="FGC-REQ-PERF-001: Subcommand completes within latency budget(sub: &quot;vipb&quot;)" computerName="USAUSLT-Z7DLW6G" duration="00:00:01.1012886" startTime="2025-12-05T18:43:40.0969096-08:00" endTime="2025-12-05T18:43:40.0969100-08:00" testType="13cdc9d9-ddb5-4fa4-a97d-d965ccfc6d4b" outcome="Passed" testListId="8c84fa94-04c1-424b-9868-57a2d4851a1d" relativeResultsDirectory="13eff710-dfb9-465a-a69d-b02ae6230e30" />
    <UnitTestResult executionId="12cb46f5-a2e8-42e9-bfec-3fd1bee8f8d9" testId="2b5e7b1f-fad5-c3ff-7034-95dd3c81d262" testName="FGC-REQ-PERF-001: Subcommand completes within latency budget(sub: &quot;vi-analyzer-verify&quot;)" computerName="USAUSLT-Z7DLW6G" duration="00:00:01.1841790" startTime="2025-12-05T18:43:42.4387759-08:00" endTime="2025-12-05T18:43:42.4387762-08:00" testType="13cdc9d9-ddb5-4fa4-a97d-d965ccfc6d4b" outcome="Passed" testListId="8c84fa94-04c1-424b-9868-57a2d4851a1d" relativeResultsDirectory="12cb46f5-a2e8-42e9-bfec-3fd1bee8f8d9" />
    <UnitTestResult executionId="3189ae19-d6c8-49bd-aede-543ceded64c1" testId="fceda3fb-bd4d-733d-85c7-7670e9743e1f" testName="Env.GetWithPrefix - dictionary enumerates keys in case-insensitive order" computerName="USAUSLT-Z7DLW6G" duration="00:00:00.0003508" startTime="2025-12-05T18:45:28.2814260-08:00" endTime="2025-12-05T18:45:28.2814262-08:00" testType="13cdc9d9-ddb5-4fa4-a97d-d965ccfc6d4b" outcome="Passed" testListId="8c84fa94-04c1-424b-9868-57a2d4851a1d" relativeResultsDirectory="3189ae19-d6c8-49bd-aede-543ceded64c1" />
    <UnitTestResult executionId="72593597-2d3f-47f3-83c7-deec848bf1ec" testId="80f80d8d-10ab-3178-8715-20e3e56cb07c" testName="XCli.Tests.UpperTests.Execute_Null_Throws" computerName="USAUSLT-Z7DLW6G" duration="00:00:00.0004062" startTime="2025-12-05T18:44:44.4574660-08:00" endTime="2025-12-05T18:44:44.4574661-08:00" testType="13cdc9d9-ddb5-4fa4-a97d-d965ccfc6d4b" outcome="Passed" testListId="8c84fa94-04c1-424b-9868-57a2d4851a1d" relativeResultsDirectory="72593597-2d3f-47f3-83c7-deec848bf1ec" />
    <UnitTestResult executionId="89b91777-85ed-4228-bf21-53f9abb2e05f" testId="6430d3c8-33cd-8cf0-4d7a-fd40871a7d1a" testName="SimulationTests.ExcessiveDelayClampedAndWarns" computerName="USAUSLT-Z7DLW6G" duration="00:00:00.0004707" startTime="2025-12-05T18:45:23.3237762-08:00" endTime="2025-12-05T18:45:23.3237763-08:00" testType="13cdc9d9-ddb5-4fa4-a97d-d965ccfc6d4b" outcome="Passed" testListId="8c84fa94-04c1-424b-9868-57a2d4851a1d" relativeResultsDirectory="89b91777-85ed-4228-bf21-53f9abb2e05f" />
    <UnitTestResult executionId="718b5227-51db-473e-b241-3658180582d2" testId="5a32b72e-e417-62f7-44db-f09a4c7c8632" testName="LabviewDevmodeScenarioConfigTests.MatrixScenarioUsesConfigForVersionBitnessOutcomes" computerName="USAUSLT-Z7DLW6G" duration="00:00:01.1699109" startTime="2025-12-05T18:44:55.9802993-08:00" endTime="2025-12-05T18:44:55.9802995-08:00" testType="13cdc9d9-ddb5-4fa4-a97d-d965ccfc6d4b" outcome="Passed" testListId="8c84fa94-04c1-424b-9868-57a2d4851a1d" relativeResultsDirectory="718b5227-51db-473e-b241-3658180582d2" />
    <UnitTestResult executionId="8fada1fd-ffa9-433a-bed9-08c12851518f" testId="b5bd6778-51f5-7013-a2a9-efee846d1e36" testName="SimulationTests.FailOnOverridesGlobal" computerName="USAUSLT-Z7DLW6G" duration="00:00:00.6050506" startTime="2025-12-05T18:45:17.9351423-08:00" endTime="2025-12-05T18:45:17.9351426-08:00" testType="13cdc9d9-ddb5-4fa4-a97d-d965ccfc6d4b" outcome="Passed" testListId="8c84fa94-04c1-424b-9868-57a2d4851a1d" relativeResultsDirectory="8fada1fd-ffa9-433a-bed9-08c12851518f" />
    <UnitTestResult executionId="e4ee5421-c933-47e6-bd7c-8a3579b00a61" testId="5413bc6e-c2d5-1dc2-ac4a-2fe62616eb9a" testName="XCli.Tests.EchoTests.Execute_ReturnsInput" computerName="USAUSLT-Z7DLW6G" duration="00:00:00.0000300" startTime="2025-12-05T18:45:25.9783233-08:00" endTime="2025-12-05T18:45:25.9783233-08:00" testType="13cdc9d9-ddb5-4fa4-a97d-d965ccfc6d4b" outcome="Passed" testListId="8c84fa94-04c1-424b-9868-57a2d4851a1d" relativeResultsDirectory="e4ee5421-c933-47e6-bd7c-8a3579b00a61" />
    <UnitTestResult executionId="d1b2cd45-5960-4c7e-821b-d0f2758f29ce" testId="6b38f3ec-a273-abd7-4dbe-867a3b39d1dd" testName="CliTests.MissingSubcommandFails" computerName="USAUSLT-Z7DLW6G" duration="00:00:00.5805940" startTime="2025-12-05T18:44:09.1678542-08:00" endTime="2025-12-05T18:44:09.1678544-08:00" testType="13cdc9d9-ddb5-4fa4-a97d-d965ccfc6d4b" outcome="Passed" testListId="8c84fa94-04c1-424b-9868-57a2d4851a1d" relativeResultsDirectory="d1b2cd45-5960-4c7e-821b-d0f2758f29ce" />
    <UnitTestResult executionId="4140c67c-093f-4ace-bb73-48ebdca1ad4f" testId="b0193530-779a-81d8-8be1-ed3ea71bee37" testName="LoggingTests.DebugStackTracesPrecedeJson" computerName="USAUSLT-Z7DLW6G" duration="00:00:10.0145783" startTime="2025-12-05T18:44:26.5269286-08:00" endTime="2025-12-05T18:44:26.5269286-08:00" testType="13cdc9d9-ddb5-4fa4-a97d-d965ccfc6d4b" outcome="Passed" testListId="8c84fa94-04c1-424b-9868-57a2d4851a1d" relativeResultsDirectory="4140c67c-093f-4ace-bb73-48ebdca1ad4f" />
    <UnitTestResult executionId="38435636-df12-468f-85be-3fe5bcfe152e" testId="7ae0b544-d40b-459b-4895-650579bc1235" testName="SimulationTests.DefaultSuccess(sub: &quot;vi-compare-run&quot;)" computerName="USAUSLT-Z7DLW6G" duration="00:00:00.6637577" startTime="2025-12-05T18:45:06.1797350-08:00" endTime="2025-12-05T18:45:06.1797352-08:00" testType="13cdc9d9-ddb5-4fa4-a97d-d965ccfc6d4b" outcome="Passed" testListId="8c84fa94-04c1-424b-9868-57a2d4851a1d" relativeResultsDirectory="38435636-df12-468f-85be-3fe5bcfe152e" />
    <UnitTestResult executionId="73975731-bb5d-418d-a4af-c5159f5e61dc" testId="050bab03-0702-4675-70cf-9683f27bbcba" testName="LoggingTests.MessageFieldReflectsOutcome" computerName="USAUSLT-Z7DLW6G" duration="00:00:01.7085331" startTime="2025-12-05T18:44:28.2367248-08:00" endTime="2025-12-05T18:44:28.2367250-08:00" testType="13cdc9d9-ddb5-4fa4-a97d-d965ccfc6d4b" outcome="Passed" testListId="8c84fa94-04c1-424b-9868-57a2d4851a1d" relativeResultsDirectory="73975731-bb5d-418d-a4af-c5159f5e61dc" />
    <UnitTestResult executionId="f482ceab-5974-4606-b7bd-4fd72b7412f7" testId="082ece73-6aea-5b61-709a-780df3459066" testName="SimulationTests.DefaultSuccess(sub: &quot;vipm-apply-vipc&quot;)" computerName="USAUSLT-Z7DLW6G" duration="00:00:00.7134296" startTime="2025-12-05T18:45:07.4581839-08:00" endTime="2025-12-05T18:45:07.4581844-08:00" testType="13cdc9d9-ddb5-4fa4-a97d-d965ccfc6d4b" outcome="Passed" testListId="8c84fa94-04c1-424b-9868-57a2d4851a1d" relativeResultsDirectory="f482ceab-5974-4606-b7bd-4fd72b7412f7" />
    <UnitTestResult executionId="9235f341-5b67-446e-8df2-1fc16fe5ff99" testId="e926add4-b926-108e-defc-a1deb502c7d7" testName="TelemetryValidateTests.Events_Validate_WithSchema_Valid" computerName="USAUSLT-Z7DLW6G" duration="00:00:00.6581728" startTime="2025-12-05T18:43:30.5363766-08:00" endTime="2025-12-05T18:43:30.5363769-08:00" testType="13cdc9d9-ddb5-4fa4-a97d-d965ccfc6d4b" outcome="Passed" testListId="8c84fa94-04c1-424b-9868-57a2d4851a1d" relativeResultsDirectory="9235f341-5b67-446e-8df2-1fc16fe5ff99" />
    <UnitTestResult executionId="da6a913b-f843-426a-b8b4-07befcf96f50" testId="89be0eed-6fdb-8d57-5caf-68154583b9c4" testName="CliTests.HelpTextMatchesSubcommandsAndGlobals" computerName="USAUSLT-Z7DLW6G" duration="00:00:00.0007502" startTime="2025-12-05T18:44:10.2843943-08:00" endTime="2025-12-05T18:44:10.2843944-08:00" testType="13cdc9d9-ddb5-4fa4-a97d-d965ccfc6d4b" outcome="Passed" testListId="8c84fa94-04c1-424b-9868-57a2d4851a1d" relativeResultsDirectory="da6a913b-f843-426a-b8b4-07befcf96f50" />
    <UnitTestResult executionId="caf7f04b-0194-4e86-b8e8-bcd723905f7d" testId="ba2fd82e-ebe7-2a59-252e-3a4fbbd91e7c" testName="FGC-REQ-PERF-001: Subcommand completes within latency budget(sub: &quot;echo&quot;)" computerName="USAUSLT-Z7DLW6G" duration="00:00:01.1242416" startTime="2025-12-05T18:44:00.4609821-08:00" endTime="2025-12-05T18:44:00.4609824-08:00" testType="13cdc9d9-ddb5-4fa4-a97d-d965ccfc6d4b" outcome="Passed" testListId="8c84fa94-04c1-424b-9868-57a2d4851a1d" relativeResultsDirectory="caf7f04b-0194-4e86-b8e8-bcd723905f7d" />
    <UnitTestResult executionId="086b62fb-3209-49d1-a8cc-293ae77f371f" testId="0ea66333-3d59-582f-6123-774adb51ad97" testName="SimulationTests.JsonConfigPerCommandExitCodeOutOfRangeClamped(configured: 999, expected: 255)" computerName="USAUSLT-Z7DLW6G" duration="00:00:00.7463727" startTime="2025-12-05T18:44:58.6409163-08:00" endTime="2025-12-05T18:44:58.6409166-08:00" testType="13cdc9d9-ddb5-4fa4-a97d-d965ccfc6d4b" outcome="Passed" testListId="8c84fa94-04c1-424b-9868-57a2d4851a1d" relativeResultsDirectory="086b62fb-3209-49d1-a8cc-293ae77f371f" />
    <UnitTestResult executionId="7fad24b6-283f-415d-b549-228205983ead" testId="a6451926-e37f-46e6-d07e-e9bbbec88b89" testName="FGC-REQ-PERF-001: Subcommand completes within latency budget(sub: &quot;vipm-apply-vipc&quot;)" computerName="USAUSLT-Z7DLW6G" duration="00:00:01.3092512" startTime="2025-12-05T18:43:36.7458273-08:00" endTime="2025-12-05T18:43:36.7458275-08:00" testType="13cdc9d9-ddb5-4fa4-a97d-d965ccfc6d4b" outcome="Passed" testListId="8c84fa94-04c1-424b-9868-57a2d4851a1d" relativeResultsDirectory="7fad24b6-283f-415d-b549-228205983ead" />
    <UnitTestResult executionId="3579d834-02fa-49fa-a7b5-70cc58b902d9" testId="206ba36c-3739-e3b2-039b-88cbf350f19b" testName="LabviewDevmodeToolchainScenarioTests.LvVersionUnsupportedScenarioSetsToolchainErrorAndFails" computerName="USAUSLT-Z7DLW6G" duration="00:00:00.5824227" startTime="2025-12-05T18:44:45.0405769-08:00" endTime="2025-12-05T18:44:45.0405773-08:00" testType="13cdc9d9-ddb5-4fa4-a97d-d965ccfc6d4b" outcome="Passed" testListId="8c84fa94-04c1-424b-9868-57a2d4851a1d" relativeResultsDirectory="3579d834-02fa-49fa-a7b5-70cc58b902d9" />
    <UnitTestResult executionId="c4d3c8aa-06f4-45e9-b3cc-9c459426e25c" testId="d319fce8-dc21-3120-80f5-367ba888d11c" testName="SimulationTests.DefaultSuccess(sub: &quot;vi-analyzer-verify&quot;)" computerName="USAUSLT-Z7DLW6G" duration="00:00:00.5672841" startTime="2025-12-05T18:44:59.2084907-08:00" endTime="2025-12-05T18:44:59.2084909-08:00" testType="13cdc9d9-ddb5-4fa4-a97d-d965ccfc6d4b" outcome="Passed" testListId="8c84fa94-04c1-424b-9868-57a2d4851a1d" relativeResultsDirectory="c4d3c8aa-06f4-45e9-b3cc-9c459426e25c" />
    <UnitTestResult executionId="2e32dfbe-d9e2-46be-bf69-3c49c37c34e0" testId="b345d58a-5b0e-0a83-eaab-d101ad0cadba" testName="EchoCliTests.EchoSubcommandPrintsAndLogs" computerName="USAUSLT-Z7DLW6G" duration="00:00:00.5453064" startTime="2025-12-05T18:45:27.6763618-08:00" endTime="2025-12-05T18:45:27.6763620-08:00" testType="13cdc9d9-ddb5-4fa4-a97d-d965ccfc6d4b" outcome="Passed" testListId="8c84fa94-04c1-424b-9868-57a2d4851a1d" relativeResultsDirectory="2e32dfbe-d9e2-46be-bf69-3c49c37c34e0" />
    <UnitTestResult executionId="894c4a6d-98c2-4f0d-95f2-ada62e459b96" testId="24529b08-0d8d-c157-d014-6b67d8e8da43" testName="Env.Get builds cache only once for repeated lookups" computerName="USAUSLT-Z7DLW6G" duration="00:00:00.0001602" startTime="2025-12-05T18:45:28.2818304-08:00" endTime="2025-12-05T18:45:28.2818304-08:00" testType="13cdc9d9-ddb5-4fa4-a97d-d965ccfc6d4b" outcome="Passed" testListId="8c84fa94-04c1-424b-9868-57a2d4851a1d" relativeResultsDirectory="894c4a6d-98c2-4f0d-95f2-ada62e459b96" />
    <UnitTestResult executionId="76c74c2f-5575-4c40-b95d-dca65cd1b265" testId="ae3a121d-2ffe-61d8-3fe3-dc93e3f35770" testName="CliTests.MixedCaseSubcommandFails" computerName="USAUSLT-Z7DLW6G" duration="00:00:00.7143675" startTime="2025-12-05T18:44:06.0408910-08:00" endTime="2025-12-05T18:44:06.0408913-08:00" testType="13cdc9d9-ddb5-4fa4-a97d-d965ccfc6d4b" outcome="Passed" testListId="8c84fa94-04c1-424b-9868-57a2d4851a1d" relativeResultsDirectory="76c74c2f-5575-4c40-b95d-dca65cd1b265" />
    <UnitTestResult executionId="de28a099-231d-42ff-9edb-1c1c15b96bbd" testId="4a4efafe-dfd4-5470-8642-915ae40f4901" testName="Env.GetProcessName - uses /proc/self/cmdline only on Linux" computerName="USAUSLT-Z7DLW6G" duration="00:00:00.0001510" startTime="2025-12-05T18:45:28.2810128-08:00" endTime="2025-12-05T18:45:28.2810128-08:00" testType="13cdc9d9-ddb5-4fa4-a97d-d965ccfc6d4b" outcome="Passed" testListId="8c84fa94-04c1-424b-9868-57a2d4851a1d" relativeResultsDirectory="de28a099-231d-42ff-9edb-1c1c15b96bbd" />
    <UnitTestResult executionId="92aa95a0-50fc-4398-828d-5238e2635813" testId="6cea7c97-75df-bee4-9e5b-3a69bf247dc4" testName="LoggingTests.NegativeTimeoutClampedToZero" computerName="USAUSLT-Z7DLW6G" duration="00:00:00.0013793" startTime="2025-12-05T18:44:30.1444690-08:00" endTime="2025-12-05T18:44:30.1444691-08:00" testType="13cdc9d9-ddb5-4fa4-a97d-d965ccfc6d4b" outcome="Passed" testListId="8c84fa94-04c1-424b-9868-57a2d4851a1d" relativeResultsDirectory="92aa95a0-50fc-4398-828d-5238e2635813" />
    <UnitTestResult executionId="648ef717-d30a-4af5-9a78-bfa0d3fee2bc" testId="bef21383-230a-f1df-7764-c0b5ef042bad" testName="LoggingTests.FileLoggingIsConcurrentSafe" computerName="USAUSLT-Z7DLW6G" duration="00:00:00.7658437" startTime="2025-12-05T18:44:29.5668181-08:00" endTime="2025-12-05T18:44:29.5668184-08:00" testType="13cdc9d9-ddb5-4fa4-a97d-d965ccfc6d4b" outcome="Passed" testListId="8c84fa94-04c1-424b-9868-57a2d4851a1d" relativeResultsDirectory="648ef717-d30a-4af5-9a78-bfa0d3fee2bc" />
    <UnitTestResult executionId="fb947066-ad84-4c68-8acf-8441da36be88" testId="9be80d81-4a99-b8e3-76a7-28977ba44ad7" testName="Env.GetWithPrefix - returns only matching keys (case-insensitive) with null normalized to empty" computerName="USAUSLT-Z7DLW6G" duration="00:00:00.0004653" startTime="2025-12-05T18:45:28.2806040-08:00" endTime="2025-12-05T18:45:28.2806041-08:00" testType="13cdc9d9-ddb5-4fa4-a97d-d965ccfc6d4b" outcome="Passed" testListId="8c84fa94-04c1-424b-9868-57a2d4851a1d" relativeResultsDirectory="fb947066-ad84-4c68-8acf-8441da36be88" />
    <UnitTestResult executionId="091198aa-5d58-49e5-8c99-0a71029e3519" testId="5ce8023f-da75-a240-14f6-6aac332b1e9e" testName="SimulationTests.JsonConfigOverridesEnv" computerName="USAUSLT-Z7DLW6G" duration="00:00:00.5754119" startTime="2025-12-05T18:45:20.4031039-08:00" endTime="2025-12-05T18:45:20.4031041-08:00" testType="13cdc9d9-ddb5-4fa4-a97d-d965ccfc6d4b" outcome="Passed" testListId="8c84fa94-04c1-424b-9868-57a2d4851a1d" relativeResultsDirectory="091198aa-5d58-49e5-8c99-0a71029e3519" />
    <UnitTestResult executionId="896944b7-90e1-4f3f-8510-ad455b01f469" testId="b746cbe0-19bd-072d-bb55-7f4b870c7fb3" testName="SimulationTests.MissingJsonConfigDirectoryFails" computerName="USAUSLT-Z7DLW6G" duration="00:00:00.7363784" startTime="2025-12-05T18:45:14.9401552-08:00" endTime="2025-12-05T18:45:14.9401554-08:00" testType="13cdc9d9-ddb5-4fa4-a97d-d965ccfc6d4b" outcome="Passed" testListId="8c84fa94-04c1-424b-9868-57a2d4851a1d" relativeResultsDirectory="896944b7-90e1-4f3f-8510-ad455b01f469" />
    <UnitTestResult executionId="c0929ebc-aae0-44bd-b90b-1505b1996aa2" testId="399cc0ef-f567-45be-c141-cc23ff437443" testName="SecurityTests.IsolationGuardDoesNotThrowWhenNoForbiddenReferences" computerName="USAUSLT-Z7DLW6G" duration="00:00:00.0173375" startTime="2025-12-05T18:45:28.3003984-08:00" endTime="2025-12-05T18:45:28.3003986-08:00" testType="13cdc9d9-ddb5-4fa4-a97d-d965ccfc6d4b" outcome="Passed" testListId="8c84fa94-04c1-424b-9868-57a2d4851a1d" relativeResultsDirectory="c0929ebc-aae0-44bd-b90b-1505b1996aa2" />
    <UnitTestResult executionId="938f451b-b47d-42e9-a4fa-9b31fca2e7c2" testId="f8acac8e-59dc-6811-c509-2ff3f143658b" testName="CliTests.HelpListsSubcommandsRuleAndGlobals" computerName="USAUSLT-Z7DLW6G" duration="00:00:00.5981585" startTime="2025-12-05T18:44:08.5870269-08:00" endTime="2025-12-05T18:44:08.5870271-08:00" testType="13cdc9d9-ddb5-4fa4-a97d-d965ccfc6d4b" outcome="Passed" testListId="8c84fa94-04c1-424b-9868-57a2d4851a1d" relativeResultsDirectory="938f451b-b47d-42e9-a4fa-9b31fca2e7c2" />
    <UnitTestResult executionId="9b8eabe6-52c3-4a77-bb86-393133733889" testId="eec22a38-6767-8c2b-0d46-7fd5fdb1d861" testName="XCli.Tests.Coverage.SimulationCoverageScaffold.Simulation_Flows_ImproveBranchCoverage" computerName="USAUSLT-Z7DLW6G" duration="00:00:00.0010000" startTime="2025-12-05T18:44:44.4595357-08:00" endTime="2025-12-05T18:44:44.4595358-08:00" testType="13cdc9d9-ddb5-4fa4-a97d-d965ccfc6d4b" outcome="NotExecuted" testListId="8c84fa94-04c1-424b-9868-57a2d4851a1d" relativeResultsDirectory="9b8eabe6-52c3-4a77-bb86-393133733889">
      <Output>
        <ErrorInfo>
          <Message>Scaffold: add tests to exercise Simulation flows and improve branch coverage.</Message>
        </ErrorInfo>
      </Output>
    </UnitTestResult>
    <UnitTestResult executionId="df748e90-2dce-4c32-b10c-3fcc65b02927" testId="ea1d6fc3-d217-d0b6-92b6-fb636f956350" testName="SecurityTests.IsolationGuardThrowsWhenProcessStartInConstructor" computerName="USAUSLT-Z7DLW6G" duration="00:00:00.0866891" startTime="2025-12-05T18:45:29.4898640-08:00" endTime="2025-12-05T18:45:29.4898642-08:00" testType="13cdc9d9-ddb5-4fa4-a97d-d965ccfc6d4b" outcome="Passed" testListId="8c84fa94-04c1-424b-9868-57a2d4851a1d" relativeResultsDirectory="df748e90-2dce-4c32-b10c-3fcc65b02927" />
    <UnitTestResult executionId="d355d513-c609-45f4-a7f4-f350e7bbe385" testId="f9cd2bfe-bb6e-fac1-f591-1c7ef5ce1220" testName="SimulationTests.DefaultSuccess(sub: &quot;lunit&quot;)" computerName="USAUSLT-Z7DLW6G" duration="00:00:00.5567461" startTime="2025-12-05T18:45:01.5631904-08:00" endTime="2025-12-05T18:45:01.5631906-08:00" testType="13cdc9d9-ddb5-4fa4-a97d-d965ccfc6d4b" outcome="Passed" testListId="8c84fa94-04c1-424b-9868-57a2d4851a1d" relativeResultsDirectory="d355d513-c609-45f4-a7f4-f350e7bbe385" />
    <UnitTestResult executionId="013d0128-5980-43dc-9e0e-f94a2319bbe6" testId="1d914f8f-d11c-19fb-fc06-95e0d943a8d9" testName="ProcessUtil returns null for invalid exe path" computerName="USAUSLT-Z7DLW6G" duration="00:00:00.0016931" startTime="2025-12-05T18:44:39.4273218-08:00" endTime="2025-12-05T18:44:39.4273220-08:00" testType="13cdc9d9-ddb5-4fa4-a97d-d965ccfc6d4b" outcome="Passed" testListId="8c84fa94-04c1-424b-9868-57a2d4851a1d" relativeResultsDirectory="013d0128-5980-43dc-9e0e-f94a2319bbe6" />
    <UnitTestResult executionId="5fe046db-7e06-456d-8528-b778da910e2b" testId="16195ed3-9cd4-1796-9c47-dd124dd76d38" testName="FGC-REQ-CLI-001: Tokens after -- are logged exactly in args array" computerName="USAUSLT-Z7DLW6G" duration="00:00:00.5915458" startTime="2025-12-05T18:44:40.3239964-08:00" endTime="2025-12-05T18:44:40.3239965-08:00" testType="13cdc9d9-ddb5-4fa4-a97d-d965ccfc6d4b" outcome="Passed" testListId="8c84fa94-04c1-424b-9868-57a2d4851a1d" relativeResultsDirectory="5fe046db-7e06-456d-8528-b778da910e2b" />
    <UnitTestResult executionId="41739c94-d47f-49d0-9fb6-4c502b739b4d" testId="7ff78dc8-36b9-6c10-029f-e5f1ad207dab" testName="LabviewDevmodeScenarioConfigTests.PartialTimeoutSoftScenarioCanBeConfigured" computerName="USAUSLT-Z7DLW6G" duration="00:00:00.5997631" startTime="2025-12-05T18:44:46.8452170-08:00" endTime="2025-12-05T18:44:46.8452172-08:00" testType="13cdc9d9-ddb5-4fa4-a97d-d965ccfc6d4b" outcome="Passed" testListId="8c84fa94-04c1-424b-9868-57a2d4851a1d" relativeResultsDirectory="41739c94-d47f-49d0-9fb6-4c502b739b4d" />
    <UnitTestResult executionId="0bb0c9d3-ce8a-4dc0-b357-43d350b13206" testId="1c5182af-ae89-084c-dd9b-49d6da0247a1" testName="LoggingTests.DebugModeSurfacesFileWriteErrors" computerName="USAUSLT-Z7DLW6G" duration="00:00:00.0473416" startTime="2025-12-05T18:44:31.5648877-08:00" endTime="2025-12-05T18:44:31.5648881-08:00" testType="13cdc9d9-ddb5-4fa4-a97d-d965ccfc6d4b" outcome="Passed" testListId="8c84fa94-04c1-424b-9868-57a2d4851a1d" relativeResultsDirectory="0bb0c9d3-ce8a-4dc0-b357-43d350b13206" />
    <UnitTestResult executionId="40abf1b5-6982-4e36-8b6a-b2cb2d05f20d" testId="17c1f851-1255-7c92-97f4-94e7fa5eb22b" testName="LoggingTests.AllInvocationsLoggedUnderHighContention" computerName="USAUSLT-Z7DLW6G" duration="00:00:00.9576490" startTime="2025-12-05T18:44:12.3385195-08:00" endTime="2025-12-05T18:44:12.3385197-08:00" testType="13cdc9d9-ddb5-4fa4-a97d-d965ccfc6d4b" outcome="Passed" testListId="8c84fa94-04c1-424b-9868-57a2d4851a1d" relativeResultsDirectory="40abf1b5-6982-4e36-8b6a-b2cb2d05f20d" />
    <UnitTestResult executionId="2c478155-b81f-4b42-b996-ea7c14b27b7b" testId="7063591f-1063-6aa4-7af1-2653e58d5abc" testName="LoggingTests.SpecialPathsEmitJsonLog(args: &quot;unknown&quot;, expectedSub: &quot;unknown&quot;, exit: 1, expectedMessage: &quot;error: unknown subcommand 'unknown'. See --help.&quot;)" computerName="USAUSLT-Z7DLW6G" duration="00:00:00.5825074" startTime="2025-12-05T18:44:15.7822121-08:00" endTime="2025-12-05T18:44:15.7822124-08:00" testType="13cdc9d9-ddb5-4fa4-a97d-d965ccfc6d4b" outcome="Passed" testListId="8c84fa94-04c1-424b-9868-57a2d4851a1d" relativeResultsDirectory="2c478155-b81f-4b42-b996-ea7c14b27b7b" />
    <UnitTestResult executionId="528da01b-1d9e-42ba-9b38-2c0ac45c09d4" testId="25c340c9-df46-32ad-738d-dee3bdb06cb5" testName="SimulationTests.DefaultSuccess(sub: &quot;vipb&quot;)" computerName="USAUSLT-Z7DLW6G" duration="00:00:00.5686466" startTime="2025-12-05T18:45:08.7063536-08:00" endTime="2025-12-05T18:45:08.7063538-08:00" testType="13cdc9d9-ddb5-4fa4-a97d-d965ccfc6d4b" outcome="Passed" testListId="8c84fa94-04c1-424b-9868-57a2d4851a1d" relativeResultsDirectory="528da01b-1d9e-42ba-9b38-2c0ac45c09d4" />
    <UnitTestResult executionId="ff3db626-abc7-48dd-a8f8-6db3b5a739fb" testId="bdaeed5a-4723-e372-763c-a906c0db5cc8" testName="LoggingTests.SpecialPathsEmitJsonLog(args: &quot;&quot;, expectedSub: &quot;missing&quot;, exit: 1, expectedMessage: &quot;missing subcommand&quot;)" computerName="USAUSLT-Z7DLW6G" duration="00:00:00.6315207" startTime="2025-12-05T18:44:14.6353085-08:00" endTime="2025-12-05T18:44:14.6353087-08:00" testType="13cdc9d9-ddb5-4fa4-a97d-d965ccfc6d4b" outcome="Passed" testListId="8c84fa94-04c1-424b-9868-57a2d4851a1d" relativeResultsDirectory="ff3db626-abc7-48dd-a8f8-6db3b5a739fb" />
    <UnitTestResult executionId="28956b86-99fa-437f-b758-b4ca94205107" testId="6c7cd210-3f32-90ba-f484-96ee6235eb94" testName="CliTests.EnvGetProcessNameMatchesEnvironment" computerName="USAUSLT-Z7DLW6G" duration="00:00:00.0004216" startTime="2025-12-05T18:44:09.7324181-08:00" endTime="2025-12-05T18:44:09.7324183-08:00" testType="13cdc9d9-ddb5-4fa4-a97d-d965ccfc6d4b" outcome="Passed" testListId="8c84fa94-04c1-424b-9868-57a2d4851a1d" relativeResultsDirectory="28956b86-99fa-437f-b758-b4ca94205107" />
    <UnitTestResult executionId="ba11fe4d-89ac-41c5-a531-6d0c236cdc75" testId="1f2b9fb4-df7f-9f73-aced-1106b8df64fd" testName="SimulationTests.DefaultSuccess(sub: &quot;srs&quot;)" computerName="USAUSLT-Z7DLW6G" duration="00:00:00.6167435" startTime="2025-12-05T18:45:05.5157370-08:00" endTime="2025-12-05T18:45:05.5157372-08:00" testType="13cdc9d9-ddb5-4fa4-a97d-d965ccfc6d4b" outcome="Passed" testListId="8c84fa94-04c1-424b-9868-57a2d4851a1d" relativeResultsDirectory="ba11fe4d-89ac-41c5-a531-6d0c236cdc75" />
    <UnitTestResult executionId="f2ac0648-05dc-416c-8ea4-c1cb039c306f" testId="e3486e06-957c-b9d3-4985-03e0bb29a125" testName="CliTests.ShortHelpIsUnknownSubcommand" computerName="USAUSLT-Z7DLW6G" duration="00:00:00.5532093" startTime="2025-12-05T18:44:10.2837862-08:00" endTime="2025-12-05T18:44:10.2837864-08:00" testType="13cdc9d9-ddb5-4fa4-a97d-d965ccfc6d4b" outcome="Passed" testListId="8c84fa94-04c1-424b-9868-57a2d4851a1d" relativeResultsDirectory="f2ac0648-05dc-416c-8ea4-c1cb039c306f" />
    <UnitTestResult executionId="b386babc-7304-415a-b0a4-eb01a7ceffa5" testId="cf7a0ae9-1fca-7d3d-4836-4ed1728686e7" testName="LabviewDevmodeScenarioConfigTests.ScenarioOverridesV2ForEnableAddtoken2021X32" computerName="USAUSLT-Z7DLW6G" duration="00:00:01.8278213" startTime="2025-12-05T18:44:51.6212216-08:00" endTime="2025-12-05T18:44:51.6212218-08:00" testType="13cdc9d9-ddb5-4fa4-a97d-d965ccfc6d4b" outcome="Passed" testListId="8c84fa94-04c1-424b-9868-57a2d4851a1d" relativeResultsDirectory="b386babc-7304-415a-b0a4-eb01a7ceffa5" />
    <UnitTestResult executionId="c5a73442-c8ec-4035-9728-1b3359f4f4df" testId="c4084ea7-db07-ff0e-844e-6c8f9ea0f7b4" testName="LabviewDevmodeToolchainScenarioTests.GcliMissingScenarioSetsToolchainErrorAndFails" computerName="USAUSLT-Z7DLW6G" duration="00:00:00.5608108" startTime="2025-12-05T18:44:45.6010591-08:00" endTime="2025-12-05T18:44:45.6010593-08:00" testType="13cdc9d9-ddb5-4fa4-a97d-d965ccfc6d4b" outcome="Passed" testListId="8c84fa94-04c1-424b-9868-57a2d4851a1d" relativeResultsDirectory="c5a73442-c8ec-4035-9728-1b3359f4f4df" />
    <UnitTestResult executionId="bb290d6a-f9b8-4b40-9d19-acd01b0ceda0" testId="e09a064b-5b28-4875-9dbd-63421452aca7" testName="LoggingTests.DurationReflectsConfiguredDelay" computerName="USAUSLT-Z7DLW6G" duration="00:00:00.6493094" startTime="2025-12-05T18:44:31.5177945-08:00" endTime="2025-12-05T18:44:31.5177948-08:00" testType="13cdc9d9-ddb5-4fa4-a97d-d965ccfc6d4b" outcome="Passed" testListId="8c84fa94-04c1-424b-9868-57a2d4851a1d" relativeResultsDirectory="bb290d6a-f9b8-4b40-9d19-acd01b0ceda0" />
    <UnitTestResult executionId="cafb08a7-6632-4361-b0c2-d718a1f9abf0" testId="76be8fda-0615-d14f-089a-c0eb7a8b2b39" testName="SimulationTests.UnknownJsonPropertyReportsError" computerName="USAUSLT-Z7DLW6G" duration="00:00:00.6009605" startTime="2025-12-05T18:45:17.3263885-08:00" endTime="2025-12-05T18:45:17.3263887-08:00" testType="13cdc9d9-ddb5-4fa4-a97d-d965ccfc6d4b" outcome="Passed" testListId="8c84fa94-04c1-424b-9868-57a2d4851a1d" relativeResultsDirectory="cafb08a7-6632-4361-b0c2-d718a1f9abf0" />
    <UnitTestResult executionId="bdc27e92-dc1e-466b-bf89-ab9b5ff78559" testId="402fe9d9-d270-6986-d75f-f32c3269209a" testName="LoggingTests.NegativeOrZeroAttemptsRevertToDefault(value: &quot;-1&quot;)" computerName="USAUSLT-Z7DLW6G" duration="00:00:00.0002790" startTime="2025-12-05T18:44:12.4640032-08:00" endTime="2025-12-05T18:44:12.4640034-08:00" testType="13cdc9d9-ddb5-4fa4-a97d-d965ccfc6d4b" outcome="Passed" testListId="8c84fa94-04c1-424b-9868-57a2d4851a1d" relativeResultsDirectory="bdc27e92-dc1e-466b-bf89-ab9b5ff78559" />
    <UnitTestResult executionId="c92d14ae-54f6-4dcc-9559-56913dd31fb4" testId="b44a6040-eaab-2e3c-98ac-690154aaf6ba" testName="ProcessUtil Kill terminates child tree" computerName="USAUSLT-Z7DLW6G" duration="00:00:00.0392404" startTime="2025-12-05T18:44:39.4682197-08:00" endTime="2025-12-05T18:44:39.4682200-08:00" testType="13cdc9d9-ddb5-4fa4-a97d-d965ccfc6d4b" outcome="Passed" testListId="8c84fa94-04c1-424b-9868-57a2d4851a1d" relativeResultsDirectory="c92d14ae-54f6-4dcc-9559-56913dd31fb4" />
    <UnitTestResult executionId="85d43548-55c2-40a6-b822-14b00b6e835e" testId="305e1924-b70b-8ef2-7c00-8f4551f828be" testName="SecurityTests.IsolationGuardThrowsWhenSystemNetSocketsReferenced" computerName="USAUSLT-Z7DLW6G" duration="00:00:00.1556078" startTime="2025-12-05T18:45:29.2332966-08:00" endTime="2025-12-05T18:45:29.2332967-08:00" testType="13cdc9d9-ddb5-4fa4-a97d-d965ccfc6d4b" outcome="Passed" testListId="8c84fa94-04c1-424b-9868-57a2d4851a1d" relativeResultsDirectory="85d43548-55c2-40a6-b822-14b00b6e835e" />
    <UnitTestResult executionId="0cee3cf4-b2f0-4c4e-9c4a-c8fab1d3e5ab" testId="f5a96481-4400-6ecb-8402-8005d3cf1314" testName="SimulationTests.DefaultSuccess(sub: &quot;clearlvcache&quot;)" computerName="USAUSLT-Z7DLW6G" duration="00:00:00.6090101" startTime="2025-12-05T18:45:03.3597824-08:00" endTime="2025-12-05T18:45:03.3597828-08:00" testType="13cdc9d9-ddb5-4fa4-a97d-d965ccfc6d4b" outcome="Passed" testListId="8c84fa94-04c1-424b-9868-57a2d4851a1d" relativeResultsDirectory="0cee3cf4-b2f0-4c4e-9c4a-c8fab1d3e5ab" />
    <UnitTestResult executionId="2bd3858c-43a5-4738-b986-a7258a9da345" testId="51f50852-b918-133f-97ab-5151e691c5c7" testName="SimulationTests.MalformedJsonConfigReportsError" computerName="USAUSLT-Z7DLW6G" duration="00:00:00.5923381" startTime="2025-12-05T18:45:22.1226786-08:00" endTime="2025-12-05T18:45:22.1226788-08:00" testType="13cdc9d9-ddb5-4fa4-a97d-d965ccfc6d4b" outcome="Passed" testListId="8c84fa94-04c1-424b-9868-57a2d4851a1d" relativeResultsDirectory="2bd3858c-43a5-4738-b986-a7258a9da345" />
    <UnitTestResult executionId="6fc37af2-5cee-4803-93e2-fb8e32d9c4af" testId="c86f387e-67e8-f1af-7178-1e1a64d89925" testName="FGC-REQ-PERF-001: Subcommand completes within latency budget(sub: &quot;labview-devmode-disable&quot;)" computerName="USAUSLT-Z7DLW6G" duration="00:00:01.1487242" startTime="2025-12-05T18:43:55.6097630-08:00" endTime="2025-12-05T18:43:55.6097634-08:00" testType="13cdc9d9-ddb5-4fa4-a97d-d965ccfc6d4b" outcome="Passed" testListId="8c84fa94-04c1-424b-9868-57a2d4851a1d" relativeResultsDirectory="6fc37af2-5cee-4803-93e2-fb8e32d9c4af" />
    <UnitTestResult executionId="9329041d-f084-492e-948d-3b96c45c9b2d" testId="85249463-1230-e491-8a9c-149a0c610bc1" testName="EndToEndTests.NoSideEffectsExceptLog" computerName="USAUSLT-Z7DLW6G" duration="00:00:00.5716667" startTime="2025-12-05T18:44:04.6520798-08:00" endTime="2025-12-05T18:44:04.6520802-08:00" testType="13cdc9d9-ddb5-4fa4-a97d-d965ccfc6d4b" outcome="Passed" testListId="8c84fa94-04c1-424b-9868-57a2d4851a1d" relativeResultsDirectory="9329041d-f084-492e-948d-3b96c45c9b2d" />
    <UnitTestResult executionId="c20b9e6e-8577-4ada-81e7-9e933f079603" testId="bee3a747-e115-7e18-eddd-1d8ac6823a9c" testName="TelemetryCliTests.Check_Gates_On_Total_And_PerStep" computerName="USAUSLT-Z7DLW6G" duration="00:00:02.3006444" startTime="2025-12-05T18:44:44.4566778-08:00" endTime="2025-12-05T18:44:44.4566781-08:00" testType="13cdc9d9-ddb5-4fa4-a97d-d965ccfc6d4b" outcome="Passed" testListId="8c84fa94-04c1-424b-9868-57a2d4851a1d" relativeResultsDirectory="c20b9e6e-8577-4ada-81e7-9e933f079603" />
    <UnitTestResult executionId="7724310d-ed8b-47fc-8a47-72a4fbff9625" testId="3012acfa-49fb-8791-3e99-085f167ca261" testName="LoggingTests.LockedFileTimesOut" computerName="USAUSLT-Z7DLW6G" duration="00:00:00.1248525" startTime="2025-12-05T18:44:12.4632698-08:00" endTime="2025-12-05T18:44:12.4632701-08:00" testType="13cdc9d9-ddb5-4fa4-a97d-d965ccfc6d4b" outcome="Passed" testListId="8c84fa94-04c1-424b-9868-57a2d4851a1d" relativeResultsDirectory="7724310d-ed8b-47fc-8a47-72a4fbff9625" />
    <UnitTestResult executionId="5ec82a96-c753-4539-ba78-7fe456c337fc" testId="88ef4016-88b6-e18a-63d4-9e60112dc4c3" testName="ProcRunner returns environment snapshot" computerName="USAUSLT-Z7DLW6G" duration="00:00:00.2951325" startTime="2025-12-05T18:45:25.3564063-08:00" endTime="2025-12-05T18:45:25.3564066-08:00" testType="13cdc9d9-ddb5-4fa4-a97d-d965ccfc6d4b" outcome="Passed" testListId="8c84fa94-04c1-424b-9868-57a2d4851a1d" relativeResultsDirectory="5ec82a96-c753-4539-ba78-7fe456c337fc" />
    <UnitTestResult executionId="f0ca90aa-f3a1-4f26-98f7-57ad69e91b47" testId="a86a7d05-206b-d5e6-2ec7-136bb5ac6d59" testName="LabviewDevmodeAbortScenarioTests.AbortScenarioSimulatesUserCancellation" computerName="USAUSLT-Z7DLW6G" duration="00:00:00.5995381" startTime="2025-12-05T18:45:28.2764170-08:00" endTime="2025-12-05T18:45:28.2764174-08:00" testType="13cdc9d9-ddb5-4fa4-a97d-d965ccfc6d4b" outcome="Passed" testListId="8c84fa94-04c1-424b-9868-57a2d4851a1d" relativeResultsDirectory="f0ca90aa-f3a1-4f26-98f7-57ad69e91b47" />
    <UnitTestResult executionId="f319ed97-c7ba-474a-ac5e-9e031e385829" testId="7938a6c9-7fd9-43a4-f1fc-f33572798382" testName="SimulationTests.DefaultSuccess(sub: &quot;localci-handshake&quot;)" computerName="USAUSLT-Z7DLW6G" duration="00:00:00.5872770" startTime="2025-12-05T18:45:10.4510773-08:00" endTime="2025-12-05T18:45:10.4510776-08:00" testType="13cdc9d9-ddb5-4fa4-a97d-d965ccfc6d4b" outcome="Passed" testListId="8c84fa94-04c1-424b-9868-57a2d4851a1d" relativeResultsDirectory="f319ed97-c7ba-474a-ac5e-9e031e385829" />
    <UnitTestResult executionId="f026df30-5920-4573-844c-b42314261c1d" testId="037817e5-5fe4-4472-857e-bf043679b86c" testName="XCli.Tests.Coverage.TelemetryCoverageScaffold.TelemetryCommand_Paths_ImproveBranchCoverage" computerName="USAUSLT-Z7DLW6G" duration="00:00:00.0010000" startTime="2025-12-05T18:44:55.9810120-08:00" endTime="2025-12-05T18:44:55.9810121-08:00" testType="13cdc9d9-ddb5-4fa4-a97d-d965ccfc6d4b" outcome="NotExecuted" testListId="8c84fa94-04c1-424b-9868-57a2d4851a1d" relativeResultsDirectory="f026df30-5920-4573-844c-b42314261c1d">
      <Output>
        <ErrorInfo>
          <Message>Scaffold: add tests to exercise Telemetry command paths and improve branch coverage.</Message>
        </ErrorInfo>
      </Output>
    </UnitTestResult>
    <UnitTestResult executionId="6b1c193b-32b5-4c7d-9a08-fc858fcac80e" testId="3604707b-16fb-bdf6-9c56-2330bf4cd4ab" testName="SimulationTests.ConfigPathMalformedJsonReportsError" computerName="USAUSLT-Z7DLW6G" duration="00:00:00.0033415" startTime="2025-12-05T18:45:17.3296799-08:00" endTime="2025-12-05T18:45:17.3296800-08:00" testType="13cdc9d9-ddb5-4fa4-a97d-d965ccfc6d4b" outcome="Passed" testListId="8c84fa94-04c1-424b-9868-57a2d4851a1d" relativeResultsDirectory="6b1c193b-32b5-4c7d-9a08-fc858fcac80e" />
    <UnitTestResult executionId="d07e90b2-67c7-438a-b15f-ae52a4b60696" testId="8aaa57e3-e79b-2234-7686-928a3d0bcc79" testName="SimulationTests.DefaultSuccess(sub: &quot;source-dist-verify&quot;)" computerName="USAUSLT-Z7DLW6G" duration="00:00:00.5627640" startTime="2025-12-05T18:45:11.5724598-08:00" endTime="2025-12-05T18:45:11.5724601-08:00" testType="13cdc9d9-ddb5-4fa4-a97d-d965ccfc6d4b" outcome="Passed" testListId="8c84fa94-04c1-424b-9868-57a2d4851a1d" relativeResultsDirectory="d07e90b2-67c7-438a-b15f-ae52a4b60696" />
    <UnitTestResult executionId="807db665-c5eb-4896-9809-52e4c245bf2c" testId="5f4a4fa4-ede1-6015-874a-f694b291a31c" testName="FGC-REQ-PERF-001: Subcommand completes within latency budget(sub: &quot;foo&quot;)" computerName="USAUSLT-Z7DLW6G" duration="00:00:01.1189522" startTime="2025-12-05T18:43:38.9945359-08:00" endTime="2025-12-05T18:43:38.9945361-08:00" testType="13cdc9d9-ddb5-4fa4-a97d-d965ccfc6d4b" outcome="Passed" testListId="8c84fa94-04c1-424b-9868-57a2d4851a1d" relativeResultsDirectory="807db665-c5eb-4896-9809-52e4c245bf2c" />
    <UnitTestResult executionId="6ae6e0de-0912-4005-bb26-7d6a7c1c03c9" testId="4e8aed96-a178-2ebe-c93e-986fa1a3aa3f" testName="Env.GetInt - invariant integer parsed; invalid/missing returns default" computerName="USAUSLT-Z7DLW6G" duration="00:00:00.0010413" startTime="2025-12-05T18:45:28.2829029-08:00" endTime="2025-12-05T18:45:28.2829030-08:00" testType="13cdc9d9-ddb5-4fa4-a97d-d965ccfc6d4b" outcome="Passed" testListId="8c84fa94-04c1-424b-9868-57a2d4851a1d" relativeResultsDirectory="6ae6e0de-0912-4005-bb26-7d6a7c1c03c9" />
    <UnitTestResult executionId="3709fa5f-df03-4470-9e49-d5915a808a19" testId="6bc4bf05-fb91-ca5d-3c7f-0620289f70db" testName="SimulationTests.UnreadableJsonConfigShowsPermissionDenied" computerName="USAUSLT-Z7DLW6G" duration="00:00:00.0003588" startTime="2025-12-05T18:45:13.5010114-08:00" endTime="2025-12-05T18:45:13.5010116-08:00" testType="13cdc9d9-ddb5-4fa4-a97d-d965ccfc6d4b" outcome="Passed" testListId="8c84fa94-04c1-424b-9868-57a2d4851a1d" relativeResultsDirectory="3709fa5f-df03-4470-9e49-d5915a808a19" />
    <UnitTestResult executionId="ea0fe92f-783e-4de7-a180-caac779d1ece" testId="e3880053-677d-964c-ea2f-19ea591fefcc" testName="TelemetryValidateTests.Summary_Validate_WithSchema_Invalid" computerName="USAUSLT-Z7DLW6G" duration="00:00:00.6184615" startTime="2025-12-05T18:43:31.8402457-08:00" endTime="2025-12-05T18:43:31.8402460-08:00" testType="13cdc9d9-ddb5-4fa4-a97d-d965ccfc6d4b" outcome="Passed" testListId="8c84fa94-04c1-424b-9868-57a2d4851a1d" relativeResultsDirectory="ea0fe92f-783e-4de7-a180-caac779d1ece" />
    <UnitTestResult executionId="9a7912d4-f381-42ed-9c88-8eccbf693437" testId="3a1b3501-bc6d-ba0a-031d-89ee24edd2f4" testName="ProcessRunner terminates hung subprocesses quickly" computerName="USAUSLT-Z7DLW6G" duration="00:00:00.5568767" startTime="2025-12-05T18:44:33.6232501-08:00" endTime="2025-12-05T18:44:33.6232505-08:00" testType="13cdc9d9-ddb5-4fa4-a97d-d965ccfc6d4b" outcome="Passed" testListId="8c84fa94-04c1-424b-9868-57a2d4851a1d" relativeResultsDirectory="9a7912d4-f381-42ed-9c88-8eccbf693437" />
    <UnitTestResult executionId="4bde213f-28cb-4d92-ba38-b9083fdfbfed" testId="2f1e70ab-c008-97a6-45a6-ec1b01db7aee" testName="LabviewDevmodeToolchainScenarioTests.ArchMismatchScenarioSetsToolchainErrorAndFails" computerName="USAUSLT-Z7DLW6G" duration="00:00:00.6440983" startTime="2025-12-05T18:44:46.2450436-08:00" endTime="2025-12-05T18:44:46.2450439-08:00" testType="13cdc9d9-ddb5-4fa4-a97d-d965ccfc6d4b" outcome="Passed" testListId="8c84fa94-04c1-424b-9868-57a2d4851a1d" relativeResultsDirectory="4bde213f-28cb-4d92-ba38-b9083fdfbfed" />
    <UnitTestResult executionId="189f524f-094c-4559-9377-5fb7840c3555" testId="e1732680-3811-8b5b-9e0b-cd826d7f79ef" testName="FGC-REQ-PERF-001: Subcommand completes within latency budget(sub: &quot;vitester&quot;)" computerName="USAUSLT-Z7DLW6G" duration="00:00:01.2171003" startTime="2025-12-05T18:43:46.1785167-08:00" endTime="2025-12-05T18:43:46.1785169-08:00" testType="13cdc9d9-ddb5-4fa4-a97d-d965ccfc6d4b" outcome="Passed" testListId="8c84fa94-04c1-424b-9868-57a2d4851a1d" relativeResultsDirectory="189f524f-094c-4559-9377-5fb7840c3555" />
    <UnitTestResult executionId="def50a27-ba53-42aa-ab8c-51e7cbd39721" testId="29344894-7d2d-17f0-6a9f-43fd2c79a705" testName="FGC-REQ-SIM-002: Global failure via env produces stderr msg and non-zero exit code" computerName="USAUSLT-Z7DLW6G" duration="00:00:00.5609718" startTime="2025-12-05T18:44:38.4919741-08:00" endTime="2025-12-05T18:44:38.4919743-08:00" testType="13cdc9d9-ddb5-4fa4-a97d-d965ccfc6d4b" outcome="Passed" testListId="8c84fa94-04c1-424b-9868-57a2d4851a1d" relativeResultsDirectory="def50a27-ba53-42aa-ab8c-51e7cbd39721" />
    <UnitTestResult executionId="1bd2ac24-b3c9-4135-8006-021673a1a0c5" testId="857a1264-57ef-3f14-1c97-2e79ca02ed06" testName="SecurityTests.IsolationGuardThrowsWhenMixedCaseNetworkAssemblyReferenced" computerName="USAUSLT-Z7DLW6G" duration="00:00:00.0002381" startTime="2025-12-05T18:45:29.4040870-08:00" endTime="2025-12-05T18:45:29.4040873-08:00" testType="13cdc9d9-ddb5-4fa4-a97d-d965ccfc6d4b" outcome="Passed" testListId="8c84fa94-04c1-424b-9868-57a2d4851a1d" relativeResultsDirectory="1bd2ac24-b3c9-4135-8006-021673a1a0c5" />
    <UnitTestResult executionId="d28065be-b162-47a3-9977-386853578baf" testId="42a10e2e-e5b0-1461-48fd-91f6ddf5335f" testName="LogReplayTests.Replay_RespectsMaxDelayCap_WhenConfigured" computerName="USAUSLT-Z7DLW6G" duration="00:00:00.6055087" startTime="2025-12-05T18:44:56.5858895-08:00" endTime="2025-12-05T18:44:56.5858897-08:00" testType="13cdc9d9-ddb5-4fa4-a97d-d965ccfc6d4b" outcome="Passed" testListId="8c84fa94-04c1-424b-9868-57a2d4851a1d" relativeResultsDirectory="d28065be-b162-47a3-9977-386853578baf" />
    <UnitTestResult executionId="a135e3aa-56c2-4f64-9e41-745c19af66a2" testId="22716086-1785-6768-328c-6778961dc631" testName="SimulationTests.JsonConfigFailUsesEnvExitCodeAndMessage" computerName="USAUSLT-Z7DLW6G" duration="00:00:00.6997156" startTime="2025-12-05T18:45:14.1999348-08:00" endTime="2025-12-05T18:45:14.1999351-08:00" testType="13cdc9d9-ddb5-4fa4-a97d-d965ccfc6d4b" outcome="Passed" testListId="8c84fa94-04c1-424b-9868-57a2d4851a1d" relativeResultsDirectory="a135e3aa-56c2-4f64-9e41-745c19af66a2" />
    <UnitTestResult executionId="20bfcdb4-1214-413b-9dda-5ed7e1a382b3" testId="dbe79b59-84aa-89fc-7bb5-724499638b85" testName="SimulationTests.ExitCodeOutOfRangeClamped(configured: &quot;-1&quot;, expected: 1)" computerName="USAUSLT-Z7DLW6G" duration="00:00:00.5608704" startTime="2025-12-05T18:45:20.9642036-08:00" endTime="2025-12-05T18:45:20.9642038-08:00" testType="13cdc9d9-ddb5-4fa4-a97d-d965ccfc6d4b" outcome="Passed" testListId="8c84fa94-04c1-424b-9868-57a2d4851a1d" relativeResultsDirectory="20bfcdb4-1214-413b-9dda-5ed7e1a382b3" />
    <UnitTestResult executionId="df92796e-632c-4ed9-bdf4-19e66db8f546" testId="9f429f57-2ba6-f60d-847c-69c3bf97d779" testName="SecurityTests.IsolationGuardThrowsWhenSystemNetHttpReferenced" computerName="USAUSLT-Z7DLW6G" duration="00:00:00.6808535" startTime="2025-12-05T18:45:28.9813161-08:00" endTime="2025-12-05T18:45:28.9813163-08:00" testType="13cdc9d9-ddb5-4fa4-a97d-d965ccfc6d4b" outcome="Passed" testListId="8c84fa94-04c1-424b-9868-57a2d4851a1d" relativeResultsDirectory="df92796e-632c-4ed9-bdf4-19e66db8f546" />
    <UnitTestResult executionId="14e26992-8d2b-4abd-9b44-b245696e4466" testId="3dc77bfd-a1e7-1c58-563d-3b667ec2fc21" testName="SrsRegistryTests.RegistryLoadsAndLooksUpIds" computerName="USAUSLT-Z7DLW6G" duration="00:00:00.0145994" startTime="2025-12-05T18:44:39.0919964-08:00" endTime="2025-12-05T18:44:39.0919965-08:00" testType="13cdc9d9-ddb5-4fa4-a97d-d965ccfc6d4b" outcome="Passed" testListId="8c84fa94-04c1-424b-9868-57a2d4851a1d" relativeResultsDirectory="14e26992-8d2b-4abd-9b44-b245696e4466" />
    <UnitTestResult executionId="49f1fb71-0270-4ab8-8152-2acf5e5dd34a" testId="b9ae6f9e-e6cf-c568-aae9-0dc636af0162" testName="SimulationTests.CommandConfigPartialOverrideUsesDefaults" computerName="USAUSLT-Z7DLW6G" duration="00:00:01.1317939" startTime="2025-12-05T18:45:23.2546236-08:00" endTime="2025-12-05T18:45:23.2546239-08:00" testType="13cdc9d9-ddb5-4fa4-a97d-d965ccfc6d4b" outcome="Passed" testListId="8c84fa94-04c1-424b-9868-57a2d4851a1d" relativeResultsDirectory="49f1fb71-0270-4ab8-8152-2acf5e5dd34a" />
    <UnitTestResult executionId="896724b0-1f71-4fde-9f8f-b32c7b3a5326" testId="5218cfab-c5ef-39be-d630-05b404d390e7" testName="SimulationTests.MixedCaseSubcommandRejected" computerName="USAUSLT-Z7DLW6G" duration="00:00:00.5778845" startTime="2025-12-05T18:45:18.5128087-08:00" endTime="2025-12-05T18:45:18.5128091-08:00" testType="13cdc9d9-ddb5-4fa4-a97d-d965ccfc6d4b" outcome="Passed" testListId="8c84fa94-04c1-424b-9868-57a2d4851a1d" relativeResultsDirectory="896724b0-1f71-4fde-9f8f-b32c7b3a5326" />
    <UnitTestResult executionId="37b5736e-3486-4015-b1fd-366274009bd6" testId="be947977-d87d-5225-f7dc-8e2be0bf8df4" testName="SimulationTests.DefaultSuccess(sub: &quot;vipc&quot;)" computerName="USAUSLT-Z7DLW6G" duration="00:00:00.5585137" startTime="2025-12-05T18:45:11.0091562-08:00" endTime="2025-12-05T18:45:11.0091564-08:00" testType="13cdc9d9-ddb5-4fa4-a97d-d965ccfc6d4b" outcome="Passed" testListId="8c84fa94-04c1-424b-9868-57a2d4851a1d" relativeResultsDirectory="37b5736e-3486-4015-b1fd-366274009bd6" />
    <UnitTestResult executionId="43d20fb1-8c70-48db-80fa-b0305a3a5477" testId="4e4283e9-23ae-93d7-71e7-b9ebacbc0021" testName="LabviewDevmodeScenarioConfigTests.ScenarioConfigInvalidJsonLogsErrorAndFallsBack" computerName="USAUSLT-Z7DLW6G" duration="00:00:00.5980938" startTime="2025-12-05T18:44:54.8102315-08:00" endTime="2025-12-05T18:44:54.8102317-08:00" testType="13cdc9d9-ddb5-4fa4-a97d-d965ccfc6d4b" outcome="Passed" testListId="8c84fa94-04c1-424b-9868-57a2d4851a1d" relativeResultsDirectory="43d20fb1-8c70-48db-80fa-b0305a3a5477" />
    <UnitTestResult executionId="a60322ce-f754-4560-8dca-1dd43fc72014" testId="b8674766-5cfe-8cd1-453c-621d6d2e7b83" testName="LabviewDevmodeResourceScenarioTests.LogWriteFailScenarioMarksResourceErrorButSucceeds" computerName="USAUSLT-Z7DLW6G" duration="00:00:00.5848512" startTime="2025-12-05T18:45:31.3248775-08:00" endTime="2025-12-05T18:45:31.3248777-08:00" testType="13cdc9d9-ddb5-4fa4-a97d-d965ccfc6d4b" outcome="Passed" testListId="8c84fa94-04c1-424b-9868-57a2d4851a1d" relativeResultsDirectory="a60322ce-f754-4560-8dca-1dd43fc72014" />
    <UnitTestResult executionId="b0c4d4d6-a0af-4d58-8ccd-7d87b156b9a0" testId="c9ea7566-35de-a22a-51be-4ed554100594" testName="CliTests.SeparatorAfterSubcommandIsPayloadWithVersion" computerName="USAUSLT-Z7DLW6G" duration="00:00:00.0007263" startTime="2025-12-05T18:44:04.6528569-08:00" endTime="2025-12-05T18:44:04.6528571-08:00" testType="13cdc9d9-ddb5-4fa4-a97d-d965ccfc6d4b" outcome="Passed" testListId="8c84fa94-04c1-424b-9868-57a2d4851a1d" relativeResultsDirectory="b0c4d4d6-a0af-4d58-8ccd-7d87b156b9a0" />
    <UnitTestResult executionId="3ee0ca00-44ef-43ae-ae5e-f98c3fd163c6" testId="41009409-f999-960c-10b7-1f85572327e7" testName="LabviewDevmodeResourceScenarioTests.TempMissingScenarioSetsResourceErrorAndFails" computerName="USAUSLT-Z7DLW6G" duration="00:00:00.6758323" startTime="2025-12-05T18:45:30.1658857-08:00" endTime="2025-12-05T18:45:30.1658859-08:00" testType="13cdc9d9-ddb5-4fa4-a97d-d965ccfc6d4b" outcome="Passed" testListId="8c84fa94-04c1-424b-9868-57a2d4851a1d" relativeResultsDirectory="3ee0ca00-44ef-43ae-ae5e-f98c3fd163c6" />
    <UnitTestResult executionId="f78b910d-2212-479f-b770-b7052f4f6e3b" testId="65fa1b58-6c4e-ab6e-0142-817e3cca7292" testName="Env helpers treat names case-insensitively" computerName="USAUSLT-Z7DLW6G" duration="00:00:00.0003170" startTime="2025-12-05T18:45:28.2833023-08:00" endTime="2025-12-05T18:45:28.2833024-08:00" testType="13cdc9d9-ddb5-4fa4-a97d-d965ccfc6d4b" outcome="Passed" testListId="8c84fa94-04c1-424b-9868-57a2d4851a1d" relativeResultsDirectory="f78b910d-2212-479f-b770-b7052f4f6e3b" />
[...]
    <TestEntry testId="16195ed3-9cd4-1796-9c47-dd124dd76d38" executionId="5fe046db-7e06-456d-8528-b778da910e2b" testListId="8c84fa94-04c1-424b-9868-57a2d4851a1d" />
    <TestEntry testId="7ff78dc8-36b9-6c10-029f-e5f1ad207dab" executionId="41739c94-d47f-49d0-9fb6-4c502b739b4d" testListId="8c84fa94-04c1-424b-9868-57a2d4851a1d" />
    <TestEntry testId="1c5182af-ae89-084c-dd9b-49d6da0247a1" executionId="0bb0c9d3-ce8a-4dc0-b357-43d350b13206" testListId="8c84fa94-04c1-424b-9868-57a2d4851a1d" />
    <TestEntry testId="17c1f851-1255-7c92-97f4-94e7fa5eb22b" executionId="40abf1b5-6982-4e36-8b6a-b2cb2d05f20d" testListId="8c84fa94-04c1-424b-9868-57a2d4851a1d" />
    <TestEntry testId="7063591f-1063-6aa4-7af1-2653e58d5abc" executionId="2c478155-b81f-4b42-b996-ea7c14b27b7b" testListId="8c84fa94-04c1-424b-9868-57a2d4851a1d" />
    <TestEntry testId="25c340c9-df46-32ad-738d-dee3bdb06cb5" executionId="528da01b-1d9e-42ba-9b38-2c0ac45c09d4" testListId="8c84fa94-04c1-424b-9868-57a2d4851a1d" />
    <TestEntry testId="bdaeed5a-4723-e372-763c-a906c0db5cc8" executionId="ff3db626-abc7-48dd-a8f8-6db3b5a739fb" testListId="8c84fa94-04c1-424b-9868-57a2d4851a1d" />
    <TestEntry testId="6c7cd210-3f32-90ba-f484-96ee6235eb94" executionId="28956b86-99fa-437f-b758-b4ca94205107" testListId="8c84fa94-04c1-424b-9868-57a2d4851a1d" />
    <TestEntry testId="1f2b9fb4-df7f-9f73-aced-1106b8df64fd" executionId="ba11fe4d-89ac-41c5-a531-6d0c236cdc75" testListId="8c84fa94-04c1-424b-9868-57a2d4851a1d" />
    <TestEntry testId="e3486e06-957c-b9d3-4985-03e0bb29a125" executionId="f2ac0648-05dc-416c-8ea4-c1cb039c306f" testListId="8c84fa94-04c1-424b-9868-57a2d4851a1d" />
    <TestEntry testId="cf7a0ae9-1fca-7d3d-4836-4ed1728686e7" executionId="b386babc-7304-415a-b0a4-eb01a7ceffa5" testListId="8c84fa94-04c1-424b-9868-57a2d4851a1d" />
    <TestEntry testId="c4084ea7-db07-ff0e-844e-6c8f9ea0f7b4" executionId="c5a73442-c8ec-4035-9728-1b3359f4f4df" testListId="8c84fa94-04c1-424b-9868-57a2d4851a1d" />
    <TestEntry testId="e09a064b-5b28-4875-9dbd-63421452aca7" executionId="bb290d6a-f9b8-4b40-9d19-acd01b0ceda0" testListId="8c84fa94-04c1-424b-9868-57a2d4851a1d" />
    <TestEntry testId="76be8fda-0615-d14f-089a-c0eb7a8b2b39" executionId="cafb08a7-6632-4361-b0c2-d718a1f9abf0" testListId="8c84fa94-04c1-424b-9868-57a2d4851a1d" />
    <TestEntry testId="402fe9d9-d270-6986-d75f-f32c3269209a" executionId="bdc27e92-dc1e-466b-bf89-ab9b5ff78559" testListId="8c84fa94-04c1-424b-9868-57a2d4851a1d" />
    <TestEntry testId="b44a6040-eaab-2e3c-98ac-690154aaf6ba" executionId="c92d14ae-54f6-4dcc-9559-56913dd31fb4" testListId="8c84fa94-04c1-424b-9868-57a2d4851a1d" />
    <TestEntry testId="305e1924-b70b-8ef2-7c00-8f4551f828be" executionId="85d43548-55c2-40a6-b822-14b00b6e835e" testListId="8c84fa94-04c1-424b-9868-57a2d4851a1d" />
    <TestEntry testId="f5a96481-4400-6ecb-8402-8005d3cf1314" executionId="0cee3cf4-b2f0-4c4e-9c4a-c8fab1d3e5ab" testListId="8c84fa94-04c1-424b-9868-57a2d4851a1d" />
    <TestEntry testId="51f50852-b918-133f-97ab-5151e691c5c7" executionId="2bd3858c-43a5-4738-b986-a7258a9da345" testListId="8c84fa94-04c1-424b-9868-57a2d4851a1d" />
    <TestEntry testId="c86f387e-67e8-f1af-7178-1e1a64d89925" executionId="6fc37af2-5cee-4803-93e2-fb8e32d9c4af" testListId="8c84fa94-04c1-424b-9868-57a2d4851a1d" />
    <TestEntry testId="85249463-1230-e491-8a9c-149a0c610bc1" executionId="9329041d-f084-492e-948d-3b96c45c9b2d" testListId="8c84fa94-04c1-424b-9868-57a2d4851a1d" />
    <TestEntry testId="bee3a747-e115-7e18-eddd-1d8ac6823a9c" executionId="c20b9e6e-8577-4ada-81e7-9e933f079603" testListId="8c84fa94-04c1-424b-9868-57a2d4851a1d" />
    <TestEntry testId="3012acfa-49fb-8791-3e99-085f167ca261" executionId="7724310d-ed8b-47fc-8a47-72a4fbff9625" testListId="8c84fa94-04c1-424b-9868-57a2d4851a1d" />
    <TestEntry testId="88ef4016-88b6-e18a-63d4-9e60112dc4c3" executionId="5ec82a96-c753-4539-ba78-7fe456c337fc" testListId="8c84fa94-04c1-424b-9868-57a2d4851a1d" />
    <TestEntry testId="a86a7d05-206b-d5e6-2ec7-136bb5ac6d59" executionId="f0ca90aa-f3a1-4f26-98f7-57ad69e91b47" testListId="8c84fa94-04c1-424b-9868-57a2d4851a1d" />
    <TestEntry testId="7938a6c9-7fd9-43a4-f1fc-f33572798382" executionId="f319ed97-c7ba-474a-ac5e-9e031e385829" testListId="8c84fa94-04c1-424b-9868-57a2d4851a1d" />
    <TestEntry testId="037817e5-5fe4-4472-857e-bf043679b86c" executionId="f026df30-5920-4573-844c-b42314261c1d" testListId="8c84fa94-04c1-424b-9868-57a2d4851a1d" />
    <TestEntry testId="3604707b-16fb-bdf6-9c56-2330bf4cd4ab" executionId="6b1c193b-32b5-4c7d-9a08-fc858fcac80e" testListId="8c84fa94-04c1-424b-9868-57a2d4851a1d" />
    <TestEntry testId="8aaa57e3-e79b-2234-7686-928a3d0bcc79" executionId="d07e90b2-67c7-438a-b15f-ae52a4b60696" testListId="8c84fa94-04c1-424b-9868-57a2d4851a1d" />
    <TestEntry testId="5f4a4fa4-ede1-6015-874a-f694b291a31c" executionId="807db665-c5eb-4896-9809-52e4c245bf2c" testListId="8c84fa94-04c1-424b-9868-57a2d4851a1d" />
    <TestEntry testId="4e8aed96-a178-2ebe-c93e-986fa1a3aa3f" executionId="6ae6e0de-0912-4005-bb26-7d6a7c1c03c9" testListId="8c84fa94-04c1-424b-9868-57a2d4851a1d" />
    <TestEntry testId="6bc4bf05-fb91-ca5d-3c7f-0620289f70db" executionId="3709fa5f-df03-4470-9e49-d5915a808a19" testListId="8c84fa94-04c1-424b-9868-57a2d4851a1d" />
    <TestEntry testId="e3880053-677d-964c-ea2f-19ea591fefcc" executionId="ea0fe92f-783e-4de7-a180-caac779d1ece" testListId="8c84fa94-04c1-424b-9868-57a2d4851a1d" />
    <TestEntry testId="3a1b3501-bc6d-ba0a-031d-89ee24edd2f4" executionId="9a7912d4-f381-42ed-9c88-8eccbf693437" testListId="8c84fa94-04c1-424b-9868-57a2d4851a1d" />
    <TestEntry testId="2f1e70ab-c008-97a6-45a6-ec1b01db7aee" executionId="4bde213f-28cb-4d92-ba38-b9083fdfbfed" testListId="8c84fa94-04c1-424b-9868-57a2d4851a1d" />
    <TestEntry testId="e1732680-3811-8b5b-9e0b-cd826d7f79ef" executionId="189f524f-094c-4559-9377-5fb7840c3555" testListId="8c84fa94-04c1-424b-9868-57a2d4851a1d" />
    <TestEntry testId="29344894-7d2d-17f0-6a9f-43fd2c79a705" executionId="def50a27-ba53-42aa-ab8c-51e7cbd39721" testListId="8c84fa94-04c1-424b-9868-57a2d4851a1d" />
    <TestEntry testId="857a1264-57ef-3f14-1c97-2e79ca02ed06" executionId="1bd2ac24-b3c9-4135-8006-021673a1a0c5" testListId="8c84fa94-04c1-424b-9868-57a2d4851a1d" />
    <TestEntry testId="42a10e2e-e5b0-1461-48fd-91f6ddf5335f" executionId="d28065be-b162-47a3-9977-386853578baf" testListId="8c84fa94-04c1-424b-9868-57a2d4851a1d" />
    <TestEntry testId="22716086-1785-6768-328c-6778961dc631" executionId="a135e3aa-56c2-4f64-9e41-745c19af66a2" testListId="8c84fa94-04c1-424b-9868-57a2d4851a1d" />
    <TestEntry testId="dbe79b59-84aa-89fc-7bb5-724499638b85" executionId="20bfcdb4-1214-413b-9dda-5ed7e1a382b3" testListId="8c84fa94-04c1-424b-9868-57a2d4851a1d" />
    <TestEntry testId="9f429f57-2ba6-f60d-847c-69c3bf97d779" executionId="df92796e-632c-4ed9-bdf4-19e66db8f546" testListId="8c84fa94-04c1-424b-9868-57a2d4851a1d" />
    <TestEntry testId="3dc77bfd-a1e7-1c58-563d-3b667ec2fc21" executionId="14e26992-8d2b-4abd-9b44-b245696e4466" testListId="8c84fa94-04c1-424b-9868-57a2d4851a1d" />
    <TestEntry testId="b9ae6f9e-e6cf-c568-aae9-0dc636af0162" executionId="49f1fb71-0270-4ab8-8152-2acf5e5dd34a" testListId="8c84fa94-04c1-424b-9868-57a2d4851a1d" />
    <TestEntry testId="5218cfab-c5ef-39be-d630-05b404d390e7" executionId="896724b0-1f71-4fde-9f8f-b32c7b3a5326" testListId="8c84fa94-04c1-424b-9868-57a2d4851a1d" />
    <TestEntry testId="be947977-d87d-5225-f7dc-8e2be0bf8df4" executionId="37b5736e-3486-4015-b1fd-366274009bd6" testListId="8c84fa94-04c1-424b-9868-57a2d4851a1d" />
    <TestEntry testId="4e4283e9-23ae-93d7-71e7-b9ebacbc0021" executionId="43d20fb1-8c70-48db-80fa-b0305a3a5477" testListId="8c84fa94-04c1-424b-9868-57a2d4851a1d" />
    <TestEntry testId="b8674766-5cfe-8cd1-453c-621d6d2e7b83" executionId="a60322ce-f754-4560-8dca-1dd43fc72014" testListId="8c84fa94-04c1-424b-9868-57a2d4851a1d" />
    <TestEntry testId="c9ea7566-35de-a22a-51be-4ed554100594" executionId="b0c4d4d6-a0af-4d58-8ccd-7d87b156b9a0" testListId="8c84fa94-04c1-424b-9868-57a2d4851a1d" />
    <TestEntry testId="41009409-f999-960c-10b7-1f85572327e7" executionId="3ee0ca00-44ef-43ae-ae5e-f98c3fd163c6" testListId="8c84fa94-04c1-424b-9868-57a2d4851a1d" />
    <TestEntry testId="65fa1b58-6c4e-ab6e-0142-817e3cca7292" executionId="f78b910d-2212-479f-b770-b7052f4f6e3b" testListId="8c84fa94-04c1-424b-9868-57a2d4851a1d" />
    <TestEntry testId="63178918-387b-5e02-3a1e-5a70f1029c48" executionId="5ec69da6-8f2e-4a3d-b830-873d5d6793c3" testListId="8c84fa94-04c1-424b-9868-57a2d4851a1d" />
    <TestEntry testId="11c0299e-624f-ec06-f223-5c8a0c70e7a9" executionId="ef2b7c95-d13b-4580-8ff4-98a3343cd5de" testListId="8c84fa94-04c1-424b-9868-57a2d4851a1d" />
    <TestEntry testId="45f6848b-b293-598c-ff37-b3c7ff7cac42" executionId="f1e97ee6-e611-43b2-9517-a2222ccdd3b3" testListId="8c84fa94-04c1-424b-9868-57a2d4851a1d" />
    <TestEntry testId="c5b5adaf-9058-6124-4aae-62924c638cc2" executionId="9587a0c0-05fe-4699-8aad-9115c9631de4" testListId="8c84fa94-04c1-424b-9868-57a2d4851a1d" />
    <TestEntry testId="2b5a645d-bc89-2664-2c08-13e7ecf26493" executionId="f3d36e98-595d-409a-875f-a1249490162a" testListId="8c84fa94-04c1-424b-9868-57a2d4851a1d" />
    <TestEntry testId="dfa017d8-7953-a1d0-1563-bd70cfcc6bad" executionId="ccda3504-b844-4f87-a435-a715b61b57f8" testListId="8c84fa94-04c1-424b-9868-57a2d4851a1d" />
    <TestEntry testId="37416699-e146-d309-499d-0b2a48acbde3" executionId="b1915179-c65a-437f-a71a-b3fde18ee42a" testListId="8c84fa94-04c1-424b-9868-57a2d4851a1d" />
    <TestEntry testId="1c235f72-b98b-b9d6-e1e4-f0f21be76497" executionId="1deaef13-6238-4ac5-8a8b-318c58f99b5c" testListId="8c84fa94-04c1-424b-9868-57a2d4851a1d" />
    <TestEntry testId="ecee46e9-596c-282f-edbc-1319d57d5c3b" executionId="9ba4689d-b85c-4bc7-979d-282db73ca26e" testListId="8c84fa94-04c1-424b-9868-57a2d4851a1d" />
    <TestEntry testId="91f34c30-a807-8219-d93a-b5a25d154a09" executionId="1b37846f-fc03-47af-be8d-df3fde0b4b39" testListId="8c84fa94-04c1-424b-9868-57a2d4851a1d" />
    <TestEntry testId="c21d0e71-b28d-6727-4f11-7462d694376e" executionId="656abc18-c506-4d87-ba3a-3df6b194cd57" testListId="8c84fa94-04c1-424b-9868-57a2d4851a1d" />
    <TestEntry testId="0269f379-97ff-b420-7397-8e42ffccd6bb" executionId="83a6abb5-5234-40e6-98ee-a3c64ce156e9" testListId="8c84fa94-04c1-424b-9868-57a2d4851a1d" />
    <TestEntry testId="2e0e2f04-6210-76c5-4d9d-1f20ba24b5a8" executionId="7b599a6d-137d-48c0-8d7d-2c91afc2d192" testListId="8c84fa94-04c1-424b-9868-57a2d4851a1d" />
    <TestEntry testId="b8bdaa2e-a150-61cf-17f3-9cffa7cfdd0e" executionId="79138725-e7d5-4e0d-8e81-0d6bc6557ad0" testListId="8c84fa94-04c1-424b-9868-57a2d4851a1d" />
    <TestEntry testId="59e99948-ad20-7f50-63fc-8036889165a6" executionId="50c07446-2622-434e-800c-40f2fb3dc858" testListId="8c84fa94-04c1-424b-9868-57a2d4851a1d" />
    <TestEntry testId="14c780cb-3b92-0fbc-90e1-99569a543085" executionId="ac780510-20e2-4ff1-8fd6-e268b1acf0f3" testListId="8c84fa94-04c1-424b-9868-57a2d4851a1d" />
    <TestEntry testId="9283d2a2-f4ab-7584-4e5a-4703a043fec5" executionId="9749ca86-984f-4f7a-a7be-36a66ef24224" testListId="8c84fa94-04c1-424b-9868-57a2d4851a1d" />
    <TestEntry testId="4cb25dd9-b9c1-4389-9fdf-b2b29746b017" executionId="9021b08a-7b22-43d9-9227-752cdc15cf25" testListId="8c84fa94-04c1-424b-9868-57a2d4851a1d" />
    <TestEntry testId="60e47c33-4803-59f2-c5aa-7405defe7533" executionId="4caaa2d8-87c5-415c-9cbb-aab0240a8662" testListId="8c84fa94-04c1-424b-9868-57a2d4851a1d" />
    <TestEntry testId="e0133687-0fad-ffff-1a36-3d7a85d7410c" executionId="11cb0c6b-984c-42bf-92ee-d8ec222019f4" testListId="8c84fa94-04c1-424b-9868-57a2d4851a1d" />
    <TestEntry testId="f91ab8b9-d890-86f1-5c10-a26ea26ed646" executionId="c4f8bff9-e05d-42da-9cd3-56414d2edf8e" testListId="8c84fa94-04c1-424b-9868-57a2d4851a1d" />
    <TestEntry testId="d55c7acf-1ade-6636-ef57-caf1a3265631" executionId="b9008dee-b145-4a32-b441-6a6e42738672" testListId="8c84fa94-04c1-424b-9868-57a2d4851a1d" />
    <TestEntry testId="21380fd8-41ea-0212-a701-07856bfb8e5d" executionId="d80ed519-38b1-49c0-87d6-5055325182eb" testListId="8c84fa94-04c1-424b-9868-57a2d4851a1d" />
    <TestEntry testId="f1745188-4c41-4a57-e5f2-cf8354f05229" executionId="3788c081-aba4-456c-894c-205d1b0040c1" testListId="8c84fa94-04c1-424b-9868-57a2d4851a1d" />
    <TestEntry testId="3ad25ee7-a4fc-7435-028f-152e85f354ea" executionId="106414c7-efa2-45ad-a8eb-1d4520e2cdb5" testListId="8c84fa94-04c1-424b-9868-57a2d4851a1d" />
    <TestEntry testId="896722b5-af29-1d09-a405-c033b67cc9e0" executionId="198f2b6c-307f-4773-a0ef-4e29ea8f3993" testListId="8c84fa94-04c1-424b-9868-57a2d4851a1d" />
    <TestEntry testId="7b83783f-bb76-b772-a316-5d17f4af3476" executionId="03746ab0-49a3-41cf-8ec6-d0b611f11a68" testListId="8c84fa94-04c1-424b-9868-57a2d4851a1d" />
    <TestEntry testId="f575eb1a-b8b5-297e-d84a-d80b4bcc735e" executionId="d99a1cf6-e95b-43a6-ac8a-8f39fe184e2b" testListId="8c84fa94-04c1-424b-9868-57a2d4851a1d" />
    <TestEntry testId="cae56e6f-e4be-5805-4dde-7b100421aafc" executionId="9a23e3cc-a84c-4500-b572-0deeb1b004ec" testListId="8c84fa94-04c1-424b-9868-57a2d4851a1d" />
    <TestEntry testId="c49e6358-1ce2-3bf0-0ae0-b7376d80a6e7" executionId="69eefd00-9529-4e6a-b8ad-ea7ba7b6c101" testListId="8c84fa94-04c1-424b-9868-57a2d4851a1d" />
    <TestEntry testId="78a26ed7-f403-963b-1eda-1f927248d510" executionId="5437964e-9200-4095-a2c2-0b0f59a08507" testListId="8c84fa94-04c1-424b-9868-57a2d4851a1d" />
    <TestEntry testId="9b3a9694-22b6-3047-7d91-d1017d394e5f" executionId="704c230f-ec31-4936-9d6e-c25a8ca40568" testListId="8c84fa94-04c1-424b-9868-57a2d4851a1d" />
    <TestEntry testId="700e7cbe-960d-60cd-32ef-44e7740ffe39" executionId="0f7abd27-c5c4-41b5-bdfb-2ed876b5242c" testListId="8c84fa94-04c1-424b-9868-57a2d4851a1d" />
    <TestEntry testId="8272c605-1505-635c-e3b6-4d1e72b29cf6" executionId="cb5c8163-7010-4eb7-87c6-b681d84f8991" testListId="8c84fa94-04c1-424b-9868-57a2d4851a1d" />
    <TestEntry testId="0b9e2526-4a86-131b-b9ad-64a09da48eca" executionId="a3ffa23a-8bcb-4c0b-a920-b8b5963f1f08" testListId="8c84fa94-04c1-424b-9868-57a2d4851a1d" />
    <TestEntry testId="bda33c80-634d-6a3d-6cde-c3b6a8011aa3" executionId="a51ded3d-423c-4ebb-92c0-5bb5c65c0e0c" testListId="8c84fa94-04c1-424b-9868-57a2d4851a1d" />
    <TestEntry testId="3547c79e-df87-f8c9-0d4d-788b9ae8ae07" executionId="91cd8330-cdcc-4ce3-a1b7-b19b80676efe" testListId="8c84fa94-04c1-424b-9868-57a2d4851a1d" />
    <TestEntry testId="01018235-1a08-3550-0e3f-6509e9f43294" executionId="103200d2-ae1d-48ac-8a7d-024c13ef91f1" testListId="8c84fa94-04c1-424b-9868-57a2d4851a1d" />
    <TestEntry testId="7807df50-ee26-0f10-12a0-defbfbd207ff" executionId="5b2c5a5e-41da-46d9-8655-44c71571254d" testListId="8c84fa94-04c1-424b-9868-57a2d4851a1d" />
    <TestEntry testId="a10433b4-2acb-0229-9622-4f9c92f372c7" executionId="5340011c-e20b-4483-854a-705095f3ae43" testListId="8c84fa94-04c1-424b-9868-57a2d4851a1d" />
    <TestEntry testId="fb562c81-19f7-96b5-7936-218b411c64b2" executionId="0d350821-fe0d-4408-93e1-a98d60597845" testListId="8c84fa94-04c1-424b-9868-57a2d4851a1d" />
    <TestEntry testId="954291f9-bb53-8e6f-d113-2223aebc4ced" executionId="50ffb3e9-0fe6-40c3-8f56-d03d28e397d1" testListId="8c84fa94-04c1-424b-9868-57a2d4851a1d" />
    <TestEntry testId="6ea35d0e-126a-2c9b-74ef-805d963f8aff" executionId="a945e606-2569-4801-a21c-2fd07a493f54" testListId="8c84fa94-04c1-424b-9868-57a2d4851a1d" />
    <TestEntry testId="c28a1428-c74d-370f-ac49-7fef8bb41a51" executionId="48bf97ad-a89e-4147-add0-dfd2d05f5bca" testListId="8c84fa94-04c1-424b-9868-57a2d4851a1d" />
    <TestEntry testId="0fd93e47-f838-7881-e7fc-9f31675138e6" executionId="0d0e37ac-21bd-470c-b845-79d736d234be" testListId="8c84fa94-04c1-424b-9868-57a2d4851a1d" />
    <TestEntry testId="cf77f9ce-3e6f-3929-ab8a-9f83fa1db03c" executionId="c51f3284-08bc-44a2-8886-8f66a6b02a03" testListId="8c84fa94-04c1-424b-9868-57a2d4851a1d" />
    <TestEntry testId="c2e29e1d-5632-31ae-7a47-5445bedcef20" executionId="d2e0df94-ca99-4be4-9834-3f681df112e3" testListId="8c84fa94-04c1-424b-9868-57a2d4851a1d" />
    <TestEntry testId="165c08cc-976f-ff8c-9379-726365670953" executionId="744e249d-d8cb-476a-9e17-b7e6d11888ff" testListId="8c84fa94-04c1-424b-9868-57a2d4851a1d" />
    <TestEntry testId="a2c8b2d9-975b-7fcf-0914-5dfa491ac97d" executionId="1ac13984-09f7-45b3-ab02-b0c8e6ae6094" testListId="8c84fa94-04c1-424b-9868-57a2d4851a1d" />
    <TestEntry testId="ba6d3cee-dce1-c57f-76b9-f4f9b2b38e4f" executionId="85ee0ab1-471a-4d0e-95da-83f9fde02d79" testListId="8c84fa94-04c1-424b-9868-57a2d4851a1d" />
    <TestEntry testId="5656d226-c4d2-4f22-52b7-cffc02ccbc31" executionId="ed1036a6-18cf-4f92-b7e5-b275fcaf991a" testListId="8c84fa94-04c1-424b-9868-57a2d4851a1d" />
    <TestEntry testId="48e0f074-5cec-8632-436e-c3d92ae0cc1d" executionId="b7913ce6-36cd-47ee-a438-bf6cb8f42527" testListId="8c84fa94-04c1-424b-9868-57a2d4851a1d" />
    <TestEntry testId="bda94ca0-c4e8-7b6e-c25e-bf8411f4c416" executionId="013fa261-d064-45a9-bfc1-c910a5317ac2" testListId="8c84fa94-04c1-424b-9868-57a2d4851a1d" />
    <TestEntry testId="880ae1af-9a24-c7fe-8c85-3be068763790" executionId="c26ae324-89ec-4592-a5d2-abcbf47d9b31" testListId="8c84fa94-04c1-424b-9868-57a2d4851a1d" />
    <TestEntry testId="4535158a-4ec0-8ddb-e4d3-d2e024c4f620" executionId="07f34304-5401-4cab-bfaf-6557355d3500" testListId="8c84fa94-04c1-424b-9868-57a2d4851a1d" />
    <TestEntry testId="21dfe30b-ff2f-57f2-6e48-7991c9619156" executionId="983c8142-af38-4904-a696-b94ee89229a1" testListId="8c84fa94-04c1-424b-9868-57a2d4851a1d" />
    <TestEntry testId="6261be85-b71d-6580-8241-d8cd83cca7cc" executionId="da03091d-9c0b-4c78-b57b-9f6bd5503196" testListId="8c84fa94-04c1-424b-9868-57a2d4851a1d" />
    <TestEntry testId="6c33c69c-ddf2-c565-8030-e00be6697540" executionId="2b5be41d-df35-487c-b4eb-05380fca93db" testListId="8c84fa94-04c1-424b-9868-57a2d4851a1d" />
  </TestEntries>
  <TestLists>
    <TestList name="Results Not in a List" id="8c84fa94-04c1-424b-9868-57a2d4851a1d" />
    <TestList name="All Loaded Results" id="19431567-8539-422a-85d7-44ee4e166bda" />
  </TestLists>
  <ResultSummary outcome="Completed">
    <Counters total="208" executed="206" passed="206" failed="0" error="0" timeout="0" aborted="0" inconclusive="0" passedButRunAborted="0" notRunnable="0" notExecuted="0" disconnected="0" warning="0" completed="0" inProgress="0" pending="0" />
    <Output>
      <StdOut>[xUnit.net 00:00:00.00] xUnit.net VSTest Adapter v2.5.0.1+5ebf84cd75 (64-bit .NET 8.0.22)&#xD;
[xUnit.net 00:00:00.09]   Discovering: XCli.Tests&#xD;
[xUnit.net 00:00:00.18]   Discovered:  XCli.Tests&#xD;
[xUnit.net 00:00:00.18]   Starting:    XCli.Tests&#xD;
[xUnit.net 00:01:15.54]       Scaffold: add tests to exercise Simulation flows and improve branch coverage.&#xD;
Test 'XCli.Tests.Coverage.SimulationCoverageScaffold.Simulation_Flows_ImproveBranchCoverage' was skipped in the test run.&#xD;
[xUnit.net 00:01:27.06]       Scaffold: add tests to exercise Telemetry command paths and improve branch coverage.&#xD;
Test 'XCli.Tests.Coverage.TelemetryCoverageScaffold.TelemetryCommand_Paths_ImproveBranchCoverage' was skipped in the test run.&#xD;
[x-cli] vitester: success (simulated)&#xD;
[xUnit.net 00:02:02.41]   Finished:    XCli.Tests&#xD;
</StdOut>
    </Output>
    <RunInfos>
      <RunInfo computerName="USAUSLT-Z7DLW6G" outcome="Warning" timestamp="2025-12-05T18:44:44.4593476-08:00">
        <Text>[xUnit.net 00:01:15.54]     XCli.Tests.Coverage.SimulationCoverageScaffold.Simulation_Flows_ImproveBranchCoverage [SKIP]</Text>
      </RunInfo>
      <RunInfo computerName="USAUSLT-Z7DLW6G" outcome="Warning" timestamp="2025-12-05T18:44:55.9810729-08:00">
        <Text>[xUnit.net 00:01:27.06]     XCli.Tests.Coverage.TelemetryCoverageScaffold.TelemetryCommand_Paths_ImproveBranchCoverage [SKIP]</Text>
      </RunInfo>
    </RunInfos>
  </ResultSummary>
</TestRun>